[0.210s] Invoking command in '/root/rosdir/ros2_ws/build/urdf_tutorial': /usr/bin/cmake /root/rosdir/ros2_ws/src/urdf_tutorial -DCATKIN_INSTALL_INTO_PREFIX_ROOT=0 -DCMAKE_INSTALL_PREFIX=/root/rosdir/ros2_ws/install/urdf_tutorial
[1.839s] -- The C compiler identification is GNU 11.2.0
[3.366s] -- The CXX compiler identification is GNU 11.2.0
[3.470s] -- Detecting C compiler ABI info
[5.398s] -- Detecting C compiler ABI info - done
[5.605s] -- Check for working C compiler: /usr/bin/cc - skipped
[5.629s] -- Detecting C compile features
[5.642s] -- Detecting C compile features - done
[5.756s] -- Detecting CXX compiler ABI info
[7.830s] -- Detecting CXX compiler ABI info - done
[7.932s] -- Check for working CXX compiler: /usr/bin/c++ - skipped
[7.941s] -- Detecting CXX compile features
[7.949s] -- Detecting CXX compile features - done
[8.896s] [31mCMake Error at CMakeLists.txt:4 (find_package):
[8.902s]   By not providing "Findcatkin.cmake" in CMAKE_MODULE_PATH this project has
[8.908s]   asked CMake to find a package configuration file provided by "catkin", but
[8.924s]   CMake did not find one.
[8.938s] 
[8.947s]   Could not find a package configuration file provided by "catkin" with any
[8.955s]   of the following names:
[8.963s] 
[8.969s]     catkinConfig.cmake
[8.982s]     catkin-config.cmake
[8.994s] 
[9.038s]   Add the installation prefix of "catkin" to CMAKE_PREFIX_PATH or set
[9.068s]   "catkin_DIR" to a directory containing one of the above files.  If "catkin"
[9.080s]   provides a separate development package or SDK, be sure it has been
[9.096s]   installed.
[9.113s] 
[9.137s] [0m
[9.156s] -- Configuring incomplete, errors occurred!
[9.187s] See also "/root/rosdir/ros2_ws/build/urdf_tutorial/CMakeFiles/CMakeOutput.log".
[9.207s] Invoked command in '/root/rosdir/ros2_ws/build/urdf_tutorial' returned '1': /usr/bin/cmake /root/rosdir/ros2_ws/src/urdf_tutorial -DCATKIN_INSTALL_INTO_PREFIX_ROOT=0 -DCMAKE_INSTALL_PREFIX=/root/rosdir/ros2_ws/install/urdf_tutorial
