[1.058s] DEBUG:colcon:Command line arguments: ['/usr/bin/colcon', 'build', '--symlink-install']
[1.059s] DEBUG:colcon:Parsed command line arguments: Namespace(log_base=None, log_level=None, verb_name='build', build_base='build', install_base='install', merge_install=False, symlink_install=True, test_result_base=None, continue_on_error=False, executor='parallel', parallel_workers=2, event_handlers=None, ignore_user_meta=False, metas=['./colcon.meta'], base_paths=['.'], packages_ignore=None, packages_ignore_regex=None, paths=None, packages_up_to=None, packages_up_to_regex=None, packages_above=None, packages_above_and_dependencies=None, packages_above_depth=None, packages_select_by_dep=None, packages_skip_by_dep=None, packages_skip_up_to=None, packages_select_build_failed=False, packages_skip_build_finished=False, packages_select_test_failures=False, packages_skip_test_passed=False, packages_select=None, packages_skip=None, packages_select_regex=None, packages_skip_regex=None, packages_start=None, packages_end=None, allow_overriding=[], cmake_args=None, cmake_target=None, cmake_target_skip_unavailable=False, cmake_clean_cache=False, cmake_clean_first=False, cmake_force_configure=False, ament_cmake_args=None, catkin_cmake_args=None, catkin_skip_building_tests=False, verb_parser=<colcon_defaults.argument_parser.defaults.DefaultArgumentsDecorator object at 0x7f5f1362f130>, verb_extension=<colcon_core.verb.build.BuildVerb object at 0x7f5f13fd1900>, main=<bound method BuildVerb.main of <colcon_core.verb.build.BuildVerb object at 0x7f5f13fd1900>>)
[1.133s] Level 1:colcon.colcon_core.package_discovery:discover_packages(colcon_meta) check parameters
[1.137s] Level 1:colcon.colcon_core.package_discovery:discover_packages(recursive) check parameters
[1.139s] Level 1:colcon.colcon_core.package_discovery:discover_packages(ignore) check parameters
[1.141s] Level 1:colcon.colcon_core.package_discovery:discover_packages(path) check parameters
[1.143s] Level 1:colcon.colcon_core.package_discovery:discover_packages(colcon_meta) discover
[1.145s] Level 1:colcon.colcon_core.package_discovery:discover_packages(recursive) discover
[1.146s] INFO:colcon.colcon_core.package_discovery:Crawling recursively for packages in '/root/rosdir/ros2_ws'
[1.149s] Level 1:colcon.colcon_core.package_identification:_identify(.) by extensions ['ignore', 'ignore_ament_install']
[1.156s] Level 1:colcon.colcon_core.package_identification:_identify(.) by extension 'ignore'
[1.159s] Level 1:colcon.colcon_core.package_identification:_identify(.) by extension 'ignore_ament_install'
[1.169s] Level 1:colcon.colcon_core.package_identification:_identify(.) by extensions ['colcon_pkg']
[1.171s] Level 1:colcon.colcon_core.package_identification:_identify(.) by extension 'colcon_pkg'
[1.175s] Level 1:colcon.colcon_core.package_identification:_identify(.) by extensions ['colcon_meta']
[1.176s] Level 1:colcon.colcon_core.package_identification:_identify(.) by extension 'colcon_meta'
[1.178s] Level 1:colcon.colcon_core.package_identification:_identify(.) by extensions ['ros']
[1.180s] Level 1:colcon.colcon_core.package_identification:_identify(.) by extension 'ros'
[1.245s] Level 1:colcon.colcon_core.package_identification:_identify(.) by extensions ['cmake', 'python']
[1.247s] Level 1:colcon.colcon_core.package_identification:_identify(.) by extension 'cmake'
[1.252s] Level 1:colcon.colcon_core.package_identification:_identify(.) by extension 'python'
[1.255s] Level 1:colcon.colcon_core.package_identification:_identify(.) by extensions ['python_setup_py']
[1.256s] Level 1:colcon.colcon_core.package_identification:_identify(.) by extension 'python_setup_py'
[1.259s] Level 1:colcon.colcon_core.package_identification:_identify(build) by extensions ['ignore', 'ignore_ament_install']
[1.265s] Level 1:colcon.colcon_core.package_identification:_identify(build) by extension 'ignore'
[1.267s] Level 1:colcon.colcon_core.package_identification:_identify(build) ignored
[1.269s] Level 1:colcon.colcon_core.package_identification:_identify(install) by extensions ['ignore', 'ignore_ament_install']
[1.273s] Level 1:colcon.colcon_core.package_identification:_identify(install) by extension 'ignore'
[1.275s] Level 1:colcon.colcon_core.package_identification:_identify(install) ignored
[1.305s] Level 1:colcon.colcon_core.package_identification:_identify(log) by extensions ['ignore', 'ignore_ament_install']
[1.307s] Level 1:colcon.colcon_core.package_identification:_identify(log) by extension 'ignore'
[1.309s] Level 1:colcon.colcon_core.package_identification:_identify(log) ignored
[1.312s] Level 1:colcon.colcon_core.package_identification:_identify(src) by extensions ['ignore', 'ignore_ament_install']
[1.316s] Level 1:colcon.colcon_core.package_identification:_identify(src) by extension 'ignore'
[1.319s] Level 1:colcon.colcon_core.package_identification:_identify(src) by extension 'ignore_ament_install'
[1.322s] Level 1:colcon.colcon_core.package_identification:_identify(src) by extensions ['colcon_pkg']
[1.324s] Level 1:colcon.colcon_core.package_identification:_identify(src) by extension 'colcon_pkg'
[1.327s] Level 1:colcon.colcon_core.package_identification:_identify(src) by extensions ['colcon_meta']
[1.328s] Level 1:colcon.colcon_core.package_identification:_identify(src) by extension 'colcon_meta'
[1.329s] Level 1:colcon.colcon_core.package_identification:_identify(src) by extensions ['ros']
[1.331s] Level 1:colcon.colcon_core.package_identification:_identify(src) by extension 'ros'
[1.337s] Level 1:colcon.colcon_core.package_identification:_identify(src) by extensions ['cmake', 'python']
[1.339s] Level 1:colcon.colcon_core.package_identification:_identify(src) by extension 'cmake'
[1.343s] Level 1:colcon.colcon_core.package_identification:_identify(src) by extension 'python'
[1.346s] Level 1:colcon.colcon_core.package_identification:_identify(src) by extensions ['python_setup_py']
[1.347s] Level 1:colcon.colcon_core.package_identification:_identify(src) by extension 'python_setup_py'
[1.350s] Level 1:colcon.colcon_core.package_identification:_identify(src/my_package) by extensions ['ignore', 'ignore_ament_install']
[1.352s] Level 1:colcon.colcon_core.package_identification:_identify(src/my_package) by extension 'ignore'
[1.356s] Level 1:colcon.colcon_core.package_identification:_identify(src/my_package) by extension 'ignore_ament_install'
[1.365s] Level 1:colcon.colcon_core.package_identification:_identify(src/my_package) by extensions ['colcon_pkg']
[1.368s] Level 1:colcon.colcon_core.package_identification:_identify(src/my_package) by extension 'colcon_pkg'
[1.371s] Level 1:colcon.colcon_core.package_identification:_identify(src/my_package) by extensions ['colcon_meta']
[1.374s] Level 1:colcon.colcon_core.package_identification:_identify(src/my_package) by extension 'colcon_meta'
[1.376s] Level 1:colcon.colcon_core.package_identification:_identify(src/my_package) by extensions ['ros']
[1.378s] Level 1:colcon.colcon_core.package_identification:_identify(src/my_package) by extension 'ros'
[1.407s] DEBUG:colcon.colcon_core.package_identification:Package 'src/my_package' with type 'ros.ament_cmake' and name 'my_package'
[1.410s] Level 1:colcon.colcon_core.package_identification:_identify(src/sim_1) by extensions ['ignore', 'ignore_ament_install']
[1.413s] Level 1:colcon.colcon_core.package_identification:_identify(src/sim_1) by extension 'ignore'
[1.418s] Level 1:colcon.colcon_core.package_identification:_identify(src/sim_1) by extension 'ignore_ament_install'
[1.422s] Level 1:colcon.colcon_core.package_identification:_identify(src/sim_1) by extensions ['colcon_pkg']
[1.424s] Level 1:colcon.colcon_core.package_identification:_identify(src/sim_1) by extension 'colcon_pkg'
[1.427s] Level 1:colcon.colcon_core.package_identification:_identify(src/sim_1) by extensions ['colcon_meta']
[1.429s] Level 1:colcon.colcon_core.package_identification:_identify(src/sim_1) by extension 'colcon_meta'
[1.434s] Level 1:colcon.colcon_core.package_identification:_identify(src/sim_1) by extensions ['ros']
[1.436s] Level 1:colcon.colcon_core.package_identification:_identify(src/sim_1) by extension 'ros'
[1.446s] DEBUG:colcon.colcon_core.package_identification:Package 'src/sim_1' with type 'ros.ament_cmake' and name 'sim_1'
[1.450s] Level 1:colcon.colcon_core.package_discovery:discover_packages(recursive) using defaults
[1.451s] Level 1:colcon.colcon_core.package_discovery:discover_packages(ignore) discover
[1.452s] Level 1:colcon.colcon_core.package_discovery:discover_packages(ignore) using defaults
[1.454s] Level 1:colcon.colcon_core.package_discovery:discover_packages(path) discover
[1.460s] Level 1:colcon.colcon_core.package_discovery:discover_packages(path) using defaults
[1.549s] Level 1:colcon.colcon_core.package_discovery:discover_packages(prefix_path) check parameters
[1.552s] Level 1:colcon.colcon_core.package_discovery:discover_packages(prefix_path) discover
[1.571s] DEBUG:colcon.colcon_installed_package_information.package_discovery:Found 1 installed packages in /root/basic_mobile_robot/install
[1.588s] DEBUG:colcon.colcon_installed_package_information.package_discovery:Found 352 installed packages in /opt/ros/humble
[1.603s] Level 1:colcon.colcon_core.package_discovery:discover_packages(prefix_path) using defaults
[1.793s] Level 5:colcon.colcon_core.verb:set package 'my_package' build argument 'cmake_args' from command line to 'None'
[1.794s] Level 5:colcon.colcon_core.verb:set package 'my_package' build argument 'cmake_target' from command line to 'None'
[1.796s] Level 5:colcon.colcon_core.verb:set package 'my_package' build argument 'cmake_target_skip_unavailable' from command line to 'False'
[1.798s] Level 5:colcon.colcon_core.verb:set package 'my_package' build argument 'cmake_clean_cache' from command line to 'False'
[1.799s] Level 5:colcon.colcon_core.verb:set package 'my_package' build argument 'cmake_clean_first' from command line to 'False'
[1.800s] Level 5:colcon.colcon_core.verb:set package 'my_package' build argument 'cmake_force_configure' from command line to 'False'
[1.802s] Level 5:colcon.colcon_core.verb:set package 'my_package' build argument 'ament_cmake_args' from command line to 'None'
[1.803s] Level 5:colcon.colcon_core.verb:set package 'my_package' build argument 'catkin_cmake_args' from command line to 'None'
[1.805s] Level 5:colcon.colcon_core.verb:set package 'my_package' build argument 'catkin_skip_building_tests' from command line to 'False'
[1.806s] DEBUG:colcon.colcon_core.verb:Building package 'my_package' with the following arguments: {'ament_cmake_args': None, 'build_base': '/root/rosdir/ros2_ws/build/my_package', 'catkin_cmake_args': None, 'catkin_skip_building_tests': False, 'cmake_args': None, 'cmake_clean_cache': False, 'cmake_clean_first': False, 'cmake_force_configure': False, 'cmake_target': None, 'cmake_target_skip_unavailable': False, 'install_base': '/root/rosdir/ros2_ws/install/my_package', 'merge_install': False, 'path': '/root/rosdir/ros2_ws/src/my_package', 'symlink_install': True, 'test_result_base': None}
[1.810s] Level 5:colcon.colcon_core.verb:set package 'sim_1' build argument 'cmake_args' from command line to 'None'
[1.812s] Level 5:colcon.colcon_core.verb:set package 'sim_1' build argument 'cmake_target' from command line to 'None'
[1.817s] Level 5:colcon.colcon_core.verb:set package 'sim_1' build argument 'cmake_target_skip_unavailable' from command line to 'False'
[1.819s] Level 5:colcon.colcon_core.verb:set package 'sim_1' build argument 'cmake_clean_cache' from command line to 'False'
[1.821s] Level 5:colcon.colcon_core.verb:set package 'sim_1' build argument 'cmake_clean_first' from command line to 'False'
[1.823s] Level 5:colcon.colcon_core.verb:set package 'sim_1' build argument 'cmake_force_configure' from command line to 'False'
[1.825s] Level 5:colcon.colcon_core.verb:set package 'sim_1' build argument 'ament_cmake_args' from command line to 'None'
[1.826s] Level 5:colcon.colcon_core.verb:set package 'sim_1' build argument 'catkin_cmake_args' from command line to 'None'
[1.829s] Level 5:colcon.colcon_core.verb:set package 'sim_1' build argument 'catkin_skip_building_tests' from command line to 'False'
[1.830s] DEBUG:colcon.colcon_core.verb:Building package 'sim_1' with the following arguments: {'ament_cmake_args': None, 'build_base': '/root/rosdir/ros2_ws/build/sim_1', 'catkin_cmake_args': None, 'catkin_skip_building_tests': False, 'cmake_args': None, 'cmake_clean_cache': False, 'cmake_clean_first': False, 'cmake_force_configure': False, 'cmake_target': None, 'cmake_target_skip_unavailable': False, 'install_base': '/root/rosdir/ros2_ws/install/sim_1', 'merge_install': False, 'path': '/root/rosdir/ros2_ws/src/sim_1', 'symlink_install': True, 'test_result_base': None}
[1.838s] INFO:colcon.colcon_core.executor:Executing jobs using 'parallel' executor
[1.855s] DEBUG:colcon.colcon_parallel_executor.executor.parallel:run_until_complete
[1.862s] INFO:colcon.colcon_ros.task.ament_cmake.build:Building ROS package in '/root/rosdir/ros2_ws/src/my_package' with build type 'ament_cmake'
[1.865s] INFO:colcon.colcon_cmake.task.cmake.build:Building CMake package in '/root/rosdir/ros2_ws/src/my_package'
[1.883s] INFO:colcon.colcon_core.plugin_system:Skipping extension 'colcon_core.shell.bat': Not used on non-Windows systems
[1.886s] INFO:colcon.colcon_core.shell:Skip shell extension 'powershell' for command environment: Not usable outside of PowerShell
[1.889s] DEBUG:colcon.colcon_core.shell:Skip shell extension 'dsv' for command environment
[1.926s] INFO:colcon.colcon_ros.task.ament_cmake.build:Building ROS package in '/root/rosdir/ros2_ws/src/sim_1' with build type 'ament_cmake'
[1.928s] INFO:colcon.colcon_cmake.task.cmake.build:Building CMake package in '/root/rosdir/ros2_ws/src/sim_1'
[1.933s] INFO:colcon.colcon_core.shell:Skip shell extension 'powershell' for command environment: Not usable outside of PowerShell
[1.935s] DEBUG:colcon.colcon_core.shell:Skip shell extension 'dsv' for command environment
[2.071s] DEBUG:colcon.colcon_core.event_handler.log_command:Invoking command in '/root/rosdir/ros2_ws/build/my_package': CMAKE_PREFIX_PATH=${CMAKE_PREFIX_PATH}:/opt/ros/humble /usr/bin/cmake /root/rosdir/ros2_ws/src/my_package -DAMENT_CMAKE_SYMLINK_INSTALL=1 -DCMAKE_INSTALL_PREFIX=/root/rosdir/ros2_ws/install/my_package
[2.148s] DEBUG:colcon.colcon_core.event_handler.log_command:Invoking command in '/root/rosdir/ros2_ws/build/sim_1': CMAKE_PREFIX_PATH=${CMAKE_PREFIX_PATH}:/opt/ros/humble /usr/bin/cmake /root/rosdir/ros2_ws/src/sim_1 -DAMENT_CMAKE_SYMLINK_INSTALL=1 -DCMAKE_INSTALL_PREFIX=/root/rosdir/ros2_ws/install/sim_1
[5.253s] DEBUG:colcon.colcon_core.event_handler.log_command:Invoked command in '/root/rosdir/ros2_ws/build/my_package' returned '0': CMAKE_PREFIX_PATH=${CMAKE_PREFIX_PATH}:/opt/ros/humble /usr/bin/cmake /root/rosdir/ros2_ws/src/my_package -DAMENT_CMAKE_SYMLINK_INSTALL=1 -DCMAKE_INSTALL_PREFIX=/root/rosdir/ros2_ws/install/my_package
[5.274s] DEBUG:colcon.colcon_core.event_handler.log_command:Invoking command in '/root/rosdir/ros2_ws/build/my_package': CMAKE_PREFIX_PATH=${CMAKE_PREFIX_PATH}:/opt/ros/humble /usr/bin/cmake --build /root/rosdir/ros2_ws/build/my_package -- -j2 -l2
[5.529s] DEBUG:colcon.colcon_core.event_handler.log_command:Invoked command in '/root/rosdir/ros2_ws/build/sim_1' returned '0': CMAKE_PREFIX_PATH=${CMAKE_PREFIX_PATH}:/opt/ros/humble /usr/bin/cmake /root/rosdir/ros2_ws/src/sim_1 -DAMENT_CMAKE_SYMLINK_INSTALL=1 -DCMAKE_INSTALL_PREFIX=/root/rosdir/ros2_ws/install/sim_1
[5.571s] DEBUG:colcon.colcon_core.event_handler.log_command:Invoking command in '/root/rosdir/ros2_ws/build/sim_1': CMAKE_PREFIX_PATH=${CMAKE_PREFIX_PATH}:/opt/ros/humble /usr/bin/cmake --build /root/rosdir/ros2_ws/build/sim_1 -- -j2 -l2
[5.895s] DEBUG:colcon.colcon_core.event_handler.log_command:Invoked command in '/root/rosdir/ros2_ws/build/sim_1' returned '0': CMAKE_PREFIX_PATH=${CMAKE_PREFIX_PATH}:/opt/ros/humble /usr/bin/cmake --build /root/rosdir/ros2_ws/build/sim_1 -- -j2 -l2
[5.980s] DEBUG:colcon.colcon_core.event_handler.log_command:Invoked command in '/root/rosdir/ros2_ws/build/my_package' returned '0': CMAKE_PREFIX_PATH=${CMAKE_PREFIX_PATH}:/opt/ros/humble /usr/bin/cmake --build /root/rosdir/ros2_ws/build/my_package -- -j2 -l2
[6.100s] DEBUG:colcon.colcon_core.event_handler.log_command:Invoking command in '/root/rosdir/ros2_ws/build/sim_1': CMAKE_PREFIX_PATH=${CMAKE_PREFIX_PATH}:/opt/ros/humble /usr/bin/cmake --install /root/rosdir/ros2_ws/build/sim_1
[6.124s] DEBUG:colcon.colcon_core.event_handler.log_command:Invoking command in '/root/rosdir/ros2_ws/build/my_package': CMAKE_PREFIX_PATH=${CMAKE_PREFIX_PATH}:/opt/ros/humble /usr/bin/cmake --install /root/rosdir/ros2_ws/build/my_package
[6.735s] Level 1:colcon.colcon_core.environment:create_environment_scripts_only(my_package)
[6.794s] DEBUG:colcon.colcon_core.event_handler.log_command:Invoked command in '/root/rosdir/ros2_ws/build/my_package' returned '0': CMAKE_PREFIX_PATH=${CMAKE_PREFIX_PATH}:/opt/ros/humble /usr/bin/cmake --install /root/rosdir/ros2_ws/build/my_package
[6.847s] Level 1:colcon.colcon_core.environment:checking '/root/rosdir/ros2_ws/install/my_package' for CMake module files
[7.095s] Level 1:colcon.colcon_core.environment:checking '/root/rosdir/ros2_ws/install/my_package' for CMake config files
[7.181s] Level 1:colcon.colcon_core.shell:create_environment_hook('my_package', 'cmake_prefix_path')
[7.198s] INFO:colcon.colcon_core.shell:Creating environment hook '/root/rosdir/ros2_ws/install/my_package/share/my_package/hook/cmake_prefix_path.ps1'
[7.229s] INFO:colcon.colcon_core.shell:Creating environment descriptor '/root/rosdir/ros2_ws/install/my_package/share/my_package/hook/cmake_prefix_path.dsv'
[7.246s] INFO:colcon.colcon_core.shell:Creating environment hook '/root/rosdir/ros2_ws/install/my_package/share/my_package/hook/cmake_prefix_path.sh'
[7.263s] Level 1:colcon.colcon_core.environment:checking '/root/rosdir/ros2_ws/install/my_package/lib'
[7.268s] Level 1:colcon.colcon_core.environment:checking '/root/rosdir/ros2_ws/install/my_package/bin'
[7.277s] Level 1:colcon.colcon_core.environment:checking '/root/rosdir/ros2_ws/install/my_package/lib/pkgconfig/my_package.pc'
[7.289s] Level 1:colcon.colcon_core.environment:checking '/root/rosdir/ros2_ws/install/my_package/lib/python3.10/site-packages'
[7.296s] Level 1:colcon.colcon_core.environment:checking '/root/rosdir/ros2_ws/install/my_package/bin'
[7.332s] INFO:colcon.colcon_core.shell:Creating package script '/root/rosdir/ros2_ws/install/my_package/share/my_package/package.ps1'
[7.367s] INFO:colcon.colcon_core.shell:Creating package descriptor '/root/rosdir/ros2_ws/install/my_package/share/my_package/package.dsv'
[7.388s] INFO:colcon.colcon_core.shell:Creating package script '/root/rosdir/ros2_ws/install/my_package/share/my_package/package.sh'
[7.418s] INFO:colcon.colcon_core.shell:Creating package script '/root/rosdir/ros2_ws/install/my_package/share/my_package/package.bash'
[7.455s] INFO:colcon.colcon_core.shell:Creating package script '/root/rosdir/ros2_ws/install/my_package/share/my_package/package.zsh'
[7.467s] Level 1:colcon.colcon_core.environment:create_file_with_runtime_dependencies(/root/rosdir/ros2_ws/install/my_package/share/colcon-core/packages/my_package)
[7.900s] Level 1:colcon.colcon_core.environment:create_environment_scripts_only(my_package)
[7.932s] Level 1:colcon.colcon_core.environment:checking '/root/rosdir/ros2_ws/install/my_package' for CMake module files
[8.039s] Level 1:colcon.colcon_core.environment:checking '/root/rosdir/ros2_ws/install/my_package' for CMake config files
[8.086s] Level 1:colcon.colcon_core.shell:create_environment_hook('my_package', 'cmake_prefix_path')
[8.098s] INFO:colcon.colcon_core.shell:Creating environment hook '/root/rosdir/ros2_ws/install/my_package/share/my_package/hook/cmake_prefix_path.ps1'
[8.145s] INFO:colcon.colcon_core.shell:Creating environment descriptor '/root/rosdir/ros2_ws/install/my_package/share/my_package/hook/cmake_prefix_path.dsv'
[8.159s] INFO:colcon.colcon_core.shell:Creating environment hook '/root/rosdir/ros2_ws/install/my_package/share/my_package/hook/cmake_prefix_path.sh'
[8.185s] Level 1:colcon.colcon_core.environment:checking '/root/rosdir/ros2_ws/install/my_package/lib'
[8.189s] Level 1:colcon.colcon_core.environment:checking '/root/rosdir/ros2_ws/install/my_package/bin'
[8.203s] Level 1:colcon.colcon_core.environment:checking '/root/rosdir/ros2_ws/install/my_package/lib/pkgconfig/my_package.pc'
[8.222s] Level 1:colcon.colcon_core.environment:checking '/root/rosdir/ros2_ws/install/my_package/lib/python3.10/site-packages'
[8.227s] Level 1:colcon.colcon_core.environment:checking '/root/rosdir/ros2_ws/install/my_package/bin'
[8.238s] INFO:colcon.colcon_core.shell:Creating package script '/root/rosdir/ros2_ws/install/my_package/share/my_package/package.ps1'
[8.284s] INFO:colcon.colcon_core.shell:Creating package descriptor '/root/rosdir/ros2_ws/install/my_package/share/my_package/package.dsv'
[8.315s] INFO:colcon.colcon_core.shell:Creating package script '/root/rosdir/ros2_ws/install/my_package/share/my_package/package.sh'
[8.329s] INFO:colcon.colcon_core.shell:Creating package script '/root/rosdir/ros2_ws/install/my_package/share/my_package/package.bash'
[8.339s] INFO:colcon.colcon_core.shell:Creating package script '/root/rosdir/ros2_ws/install/my_package/share/my_package/package.zsh'
[8.352s] Level 1:colcon.colcon_core.environment:create_file_with_runtime_dependencies(/root/rosdir/ros2_ws/install/my_package/share/colcon-core/packages/my_package)
[8.447s] Level 1:colcon.colcon_core.environment:create_environment_scripts_only(sim_1)
[8.462s] Level 1:colcon.colcon_core.environment:checking '/root/rosdir/ros2_ws/install/sim_1' for CMake module files
[8.463s] DEBUG:colcon.colcon_core.event_handler.log_command:Invoked command in '/root/rosdir/ros2_ws/build/sim_1' returned '0': CMAKE_PREFIX_PATH=${CMAKE_PREFIX_PATH}:/opt/ros/humble /usr/bin/cmake --install /root/rosdir/ros2_ws/build/sim_1
[8.518s] Level 1:colcon.colcon_core.environment:checking '/root/rosdir/ros2_ws/install/sim_1' for CMake config files
[8.536s] Level 1:colcon.colcon_core.shell:create_environment_hook('sim_1', 'cmake_prefix_path')
[8.541s] INFO:colcon.colcon_core.shell:Creating environment hook '/root/rosdir/ros2_ws/install/sim_1/share/sim_1/hook/cmake_prefix_path.ps1'
[8.549s] INFO:colcon.colcon_core.shell:Creating environment descriptor '/root/rosdir/ros2_ws/install/sim_1/share/sim_1/hook/cmake_prefix_path.dsv'
[8.557s] INFO:colcon.colcon_core.shell:Creating environment hook '/root/rosdir/ros2_ws/install/sim_1/share/sim_1/hook/cmake_prefix_path.sh'
[8.566s] Level 1:colcon.colcon_core.environment:checking '/root/rosdir/ros2_ws/install/sim_1/bin'
[8.572s] Level 1:colcon.colcon_core.environment:checking '/root/rosdir/ros2_ws/install/sim_1/lib/pkgconfig/sim_1.pc'
[8.576s] Level 1:colcon.colcon_core.environment:checking '/root/rosdir/ros2_ws/install/sim_1/lib/python3.10/site-packages'
[8.581s] Level 1:colcon.colcon_core.environment:checking '/root/rosdir/ros2_ws/install/sim_1/bin'
[8.587s] INFO:colcon.colcon_core.shell:Creating package script '/root/rosdir/ros2_ws/install/sim_1/share/sim_1/package.ps1'
[8.595s] INFO:colcon.colcon_core.shell:Creating package descriptor '/root/rosdir/ros2_ws/install/sim_1/share/sim_1/package.dsv'
[8.605s] INFO:colcon.colcon_core.shell:Creating package script '/root/rosdir/ros2_ws/install/sim_1/share/sim_1/package.sh'
[8.616s] INFO:colcon.colcon_core.shell:Creating package script '/root/rosdir/ros2_ws/install/sim_1/share/sim_1/package.bash'
[8.624s] INFO:colcon.colcon_core.shell:Creating package script '/root/rosdir/ros2_ws/install/sim_1/share/sim_1/package.zsh'
[8.632s] Level 1:colcon.colcon_core.environment:create_file_with_runtime_dependencies(/root/rosdir/ros2_ws/install/sim_1/share/colcon-core/packages/sim_1)
[8.740s] Level 1:colcon.colcon_core.environment:create_environment_scripts_only(sim_1)
[8.749s] Level 1:colcon.colcon_core.environment:checking '/root/rosdir/ros2_ws/install/sim_1' for CMake module files
[8.813s] Level 1:colcon.colcon_core.environment:checking '/root/rosdir/ros2_ws/install/sim_1' for CMake config files
[8.837s] Level 1:colcon.colcon_core.shell:create_environment_hook('sim_1', 'cmake_prefix_path')
[8.841s] INFO:colcon.colcon_core.shell:Creating environment hook '/root/rosdir/ros2_ws/install/sim_1/share/sim_1/hook/cmake_prefix_path.ps1'
[8.856s] INFO:colcon.colcon_core.shell:Creating environment descriptor '/root/rosdir/ros2_ws/install/sim_1/share/sim_1/hook/cmake_prefix_path.dsv'
[8.866s] INFO:colcon.colcon_core.shell:Creating environment hook '/root/rosdir/ros2_ws/install/sim_1/share/sim_1/hook/cmake_prefix_path.sh'
[8.877s] Level 1:colcon.colcon_core.environment:checking '/root/rosdir/ros2_ws/install/sim_1/bin'
[8.881s] Level 1:colcon.colcon_core.environment:checking '/root/rosdir/ros2_ws/install/sim_1/lib/pkgconfig/sim_1.pc'
[8.885s] Level 1:colcon.colcon_core.environment:checking '/root/rosdir/ros2_ws/install/sim_1/lib/python3.10/site-packages'
[8.889s] Level 1:colcon.colcon_core.environment:checking '/root/rosdir/ros2_ws/install/sim_1/bin'
[8.895s] INFO:colcon.colcon_core.shell:Creating package script '/root/rosdir/ros2_ws/install/sim_1/share/sim_1/package.ps1'
[8.901s] INFO:colcon.colcon_core.shell:Creating package descriptor '/root/rosdir/ros2_ws/install/sim_1/share/sim_1/package.dsv'
[8.911s] INFO:colcon.colcon_core.shell:Creating package script '/root/rosdir/ros2_ws/install/sim_1/share/sim_1/package.sh'
[8.921s] INFO:colcon.colcon_core.shell:Creating package script '/root/rosdir/ros2_ws/install/sim_1/share/sim_1/package.bash'
[8.931s] INFO:colcon.colcon_core.shell:Creating package script '/root/rosdir/ros2_ws/install/sim_1/share/sim_1/package.zsh'
[8.940s] Level 1:colcon.colcon_core.environment:create_file_with_runtime_dependencies(/root/rosdir/ros2_ws/install/sim_1/share/colcon-core/packages/sim_1)
[8.946s] DEBUG:colcon.colcon_parallel_executor.executor.parallel:closing loop
[8.951s] DEBUG:colcon.colcon_parallel_executor.executor.parallel:loop closed
[8.954s] DEBUG:colcon.colcon_parallel_executor.executor.parallel:run_until_complete finished with '0'
[8.958s] DEBUG:colcon.colcon_core.event_reactor:joining thread
[9.017s] INFO:colcon.colcon_core.plugin_system:Skipping extension 'colcon_notification.desktop_notification.notify_send': Could not find 'notify-send'
[9.019s] INFO:colcon.colcon_core.plugin_system:Skipping extension 'colcon_notification.desktop_notification.terminal_notifier': Not used on non-Darwin systems
[9.022s] INFO:colcon.colcon_core.plugin_system:Skipping extension 'colcon_notification.desktop_notification.win32': Not used on non-Windows systems
[9.025s] INFO:colcon.colcon_notification.desktop_notification:Sending desktop notification using 'notify2'
[9.074s] DEBUG:colcon.colcon_notification.desktop_notification.notify2:Failed to initialize notify2: org.freedesktop.DBus.Error.ServiceUnknown: The name org.freedesktop.Notifications was not provided by any .service files
[9.089s] DEBUG:colcon.colcon_core.event_reactor:joined thread
[9.132s] INFO:colcon.colcon_core.shell:Creating prefix script '/root/rosdir/ros2_ws/install/local_setup.ps1'
[9.167s] INFO:colcon.colcon_core.shell:Creating prefix util module '/root/rosdir/ros2_ws/install/_local_setup_util_ps1.py'
[9.210s] INFO:colcon.colcon_core.shell:Creating prefix chain script '/root/rosdir/ros2_ws/install/setup.ps1'
[9.254s] INFO:colcon.colcon_core.shell:Creating prefix script '/root/rosdir/ros2_ws/install/local_setup.sh'
[9.308s] INFO:colcon.colcon_core.shell:Creating prefix util module '/root/rosdir/ros2_ws/install/_local_setup_util_sh.py'
[9.335s] INFO:colcon.colcon_core.shell:Creating prefix chain script '/root/rosdir/ros2_ws/install/setup.sh'
[9.359s] INFO:colcon.colcon_core.shell:Creating prefix script '/root/rosdir/ros2_ws/install/local_setup.bash'
[9.370s] INFO:colcon.colcon_core.shell:Creating prefix chain script '/root/rosdir/ros2_ws/install/setup.bash'
[9.386s] INFO:colcon.colcon_core.shell:Creating prefix script '/root/rosdir/ros2_ws/install/local_setup.zsh'
[9.401s] INFO:colcon.colcon_core.shell:Creating prefix chain script '/root/rosdir/ros2_ws/install/setup.zsh'
