[0.327s] Invoking command in '/root/rosdir/ros2_ws/build/rover_descrip': CMAKE_PREFIX_PATH=${CMAKE_PREFIX_PATH}:/opt/ros/humble /usr/bin/cmake --build /root/rosdir/ros2_ws/build/rover_descrip -- -j2 -l2
[1.270s] Invoked command in '/root/rosdir/ros2_ws/build/rover_descrip' returned '0': CMAKE_PREFIX_PATH=${CMAKE_PREFIX_PATH}:/opt/ros/humble /usr/bin/cmake --build /root/rosdir/ros2_ws/build/rover_descrip -- -j2 -l2
[1.420s] Invoking command in '/root/rosdir/ros2_ws/build/rover_descrip': CMAKE_PREFIX_PATH=${CMAKE_PREFIX_PATH}:/opt/ros/humble /usr/bin/cmake --install /root/rosdir/ros2_ws/build/rover_descrip
[1.468s] -- Install configuration: ""
[1.494s] -- Execute custom install script
[1.525s] -- Up-to-date symlink: /root/rosdir/ros2_ws/install/rover_descrip/share/ament_index/resource_index/package_run_dependencies/rover_descrip
[1.549s] -- Up-to-date symlink: /root/rosdir/ros2_ws/install/rover_descrip/share/ament_index/resource_index/parent_prefix_path/rover_descrip
[1.566s] -- Up-to-date symlink: /root/rosdir/ros2_ws/install/rover_descrip/share/rover_descrip/environment/ament_prefix_path.sh
[1.578s] -- Up-to-date symlink: /root/rosdir/ros2_ws/install/rover_descrip/share/rover_descrip/environment/ament_prefix_path.dsv
[1.591s] -- Up-to-date symlink: /root/rosdir/ros2_ws/install/rover_descrip/share/rover_descrip/environment/path.sh
[1.605s] -- Up-to-date symlink: /root/rosdir/ros2_ws/install/rover_descrip/share/rover_descrip/environment/path.dsv
[1.622s] -- Up-to-date symlink: /root/rosdir/ros2_ws/install/rover_descrip/share/rover_descrip/local_setup.bash
[1.633s] -- Up-to-date symlink: /root/rosdir/ros2_ws/install/rover_descrip/share/rover_descrip/local_setup.sh
[1.645s] -- Up-to-date symlink: /root/rosdir/ros2_ws/install/rover_descrip/share/rover_descrip/local_setup.zsh
[1.665s] -- Up-to-date symlink: /root/rosdir/ros2_ws/install/rover_descrip/share/rover_descrip/local_setup.dsv
[1.682s] -- Symlinking: /root/rosdir/ros2_ws/install/rover_descrip/share/rover_descrip/package.dsv
[1.782s] -- Up-to-date symlink: /root/rosdir/ros2_ws/install/rover_descrip/share/ament_index/resource_index/packages/rover_descrip
[1.795s] -- Up-to-date symlink: /root/rosdir/ros2_ws/install/rover_descrip/share/rover_descrip/cmake/rover_descripConfig.cmake
[1.818s] -- Up-to-date symlink: /root/rosdir/ros2_ws/install/rover_descrip/share/rover_descrip/cmake/rover_descripConfig-version.cmake
[1.833s] -- Up-to-date symlink: /root/rosdir/ros2_ws/install/rover_descrip/share/rover_descrip/package.xml
[1.847s] Invoked command in '/root/rosdir/ros2_ws/build/rover_descrip' returned '0': CMAKE_PREFIX_PATH=${CMAKE_PREFIX_PATH}:/opt/ros/humble /usr/bin/cmake --install /root/rosdir/ros2_ws/build/rover_descrip
