[0.232s] Invoking command in '/root/rosdir/ros2_ws/build/my_package': CMAKE_PREFIX_PATH=${CMAKE_PREFIX_PATH}:/opt/ros/humble /usr/bin/cmake --build /root/rosdir/ros2_ws/build/my_package -- -j2 -l2
[1.323s] [100%] Built target my_node
[1.427s] Invoked command in '/root/rosdir/ros2_ws/build/my_package' returned '0': CMAKE_PREFIX_PATH=${CMAKE_PREFIX_PATH}:/opt/ros/humble /usr/bin/cmake --build /root/rosdir/ros2_ws/build/my_package -- -j2 -l2
[1.717s] Invoking command in '/root/rosdir/ros2_ws/build/my_package': CMAKE_PREFIX_PATH=${CMAKE_PREFIX_PATH}:/opt/ros/humble /usr/bin/cmake --install /root/rosdir/ros2_ws/build/my_package
[1.807s] -- Install configuration: ""
[1.831s] -- Execute custom install script
[1.856s] -- Up-to-date symlink: /root/rosdir/ros2_ws/install/my_package/lib/my_package/my_node
[1.874s] -- Up-to-date symlink: /root/rosdir/ros2_ws/install/my_package/share/ament_index/resource_index/package_run_dependencies/my_package
[1.893s] -- Up-to-date symlink: /root/rosdir/ros2_ws/install/my_package/share/ament_index/resource_index/parent_prefix_path/my_package
[1.913s] -- Up-to-date symlink: /root/rosdir/ros2_ws/install/my_package/share/my_package/environment/ament_prefix_path.sh
[1.931s] -- Up-to-date symlink: /root/rosdir/ros2_ws/install/my_package/share/my_package/environment/ament_prefix_path.dsv
[1.945s] -- Up-to-date symlink: /root/rosdir/ros2_ws/install/my_package/share/my_package/environment/path.sh
[1.964s] -- Up-to-date symlink: /root/rosdir/ros2_ws/install/my_package/share/my_package/environment/path.dsv
[1.976s] -- Up-to-date symlink: /root/rosdir/ros2_ws/install/my_package/share/my_package/local_setup.bash
[1.997s] -- Up-to-date symlink: /root/rosdir/ros2_ws/install/my_package/share/my_package/local_setup.sh
[2.011s] -- Up-to-date symlink: /root/rosdir/ros2_ws/install/my_package/share/my_package/local_setup.zsh
[2.040s] -- Up-to-date symlink: /root/rosdir/ros2_ws/install/my_package/share/my_package/local_setup.dsv
[2.068s] -- Symlinking: /root/rosdir/ros2_ws/install/my_package/share/my_package/package.dsv
[2.204s] -- Up-to-date symlink: /root/rosdir/ros2_ws/install/my_package/share/ament_index/resource_index/packages/my_package
[2.260s] -- Up-to-date symlink: /root/rosdir/ros2_ws/install/my_package/share/my_package/cmake/my_packageConfig.cmake
[2.300s] -- Up-to-date symlink: /root/rosdir/ros2_ws/install/my_package/share/my_package/cmake/my_packageConfig-version.cmake
[2.328s] -- Up-to-date symlink: /root/rosdir/ros2_ws/install/my_package/share/my_package/package.xml
[2.355s] Invoked command in '/root/rosdir/ros2_ws/build/my_package' returned '0': CMAKE_PREFIX_PATH=${CMAKE_PREFIX_PATH}:/opt/ros/humble /usr/bin/cmake --install /root/rosdir/ros2_ws/build/my_package
