-- Found ament_cmake: 1.3.2 (/opt/ros/humble/share/ament_cmake/cmake)
-- Override CMake install command with custom implementation using symlinks instead of copying resources
-- Found ament_lint_auto: 0.12.4 (/opt/ros/humble/share/ament_lint_auto/cmake)
-- Added test 'cppcheck' to perform static code analysis on C / C++ code
-- Configured cppcheck include dirs: $<BUILD_INTERFACE:/root/rosdir/ros2_ws/src/my_package/include>
-- Configured cppcheck exclude dirs and/or files: 
-- Added test 'lint_cmake' to check CMake code style
-- Added test 'uncrustify' to check C / C++ code style
-- Configured uncrustify additional arguments: 
-- Added test 'xmllint' to check XML markup files
-- Configuring done
-- Generating done
-- Build files have been written to: /root/rosdir/ros2_ws/build/my_package
[35m[1mConsolidate compiler generated dependencies of target my_node[0m
[100%] Built target my_node
-- Install configuration: ""
-- Execute custom install script
-- Up-to-date symlink: /root/rosdir/ros2_ws/install/my_package/lib/my_package/my_node
-- Up-to-date symlink: /root/rosdir/ros2_ws/install/my_package/share/ament_index/resource_index/package_run_dependencies/my_package
-- Up-to-date symlink: /root/rosdir/ros2_ws/install/my_package/share/ament_index/resource_index/parent_prefix_path/my_package
-- Up-to-date symlink: /root/rosdir/ros2_ws/install/my_package/share/my_package/environment/ament_prefix_path.sh
-- Up-to-date symlink: /root/rosdir/ros2_ws/install/my_package/share/my_package/environment/ament_prefix_path.dsv
-- Up-to-date symlink: /root/rosdir/ros2_ws/install/my_package/share/my_package/environment/path.sh
-- Up-to-date symlink: /root/rosdir/ros2_ws/install/my_package/share/my_package/environment/path.dsv
-- Up-to-date symlink: /root/rosdir/ros2_ws/install/my_package/share/my_package/local_setup.bash
-- Up-to-date symlink: /root/rosdir/ros2_ws/install/my_package/share/my_package/local_setup.sh
-- Up-to-date symlink: /root/rosdir/ros2_ws/install/my_package/share/my_package/local_setup.zsh
-- Up-to-date symlink: /root/rosdir/ros2_ws/install/my_package/share/my_package/local_setup.dsv
-- Symlinking: /root/rosdir/ros2_ws/install/my_package/share/my_package/package.dsv
-- Up-to-date symlink: /root/rosdir/ros2_ws/install/my_package/share/ament_index/resource_index/packages/my_package
-- Up-to-date symlink: /root/rosdir/ros2_ws/install/my_package/share/my_package/cmake/my_packageConfig.cmake
-- Up-to-date symlink: /root/rosdir/ros2_ws/install/my_package/share/my_package/cmake/my_packageConfig-version.cmake
-- Up-to-date symlink: /root/rosdir/ros2_ws/install/my_package/share/my_package/package.xml
