[0.175s] Invoking command in '/root/rosdir/ros2_ws/build/my_package': CMAKE_PREFIX_PATH=${CMAKE_PREFIX_PATH}:/opt/ros/humble /usr/bin/cmake /root/rosdir/ros2_ws/src/my_package -DAMENT_CMAKE_SYMLINK_INSTALL=1 -DCMAKE_INSTALL_PREFIX=/root/rosdir/ros2_ws/install/my_package
[0.380s] -- Found ament_cmake: 1.3.2 (/opt/ros/humble/share/ament_cmake/cmake)
[1.004s] -- Override CMake install command with custom implementation using symlinks instead of copying resources
[1.190s] -- Found ament_lint_auto: 0.12.4 (/opt/ros/humble/share/ament_lint_auto/cmake)
[1.827s] -- Added test 'cppcheck' to perform static code analysis on C / C++ code
[1.840s] -- Configured cppcheck include dirs: $<BUILD_INTERFACE:/root/rosdir/ros2_ws/src/my_package/include>
[1.848s] -- Configured cppcheck exclude dirs and/or files: 
[1.881s] -- Added test 'lint_cmake' to check CMake code style
[1.892s] -- Added test 'uncrustify' to check C / C++ code style
[1.906s] -- Configured uncrustify additional arguments: 
[1.918s] -- Added test 'xmllint' to check XML markup files
[2.012s] -- Configuring done
[3.053s] -- Generating done
[3.333s] -- Build files have been written to: /root/rosdir/ros2_ws/build/my_package
[3.348s] Invoked command in '/root/rosdir/ros2_ws/build/my_package' returned '0': CMAKE_PREFIX_PATH=${CMAKE_PREFIX_PATH}:/opt/ros/humble /usr/bin/cmake /root/rosdir/ros2_ws/src/my_package -DAMENT_CMAKE_SYMLINK_INSTALL=1 -DCMAKE_INSTALL_PREFIX=/root/rosdir/ros2_ws/install/my_package
[3.379s] Invoking command in '/root/rosdir/ros2_ws/build/my_package': CMAKE_PREFIX_PATH=${CMAKE_PREFIX_PATH}:/opt/ros/humble /usr/bin/cmake --build /root/rosdir/ros2_ws/build/my_package -- -j2 -l2
[3.761s] [35m[1mConsolidate compiler generated dependencies of target my_node[0m
[4.019s] [100%] Built target my_node
[4.085s] Invoked command in '/root/rosdir/ros2_ws/build/my_package' returned '0': CMAKE_PREFIX_PATH=${CMAKE_PREFIX_PATH}:/opt/ros/humble /usr/bin/cmake --build /root/rosdir/ros2_ws/build/my_package -- -j2 -l2
[4.230s] Invoking command in '/root/rosdir/ros2_ws/build/my_package': CMAKE_PREFIX_PATH=${CMAKE_PREFIX_PATH}:/opt/ros/humble /usr/bin/cmake --install /root/rosdir/ros2_ws/build/my_package
[4.268s] -- Install configuration: ""
[4.287s] -- Execute custom install script
[4.316s] -- Up-to-date symlink: /root/rosdir/ros2_ws/install/my_package/lib/my_package/my_node
[4.340s] -- Up-to-date symlink: /root/rosdir/ros2_ws/install/my_package/share/ament_index/resource_index/package_run_dependencies/my_package
[4.360s] -- Up-to-date symlink: /root/rosdir/ros2_ws/install/my_package/share/ament_index/resource_index/parent_prefix_path/my_package
[4.387s] -- Up-to-date symlink: /root/rosdir/ros2_ws/install/my_package/share/my_package/environment/ament_prefix_path.sh
[4.414s] -- Up-to-date symlink: /root/rosdir/ros2_ws/install/my_package/share/my_package/environment/ament_prefix_path.dsv
[4.441s] -- Up-to-date symlink: /root/rosdir/ros2_ws/install/my_package/share/my_package/environment/path.sh
[4.449s] -- Up-to-date symlink: /root/rosdir/ros2_ws/install/my_package/share/my_package/environment/path.dsv
[4.475s] -- Up-to-date symlink: /root/rosdir/ros2_ws/install/my_package/share/my_package/local_setup.bash
[4.489s] -- Up-to-date symlink: /root/rosdir/ros2_ws/install/my_package/share/my_package/local_setup.sh
[4.503s] -- Up-to-date symlink: /root/rosdir/ros2_ws/install/my_package/share/my_package/local_setup.zsh
[4.518s] -- Up-to-date symlink: /root/rosdir/ros2_ws/install/my_package/share/my_package/local_setup.dsv
[4.531s] -- Symlinking: /root/rosdir/ros2_ws/install/my_package/share/my_package/package.dsv
[4.699s] -- Up-to-date symlink: /root/rosdir/ros2_ws/install/my_package/share/ament_index/resource_index/packages/my_package
[4.813s] -- Up-to-date symlink: /root/rosdir/ros2_ws/install/my_package/share/my_package/cmake/my_packageConfig.cmake
[4.829s] -- Up-to-date symlink: /root/rosdir/ros2_ws/install/my_package/share/my_package/cmake/my_packageConfig-version.cmake
[4.838s] -- Up-to-date symlink: /root/rosdir/ros2_ws/install/my_package/share/my_package/package.xml
[4.885s] Invoked command in '/root/rosdir/ros2_ws/build/my_package' returned '0': CMAKE_PREFIX_PATH=${CMAKE_PREFIX_PATH}:/opt/ros/humble /usr/bin/cmake --install /root/rosdir/ros2_ws/build/my_package
