[0.329s] Invoking command in '/root/rosdir/ros2_ws/build/sim_1': CMAKE_PREFIX_PATH=${CMAKE_PREFIX_PATH}:/opt/ros/humble /usr/bin/cmake --build /root/rosdir/ros2_ws/build/sim_1 -- -j2 -l2
[0.733s] Invoked command in '/root/rosdir/ros2_ws/build/sim_1' returned '0': CMAKE_PREFIX_PATH=${CMAKE_PREFIX_PATH}:/opt/ros/humble /usr/bin/cmake --build /root/rosdir/ros2_ws/build/sim_1 -- -j2 -l2
[1.046s] Invoking command in '/root/rosdir/ros2_ws/build/sim_1': CMAKE_PREFIX_PATH=${CMAKE_PREFIX_PATH}:/opt/ros/humble /usr/bin/cmake --install /root/rosdir/ros2_ws/build/sim_1
[1.080s] -- Install configuration: ""
[1.120s] -- Execute custom install script
[1.171s] -- Up-to-date symlink: /root/rosdir/ros2_ws/install/sim_1/share/ament_index/resource_index/package_run_dependencies/sim_1
[1.181s] -- Up-to-date symlink: /root/rosdir/ros2_ws/install/sim_1/share/ament_index/resource_index/parent_prefix_path/sim_1
[1.191s] -- Up-to-date symlink: /root/rosdir/ros2_ws/install/sim_1/share/sim_1/environment/ament_prefix_path.sh
[1.206s] -- Up-to-date symlink: /root/rosdir/ros2_ws/install/sim_1/share/sim_1/environment/ament_prefix_path.dsv
[1.270s] -- Up-to-date symlink: /root/rosdir/ros2_ws/install/sim_1/share/sim_1/environment/path.sh
[1.286s] -- Up-to-date symlink: /root/rosdir/ros2_ws/install/sim_1/share/sim_1/environment/path.dsv
[1.331s] -- Up-to-date symlink: /root/rosdir/ros2_ws/install/sim_1/share/sim_1/local_setup.bash
[1.346s] -- Up-to-date symlink: /root/rosdir/ros2_ws/install/sim_1/share/sim_1/local_setup.sh
[1.371s] -- Up-to-date symlink: /root/rosdir/ros2_ws/install/sim_1/share/sim_1/local_setup.zsh
[1.419s] -- Up-to-date symlink: /root/rosdir/ros2_ws/install/sim_1/share/sim_1/local_setup.dsv
[1.456s] -- Symlinking: /root/rosdir/ros2_ws/install/sim_1/share/sim_1/package.dsv
[1.538s] -- Up-to-date symlink: /root/rosdir/ros2_ws/install/sim_1/share/ament_index/resource_index/packages/sim_1
[1.554s] -- Up-to-date symlink: /root/rosdir/ros2_ws/install/sim_1/share/sim_1/cmake/sim_1Config.cmake
[1.560s] -- Up-to-date symlink: /root/rosdir/ros2_ws/install/sim_1/share/sim_1/cmake/sim_1Config-version.cmake
[1.567s] -- Up-to-date symlink: /root/rosdir/ros2_ws/install/sim_1/share/sim_1/package.xml
[1.579s] -- Up-to-date symlink: /root/rosdir/ros2_ws/install/sim_1/share/sim_1/launch/robo.launch
[1.598s] -- Up-to-date symlink: /root/rosdir/ros2_ws/install/sim_1/share/sim_1/launch/robo.launch.py
[1.913s] -- Up-to-date symlink: /root/rosdir/ros2_ws/install/sim_1/share/sim_1/models/.DS_Store
[1.927s] -- Up-to-date symlink: /root/rosdir/ros2_ws/install/sim_1/share/sim_1/models/lc_bookshelf/.DS_Store
[1.947s] -- Up-to-date symlink: /root/rosdir/ros2_ws/install/sim_1/share/sim_1/models/lc_bookshelf/lc_bookshelf.sdf
[1.966s] -- Up-to-date symlink: /root/rosdir/ros2_ws/install/sim_1/share/sim_1/models/lc_bookshelf/materials/.DS_Store
[1.977s] -- Up-to-date symlink: /root/rosdir/ros2_ws/install/sim_1/share/sim_1/models/lc_bookshelf/materials/scripts/bookshelf.material
[1.990s] -- Up-to-date symlink: /root/rosdir/ros2_ws/install/sim_1/share/sim_1/models/lc_bookshelf/materials/textures/bookshelf.png
[2.005s] -- Up-to-date symlink: /root/rosdir/ros2_ws/install/sim_1/share/sim_1/models/lc_bookshelf/meshes/bookshelf.dae
[2.039s] -- Up-to-date symlink: /root/rosdir/ros2_ws/install/sim_1/share/sim_1/models/lc_bookshelf/model.config
[2.090s] -- Up-to-date symlink: /root/rosdir/ros2_ws/install/sim_1/share/sim_1/models/lc_cabinet/.DS_Store
[2.109s] -- Up-to-date symlink: /root/rosdir/ros2_ws/install/sim_1/share/sim_1/models/lc_cabinet/lc_cabinet.sdf
[2.128s] -- Up-to-date symlink: /root/rosdir/ros2_ws/install/sim_1/share/sim_1/models/lc_cabinet/materials/.DS_Store
[2.133s] -- Up-to-date symlink: /root/rosdir/ros2_ws/install/sim_1/share/sim_1/models/lc_cabinet/materials/scripts/cabinet.material
[2.146s] -- Up-to-date symlink: /root/rosdir/ros2_ws/install/sim_1/share/sim_1/models/lc_cabinet/materials/textures/cabinet.png
[2.166s] -- Up-to-date symlink: /root/rosdir/ros2_ws/install/sim_1/share/sim_1/models/lc_cabinet/meshes/cabinet.dae
[2.182s] -- Up-to-date symlink: /root/rosdir/ros2_ws/install/sim_1/share/sim_1/models/lc_cabinet/model.config
[2.208s] -- Up-to-date symlink: /root/rosdir/ros2_ws/install/sim_1/share/sim_1/models/lc_can/.DS_Store
[2.217s] -- Up-to-date symlink: /root/rosdir/ros2_ws/install/sim_1/share/sim_1/models/lc_can/lc_can.sdf
[2.226s] -- Up-to-date symlink: /root/rosdir/ros2_ws/install/sim_1/share/sim_1/models/lc_can/materials/.DS_Store
[2.247s] -- Up-to-date symlink: /root/rosdir/ros2_ws/install/sim_1/share/sim_1/models/lc_can/materials/scripts/can.material
[2.257s] -- Up-to-date symlink: /root/rosdir/ros2_ws/install/sim_1/share/sim_1/models/lc_can/materials/textures/can.jpg
[2.276s] -- Up-to-date symlink: /root/rosdir/ros2_ws/install/sim_1/share/sim_1/models/lc_can/meshes/can.dae
[2.286s] -- Up-to-date symlink: /root/rosdir/ros2_ws/install/sim_1/share/sim_1/models/lc_can/model.config
[2.309s] -- Up-to-date symlink: /root/rosdir/ros2_ws/install/sim_1/share/sim_1/models/lc_floor/.DS_Store
[2.328s] -- Up-to-date symlink: /root/rosdir/ros2_ws/install/sim_1/share/sim_1/models/lc_floor/lc_floor.sdf
[2.337s] -- Up-to-date symlink: /root/rosdir/ros2_ws/install/sim_1/share/sim_1/models/lc_floor/materials/.DS_Store
[2.359s] -- Up-to-date symlink: /root/rosdir/ros2_ws/install/sim_1/share/sim_1/models/lc_floor/materials/scripts/floor.material
[2.372s] -- Up-to-date symlink: /root/rosdir/ros2_ws/install/sim_1/share/sim_1/models/lc_floor/materials/textures/floor.png
[2.408s] -- Up-to-date symlink: /root/rosdir/ros2_ws/install/sim_1/share/sim_1/models/lc_floor/model.config
[2.417s] -- Up-to-date symlink: /root/rosdir/ros2_ws/install/sim_1/share/sim_1/models/lc_shelf/.DS_Store
[2.424s] -- Up-to-date symlink: /root/rosdir/ros2_ws/install/sim_1/share/sim_1/models/lc_shelf/lc_shelf.sdf
[2.431s] -- Up-to-date symlink: /root/rosdir/ros2_ws/install/sim_1/share/sim_1/models/lc_shelf/materials/.DS_Store
[2.437s] -- Up-to-date symlink: /root/rosdir/ros2_ws/install/sim_1/share/sim_1/models/lc_shelf/materials/scripts/shelf.material
[2.448s] -- Up-to-date symlink: /root/rosdir/ros2_ws/install/sim_1/share/sim_1/models/lc_shelf/materials/textures/shelf.png
[2.457s] -- Up-to-date symlink: /root/rosdir/ros2_ws/install/sim_1/share/sim_1/models/lc_shelf/meshes/shelf.dae
[2.465s] -- Up-to-date symlink: /root/rosdir/ros2_ws/install/sim_1/share/sim_1/models/lc_shelf/model.config
[2.474s] -- Up-to-date symlink: /root/rosdir/ros2_ws/install/sim_1/share/sim_1/models/lc_sofa/.DS_Store
[2.482s] -- Up-to-date symlink: /root/rosdir/ros2_ws/install/sim_1/share/sim_1/models/lc_sofa/lc_sofa.sdf
[2.493s] -- Up-to-date symlink: /root/rosdir/ros2_ws/install/sim_1/share/sim_1/models/lc_sofa/materials/.DS_Store
[2.504s] -- Up-to-date symlink: /root/rosdir/ros2_ws/install/sim_1/share/sim_1/models/lc_sofa/materials/scripts/sofa.material
[2.530s] -- Up-to-date symlink: /root/rosdir/ros2_ws/install/sim_1/share/sim_1/models/lc_sofa/materials/textures/sofa.png
[2.543s] -- Up-to-date symlink: /root/rosdir/ros2_ws/install/sim_1/share/sim_1/models/lc_sofa/meshes/sofa.dae
[2.556s] -- Up-to-date symlink: /root/rosdir/ros2_ws/install/sim_1/share/sim_1/models/lc_sofa/model.config
[2.566s] -- Up-to-date symlink: /root/rosdir/ros2_ws/install/sim_1/share/sim_1/models/lc_table/.DS_Store
[2.576s] -- Up-to-date symlink: /root/rosdir/ros2_ws/install/sim_1/share/sim_1/models/lc_table/lc_table.sdf
[2.584s] -- Up-to-date symlink: /root/rosdir/ros2_ws/install/sim_1/share/sim_1/models/lc_table/materials/.DS_Store
[2.605s] -- Up-to-date symlink: /root/rosdir/ros2_ws/install/sim_1/share/sim_1/models/lc_table/materials/scripts/table.material
[2.619s] -- Up-to-date symlink: /root/rosdir/ros2_ws/install/sim_1/share/sim_1/models/lc_table/materials/textures/table.png
[2.631s] -- Up-to-date symlink: /root/rosdir/ros2_ws/install/sim_1/share/sim_1/models/lc_table/meshes/table.dae
[2.641s] -- Up-to-date symlink: /root/rosdir/ros2_ws/install/sim_1/share/sim_1/models/lc_table/model.config
[2.654s] -- Up-to-date symlink: /root/rosdir/ros2_ws/install/sim_1/share/sim_1/models/lc_tv/.DS_Store
[2.669s] -- Up-to-date symlink: /root/rosdir/ros2_ws/install/sim_1/share/sim_1/models/lc_tv/lc_tv.sdf
[2.733s] -- Up-to-date symlink: /root/rosdir/ros2_ws/install/sim_1/share/sim_1/models/lc_tv/materials/.DS_Store
[2.741s] -- Up-to-date symlink: /root/rosdir/ros2_ws/install/sim_1/share/sim_1/models/lc_tv/materials/scripts/tv.material
[2.753s] -- Up-to-date symlink: /root/rosdir/ros2_ws/install/sim_1/share/sim_1/models/lc_tv/materials/textures/tv.jpg
[2.763s] -- Up-to-date symlink: /root/rosdir/ros2_ws/install/sim_1/share/sim_1/models/lc_tv/materials/textures/tv_tex.jpeg
[2.771s] -- Up-to-date symlink: /root/rosdir/ros2_ws/install/sim_1/share/sim_1/models/lc_tv/meshes/tv.dae
[2.785s] -- Up-to-date symlink: /root/rosdir/ros2_ws/install/sim_1/share/sim_1/models/lc_tv/model.config
[2.799s] -- Up-to-date symlink: /root/rosdir/ros2_ws/install/sim_1/share/sim_1/models/lc_tv_stand/.DS_Store
[2.808s] -- Up-to-date symlink: /root/rosdir/ros2_ws/install/sim_1/share/sim_1/models/lc_tv_stand/lc_tv_stand.sdf
[2.823s] -- Up-to-date symlink: /root/rosdir/ros2_ws/install/sim_1/share/sim_1/models/lc_tv_stand/materials/.DS_Store
[2.832s] -- Up-to-date symlink: /root/rosdir/ros2_ws/install/sim_1/share/sim_1/models/lc_tv_stand/materials/scripts/tv_stand.material
[2.862s] -- Up-to-date symlink: /root/rosdir/ros2_ws/install/sim_1/share/sim_1/models/lc_tv_stand/materials/textures/tv-stand.png
[2.884s] -- Up-to-date symlink: /root/rosdir/ros2_ws/install/sim_1/share/sim_1/models/lc_tv_stand/meshes/tv_stand.dae
[2.896s] -- Up-to-date symlink: /root/rosdir/ros2_ws/install/sim_1/share/sim_1/models/lc_tv_stand/model.config
[2.932s] -- Up-to-date symlink: /root/rosdir/ros2_ws/install/sim_1/share/sim_1/models/my_chair/.DS_Store
[2.955s] -- Up-to-date symlink: /root/rosdir/ros2_ws/install/sim_1/share/sim_1/models/my_chair/chair.sdf
[2.964s] -- Up-to-date symlink: /root/rosdir/ros2_ws/install/sim_1/share/sim_1/models/my_chair/meshes/model.dae
[2.972s] -- Up-to-date symlink: /root/rosdir/ros2_ws/install/sim_1/share/sim_1/models/my_chair/meshes/model/_155840_2.jpg
[2.980s] -- Up-to-date symlink: /root/rosdir/ros2_ws/install/sim_1/share/sim_1/models/my_chair/meshes/model/_155840_2_0.jpg
[2.996s] -- Up-to-date symlink: /root/rosdir/ros2_ws/install/sim_1/share/sim_1/models/my_chair/meshes/model/_155840_2_1.jpg
[3.010s] -- Up-to-date symlink: /root/rosdir/ros2_ws/install/sim_1/share/sim_1/models/my_chair/meshes/model/_155840_2_2.jpg
[3.036s] -- Up-to-date symlink: /root/rosdir/ros2_ws/install/sim_1/share/sim_1/models/my_chair/meshes/model/_155840_2_3.jpg
[3.046s] -- Up-to-date symlink: /root/rosdir/ros2_ws/install/sim_1/share/sim_1/models/my_chair/meshes/model/_155840_2_4.jpg
[3.060s] -- Up-to-date symlink: /root/rosdir/ros2_ws/install/sim_1/share/sim_1/models/my_chair/model.config
[3.075s] -- Up-to-date symlink: /root/rosdir/ros2_ws/install/sim_1/share/sim_1/models/my_chair/my_chair.zip
[3.095s] -- Up-to-date symlink: /root/rosdir/ros2_ws/install/sim_1/share/sim_1/models/wallEast/.DS_Store
[3.154s] -- Up-to-date symlink: /root/rosdir/ros2_ws/install/sim_1/share/sim_1/models/wallEast/materials/.DS_Store
[3.173s] -- Up-to-date symlink: /root/rosdir/ros2_ws/install/sim_1/share/sim_1/models/wallEast/materials/scripts/wall_east.material
[3.195s] -- Up-to-date symlink: /root/rosdir/ros2_ws/install/sim_1/share/sim_1/models/wallEast/materials/textures/wall-east.png
[3.210s] -- Up-to-date symlink: /root/rosdir/ros2_ws/install/sim_1/share/sim_1/models/wallEast/meshes/wall-east.dae
[3.222s] -- Up-to-date symlink: /root/rosdir/ros2_ws/install/sim_1/share/sim_1/models/wallEast/model.config
[3.240s] -- Up-to-date symlink: /root/rosdir/ros2_ws/install/sim_1/share/sim_1/models/wallEast/wallEast.sdf
[3.249s] -- Up-to-date symlink: /root/rosdir/ros2_ws/install/sim_1/share/sim_1/models/wallNorth/.DS_Store
[3.264s] -- Up-to-date symlink: /root/rosdir/ros2_ws/install/sim_1/share/sim_1/models/wallNorth/materials/.DS_Store
[3.275s] -- Up-to-date symlink: /root/rosdir/ros2_ws/install/sim_1/share/sim_1/models/wallNorth/materials/scripts/wall_north.material
[3.292s] -- Up-to-date symlink: /root/rosdir/ros2_ws/install/sim_1/share/sim_1/models/wallNorth/materials/textures/wall-north.png
[3.303s] -- Up-to-date symlink: /root/rosdir/ros2_ws/install/sim_1/share/sim_1/models/wallNorth/meshes/wall-north.dae
[3.310s] -- Up-to-date symlink: /root/rosdir/ros2_ws/install/sim_1/share/sim_1/models/wallNorth/model.config
[3.320s] -- Up-to-date symlink: /root/rosdir/ros2_ws/install/sim_1/share/sim_1/models/wallNorth/wallNorth.sdf
[3.343s] -- Up-to-date symlink: /root/rosdir/ros2_ws/install/sim_1/share/sim_1/worlds/my_world.world
[3.352s] -- Up-to-date symlink: /root/rosdir/ros2_ws/install/sim_1/share/sim_1/worlds/room.world
[3.376s] Invoked command in '/root/rosdir/ros2_ws/build/sim_1' returned '0': CMAKE_PREFIX_PATH=${CMAKE_PREFIX_PATH}:/opt/ros/humble /usr/bin/cmake --install /root/rosdir/ros2_ws/build/sim_1
