[1.191s] DEBUG:colcon:Command line arguments: ['/usr/bin/colcon', 'build', '--symlink-install']
[1.195s] DEBUG:colcon:Parsed command line arguments: Namespace(log_base=None, log_level=None, verb_name='build', build_base='build', install_base='install', merge_install=False, symlink_install=True, test_result_base=None, continue_on_error=False, executor='parallel', parallel_workers=2, event_handlers=None, ignore_user_meta=False, metas=['./colcon.meta'], base_paths=['.'], packages_ignore=None, packages_ignore_regex=None, paths=None, packages_up_to=None, packages_up_to_regex=None, packages_above=None, packages_above_and_dependencies=None, packages_above_depth=None, packages_select_by_dep=None, packages_skip_by_dep=None, packages_skip_up_to=None, packages_select_build_failed=False, packages_skip_build_finished=False, packages_select_test_failures=False, packages_skip_test_passed=False, packages_select=None, packages_skip=None, packages_select_regex=None, packages_skip_regex=None, packages_start=None, packages_end=None, allow_overriding=[], cmake_args=None, cmake_target=None, cmake_target_skip_unavailable=False, cmake_clean_cache=False, cmake_clean_first=False, cmake_force_configure=False, ament_cmake_args=None, catkin_cmake_args=None, catkin_skip_building_tests=False, verb_parser=<colcon_defaults.argument_parser.defaults.DefaultArgumentsDecorator object at 0x7ffb9b77af20>, verb_extension=<colcon_core.verb.build.BuildVerb object at 0x7ffb9c115f60>, main=<bound method BuildVerb.main of <colcon_core.verb.build.BuildVerb object at 0x7ffb9c115f60>>)
[1.432s] Level 1:colcon.colcon_core.package_discovery:discover_packages(colcon_meta) check parameters
[1.439s] Level 1:colcon.colcon_core.package_discovery:discover_packages(recursive) check parameters
[1.441s] Level 1:colcon.colcon_core.package_discovery:discover_packages(ignore) check parameters
[1.443s] Level 1:colcon.colcon_core.package_discovery:discover_packages(path) check parameters
[1.445s] Level 1:colcon.colcon_core.package_discovery:discover_packages(colcon_meta) discover
[1.447s] Level 1:colcon.colcon_core.package_discovery:discover_packages(recursive) discover
[1.449s] INFO:colcon.colcon_core.package_discovery:Crawling recursively for packages in '/root/rosdir/ros2_ws'
[1.451s] Level 1:colcon.colcon_core.package_identification:_identify(.) by extensions ['ignore', 'ignore_ament_install']
[1.453s] Level 1:colcon.colcon_core.package_identification:_identify(.) by extension 'ignore'
[1.457s] Level 1:colcon.colcon_core.package_identification:_identify(.) by extension 'ignore_ament_install'
[1.461s] Level 1:colcon.colcon_core.package_identification:_identify(.) by extensions ['colcon_pkg']
[1.463s] Level 1:colcon.colcon_core.package_identification:_identify(.) by extension 'colcon_pkg'
[1.466s] Level 1:colcon.colcon_core.package_identification:_identify(.) by extensions ['colcon_meta']
[1.468s] Level 1:colcon.colcon_core.package_identification:_identify(.) by extension 'colcon_meta'
[1.472s] Level 1:colcon.colcon_core.package_identification:_identify(.) by extensions ['ros']
[1.476s] Level 1:colcon.colcon_core.package_identification:_identify(.) by extension 'ros'
[1.587s] Level 1:colcon.colcon_core.package_identification:_identify(.) by extensions ['cmake', 'python']
[1.589s] Level 1:colcon.colcon_core.package_identification:_identify(.) by extension 'cmake'
[1.592s] Level 1:colcon.colcon_core.package_identification:_identify(.) by extension 'python'
[1.594s] Level 1:colcon.colcon_core.package_identification:_identify(.) by extensions ['python_setup_py']
[1.596s] Level 1:colcon.colcon_core.package_identification:_identify(.) by extension 'python_setup_py'
[1.603s] Level 1:colcon.colcon_core.package_identification:_identify(build) by extensions ['ignore', 'ignore_ament_install']
[1.604s] Level 1:colcon.colcon_core.package_identification:_identify(build) by extension 'ignore'
[1.607s] Level 1:colcon.colcon_core.package_identification:_identify(build) ignored
[1.608s] Level 1:colcon.colcon_core.package_identification:_identify(install) by extensions ['ignore', 'ignore_ament_install']
[1.611s] Level 1:colcon.colcon_core.package_identification:_identify(install) by extension 'ignore'
[1.613s] Level 1:colcon.colcon_core.package_identification:_identify(install) ignored
[1.636s] Level 1:colcon.colcon_core.package_identification:_identify(log) by extensions ['ignore', 'ignore_ament_install']
[1.638s] Level 1:colcon.colcon_core.package_identification:_identify(log) by extension 'ignore'
[1.640s] Level 1:colcon.colcon_core.package_identification:_identify(log) ignored
[1.642s] Level 1:colcon.colcon_core.package_identification:_identify(src) by extensions ['ignore', 'ignore_ament_install']
[1.643s] Level 1:colcon.colcon_core.package_identification:_identify(src) by extension 'ignore'
[1.646s] Level 1:colcon.colcon_core.package_identification:_identify(src) by extension 'ignore_ament_install'
[1.651s] Level 1:colcon.colcon_core.package_identification:_identify(src) by extensions ['colcon_pkg']
[1.653s] Level 1:colcon.colcon_core.package_identification:_identify(src) by extension 'colcon_pkg'
[1.655s] Level 1:colcon.colcon_core.package_identification:_identify(src) by extensions ['colcon_meta']
[1.657s] Level 1:colcon.colcon_core.package_identification:_identify(src) by extension 'colcon_meta'
[1.659s] Level 1:colcon.colcon_core.package_identification:_identify(src) by extensions ['ros']
[1.660s] Level 1:colcon.colcon_core.package_identification:_identify(src) by extension 'ros'
[1.672s] Level 1:colcon.colcon_core.package_identification:_identify(src) by extensions ['cmake', 'python']
[1.673s] Level 1:colcon.colcon_core.package_identification:_identify(src) by extension 'cmake'
[1.677s] Level 1:colcon.colcon_core.package_identification:_identify(src) by extension 'python'
[1.680s] Level 1:colcon.colcon_core.package_identification:_identify(src) by extensions ['python_setup_py']
[1.682s] Level 1:colcon.colcon_core.package_identification:_identify(src) by extension 'python_setup_py'
[1.687s] Level 1:colcon.colcon_core.package_identification:_identify(src/my_package) by extensions ['ignore', 'ignore_ament_install']
[1.690s] Level 1:colcon.colcon_core.package_identification:_identify(src/my_package) by extension 'ignore'
[1.698s] Level 1:colcon.colcon_core.package_identification:_identify(src/my_package) by extension 'ignore_ament_install'
[1.707s] Level 1:colcon.colcon_core.package_identification:_identify(src/my_package) by extensions ['colcon_pkg']
[1.708s] Level 1:colcon.colcon_core.package_identification:_identify(src/my_package) by extension 'colcon_pkg'
[1.716s] Level 1:colcon.colcon_core.package_identification:_identify(src/my_package) by extensions ['colcon_meta']
[1.720s] Level 1:colcon.colcon_core.package_identification:_identify(src/my_package) by extension 'colcon_meta'
[1.722s] Level 1:colcon.colcon_core.package_identification:_identify(src/my_package) by extensions ['ros']
[1.724s] Level 1:colcon.colcon_core.package_identification:_identify(src/my_package) by extension 'ros'
[1.822s] DEBUG:colcon.colcon_core.package_identification:Package 'src/my_package' with type 'ros.ament_cmake' and name 'my_package'
[1.826s] Level 1:colcon.colcon_core.package_identification:_identify(src/sim_1) by extensions ['ignore', 'ignore_ament_install']
[1.831s] Level 1:colcon.colcon_core.package_identification:_identify(src/sim_1) by extension 'ignore'
[1.834s] Level 1:colcon.colcon_core.package_identification:_identify(src/sim_1) by extension 'ignore_ament_install'
[1.849s] Level 1:colcon.colcon_core.package_identification:_identify(src/sim_1) by extensions ['colcon_pkg']
[1.850s] Level 1:colcon.colcon_core.package_identification:_identify(src/sim_1) by extension 'colcon_pkg'
[1.854s] Level 1:colcon.colcon_core.package_identification:_identify(src/sim_1) by extensions ['colcon_meta']
[1.857s] Level 1:colcon.colcon_core.package_identification:_identify(src/sim_1) by extension 'colcon_meta'
[1.858s] Level 1:colcon.colcon_core.package_identification:_identify(src/sim_1) by extensions ['ros']
[1.863s] Level 1:colcon.colcon_core.package_identification:_identify(src/sim_1) by extension 'ros'
[1.890s] DEBUG:colcon.colcon_core.package_identification:Package 'src/sim_1' with type 'ros.ament_cmake' and name 'sim_1'
[1.894s] Level 1:colcon.colcon_core.package_discovery:discover_packages(recursive) using defaults
[1.896s] Level 1:colcon.colcon_core.package_discovery:discover_packages(ignore) discover
[1.898s] Level 1:colcon.colcon_core.package_discovery:discover_packages(ignore) using defaults
[1.899s] Level 1:colcon.colcon_core.package_discovery:discover_packages(path) discover
[1.901s] Level 1:colcon.colcon_core.package_discovery:discover_packages(path) using defaults
[2.118s] Level 1:colcon.colcon_core.package_discovery:discover_packages(prefix_path) check parameters
[2.119s] Level 1:colcon.colcon_core.package_discovery:discover_packages(prefix_path) discover
[2.138s] DEBUG:colcon.colcon_installed_package_information.package_discovery:Found 1 installed packages in /root/basic_mobile_robot/install
[2.161s] DEBUG:colcon.colcon_installed_package_information.package_discovery:Found 352 installed packages in /opt/ros/humble
[2.180s] Level 1:colcon.colcon_core.package_discovery:discover_packages(prefix_path) using defaults
[2.699s] Level 5:colcon.colcon_core.verb:set package 'my_package' build argument 'cmake_args' from command line to 'None'
[2.701s] Level 5:colcon.colcon_core.verb:set package 'my_package' build argument 'cmake_target' from command line to 'None'
[2.703s] Level 5:colcon.colcon_core.verb:set package 'my_package' build argument 'cmake_target_skip_unavailable' from command line to 'False'
[2.705s] Level 5:colcon.colcon_core.verb:set package 'my_package' build argument 'cmake_clean_cache' from command line to 'False'
[2.709s] Level 5:colcon.colcon_core.verb:set package 'my_package' build argument 'cmake_clean_first' from command line to 'False'
[2.711s] Level 5:colcon.colcon_core.verb:set package 'my_package' build argument 'cmake_force_configure' from command line to 'False'
[2.712s] Level 5:colcon.colcon_core.verb:set package 'my_package' build argument 'ament_cmake_args' from command line to 'None'
[2.715s] Level 5:colcon.colcon_core.verb:set package 'my_package' build argument 'catkin_cmake_args' from command line to 'None'
[2.717s] Level 5:colcon.colcon_core.verb:set package 'my_package' build argument 'catkin_skip_building_tests' from command line to 'False'
[2.718s] DEBUG:colcon.colcon_core.verb:Building package 'my_package' with the following arguments: {'ament_cmake_args': None, 'build_base': '/root/rosdir/ros2_ws/build/my_package', 'catkin_cmake_args': None, 'catkin_skip_building_tests': False, 'cmake_args': None, 'cmake_clean_cache': False, 'cmake_clean_first': False, 'cmake_force_configure': False, 'cmake_target': None, 'cmake_target_skip_unavailable': False, 'install_base': '/root/rosdir/ros2_ws/install/my_package', 'merge_install': False, 'path': '/root/rosdir/ros2_ws/src/my_package', 'symlink_install': True, 'test_result_base': None}
[2.724s] Level 5:colcon.colcon_core.verb:set package 'sim_1' build argument 'cmake_args' from command line to 'None'
[2.726s] Level 5:colcon.colcon_core.verb:set package 'sim_1' build argument 'cmake_target' from command line to 'None'
[2.728s] Level 5:colcon.colcon_core.verb:set package 'sim_1' build argument 'cmake_target_skip_unavailable' from command line to 'False'
[2.730s] Level 5:colcon.colcon_core.verb:set package 'sim_1' build argument 'cmake_clean_cache' from command line to 'False'
[2.732s] Level 5:colcon.colcon_core.verb:set package 'sim_1' build argument 'cmake_clean_first' from command line to 'False'
[2.735s] Level 5:colcon.colcon_core.verb:set package 'sim_1' build argument 'cmake_force_configure' from command line to 'False'
[2.738s] Level 5:colcon.colcon_core.verb:set package 'sim_1' build argument 'ament_cmake_args' from command line to 'None'
[2.739s] Level 5:colcon.colcon_core.verb:set package 'sim_1' build argument 'catkin_cmake_args' from command line to 'None'
[2.741s] Level 5:colcon.colcon_core.verb:set package 'sim_1' build argument 'catkin_skip_building_tests' from command line to 'False'
[2.743s] DEBUG:colcon.colcon_core.verb:Building package 'sim_1' with the following arguments: {'ament_cmake_args': None, 'build_base': '/root/rosdir/ros2_ws/build/sim_1', 'catkin_cmake_args': None, 'catkin_skip_building_tests': False, 'cmake_args': None, 'cmake_clean_cache': False, 'cmake_clean_first': False, 'cmake_force_configure': False, 'cmake_target': None, 'cmake_target_skip_unavailable': False, 'install_base': '/root/rosdir/ros2_ws/install/sim_1', 'merge_install': False, 'path': '/root/rosdir/ros2_ws/src/sim_1', 'symlink_install': True, 'test_result_base': None}
[2.754s] INFO:colcon.colcon_core.executor:Executing jobs using 'parallel' executor
[2.775s] DEBUG:colcon.colcon_parallel_executor.executor.parallel:run_until_complete
[2.783s] INFO:colcon.colcon_ros.task.ament_cmake.build:Building ROS package in '/root/rosdir/ros2_ws/src/my_package' with build type 'ament_cmake'
[2.786s] INFO:colcon.colcon_cmake.task.cmake.build:Building CMake package in '/root/rosdir/ros2_ws/src/my_package'
[2.839s] INFO:colcon.colcon_core.plugin_system:Skipping extension 'colcon_core.shell.bat': Not used on non-Windows systems
[2.842s] INFO:colcon.colcon_core.shell:Skip shell extension 'powershell' for command environment: Not usable outside of PowerShell
[2.846s] DEBUG:colcon.colcon_core.shell:Skip shell extension 'dsv' for command environment
[3.898s] INFO:colcon.colcon_ros.task.ament_cmake.build:Building ROS package in '/root/rosdir/ros2_ws/src/sim_1' with build type 'ament_cmake'
[3.906s] INFO:colcon.colcon_cmake.task.cmake.build:Building CMake package in '/root/rosdir/ros2_ws/src/sim_1'
[3.917s] INFO:colcon.colcon_core.shell:Skip shell extension 'powershell' for command environment: Not usable outside of PowerShell
[3.919s] DEBUG:colcon.colcon_core.shell:Skip shell extension 'dsv' for command environment
[4.097s] DEBUG:colcon.colcon_core.event_handler.log_command:Invoking command in '/root/rosdir/ros2_ws/build/my_package': CMAKE_PREFIX_PATH=${CMAKE_PREFIX_PATH}:/opt/ros/humble /usr/bin/cmake --build /root/rosdir/ros2_ws/build/my_package -- -j2 -l2
[4.210s] DEBUG:colcon.colcon_core.event_handler.log_command:Invoking command in '/root/rosdir/ros2_ws/build/sim_1': CMAKE_PREFIX_PATH=${CMAKE_PREFIX_PATH}:/opt/ros/humble /usr/bin/cmake --build /root/rosdir/ros2_ws/build/sim_1 -- -j2 -l2
[4.506s] DEBUG:colcon.colcon_core.event_handler.log_command:Invoked command in '/root/rosdir/ros2_ws/build/sim_1' returned '0': CMAKE_PREFIX_PATH=${CMAKE_PREFIX_PATH}:/opt/ros/humble /usr/bin/cmake --build /root/rosdir/ros2_ws/build/sim_1 -- -j2 -l2
[4.746s] DEBUG:colcon.colcon_core.event_handler.log_command:Invoking command in '/root/rosdir/ros2_ws/build/sim_1': CMAKE_PREFIX_PATH=${CMAKE_PREFIX_PATH}:/opt/ros/humble /usr/bin/cmake --install /root/rosdir/ros2_ws/build/sim_1
[4.766s] DEBUG:colcon.colcon_core.event_handler.log_command:Invoked command in '/root/rosdir/ros2_ws/build/my_package' returned '0': CMAKE_PREFIX_PATH=${CMAKE_PREFIX_PATH}:/opt/ros/humble /usr/bin/cmake --build /root/rosdir/ros2_ws/build/my_package -- -j2 -l2
[5.034s] DEBUG:colcon.colcon_core.event_handler.log_command:Invoking command in '/root/rosdir/ros2_ws/build/my_package': CMAKE_PREFIX_PATH=${CMAKE_PREFIX_PATH}:/opt/ros/humble /usr/bin/cmake --install /root/rosdir/ros2_ws/build/my_package
[5.596s] Level 1:colcon.colcon_core.environment:create_environment_scripts_only(my_package)
[5.633s] DEBUG:colcon.colcon_core.event_handler.log_command:Invoked command in '/root/rosdir/ros2_ws/build/my_package' returned '0': CMAKE_PREFIX_PATH=${CMAKE_PREFIX_PATH}:/opt/ros/humble /usr/bin/cmake --install /root/rosdir/ros2_ws/build/my_package
[5.651s] Level 1:colcon.colcon_core.environment:checking '/root/rosdir/ros2_ws/install/my_package' for CMake module files
[5.797s] Level 1:colcon.colcon_core.environment:checking '/root/rosdir/ros2_ws/install/my_package' for CMake config files
[5.865s] Level 1:colcon.colcon_core.shell:create_environment_hook('my_package', 'cmake_prefix_path')
[5.885s] INFO:colcon.colcon_core.shell:Creating environment hook '/root/rosdir/ros2_ws/install/my_package/share/my_package/hook/cmake_prefix_path.ps1'
[5.953s] INFO:colcon.colcon_core.shell:Creating environment descriptor '/root/rosdir/ros2_ws/install/my_package/share/my_package/hook/cmake_prefix_path.dsv'
[6.001s] INFO:colcon.colcon_core.shell:Creating environment hook '/root/rosdir/ros2_ws/install/my_package/share/my_package/hook/cmake_prefix_path.sh'
[6.021s] Level 1:colcon.colcon_core.environment:checking '/root/rosdir/ros2_ws/install/my_package/lib'
[6.026s] Level 1:colcon.colcon_core.environment:checking '/root/rosdir/ros2_ws/install/my_package/bin'
[6.032s] Level 1:colcon.colcon_core.environment:checking '/root/rosdir/ros2_ws/install/my_package/lib/pkgconfig/my_package.pc'
[6.046s] Level 1:colcon.colcon_core.environment:checking '/root/rosdir/ros2_ws/install/my_package/lib/python3.10/site-packages'
[6.050s] Level 1:colcon.colcon_core.environment:checking '/root/rosdir/ros2_ws/install/my_package/bin'
[6.069s] INFO:colcon.colcon_core.shell:Creating package script '/root/rosdir/ros2_ws/install/my_package/share/my_package/package.ps1'
[6.108s] INFO:colcon.colcon_core.shell:Creating package descriptor '/root/rosdir/ros2_ws/install/my_package/share/my_package/package.dsv'
[6.143s] INFO:colcon.colcon_core.shell:Creating package script '/root/rosdir/ros2_ws/install/my_package/share/my_package/package.sh'
[6.199s] INFO:colcon.colcon_core.shell:Creating package script '/root/rosdir/ros2_ws/install/my_package/share/my_package/package.bash'
[6.230s] INFO:colcon.colcon_core.shell:Creating package script '/root/rosdir/ros2_ws/install/my_package/share/my_package/package.zsh'
[6.265s] Level 1:colcon.colcon_core.environment:create_file_with_runtime_dependencies(/root/rosdir/ros2_ws/install/my_package/share/colcon-core/packages/my_package)
[6.768s] Level 1:colcon.colcon_core.environment:create_environment_scripts_only(my_package)
[6.828s] Level 1:colcon.colcon_core.environment:checking '/root/rosdir/ros2_ws/install/my_package' for CMake module files
[7.008s] Level 1:colcon.colcon_core.environment:checking '/root/rosdir/ros2_ws/install/my_package' for CMake config files
[7.280s] Level 1:colcon.colcon_core.shell:create_environment_hook('my_package', 'cmake_prefix_path')
[7.297s] INFO:colcon.colcon_core.shell:Creating environment hook '/root/rosdir/ros2_ws/install/my_package/share/my_package/hook/cmake_prefix_path.ps1'
[7.329s] INFO:colcon.colcon_core.shell:Creating environment descriptor '/root/rosdir/ros2_ws/install/my_package/share/my_package/hook/cmake_prefix_path.dsv'
[7.355s] INFO:colcon.colcon_core.shell:Creating environment hook '/root/rosdir/ros2_ws/install/my_package/share/my_package/hook/cmake_prefix_path.sh'
[7.373s] Level 1:colcon.colcon_core.environment:checking '/root/rosdir/ros2_ws/install/my_package/lib'
[7.375s] Level 1:colcon.colcon_core.environment:checking '/root/rosdir/ros2_ws/install/my_package/bin'
[7.379s] Level 1:colcon.colcon_core.environment:checking '/root/rosdir/ros2_ws/install/my_package/lib/pkgconfig/my_package.pc'
[7.383s] Level 1:colcon.colcon_core.environment:checking '/root/rosdir/ros2_ws/install/my_package/lib/python3.10/site-packages'
[7.386s] Level 1:colcon.colcon_core.environment:checking '/root/rosdir/ros2_ws/install/my_package/bin'
[7.392s] INFO:colcon.colcon_core.shell:Creating package script '/root/rosdir/ros2_ws/install/my_package/share/my_package/package.ps1'
[7.402s] INFO:colcon.colcon_core.shell:Creating package descriptor '/root/rosdir/ros2_ws/install/my_package/share/my_package/package.dsv'
[7.410s] INFO:colcon.colcon_core.shell:Creating package script '/root/rosdir/ros2_ws/install/my_package/share/my_package/package.sh'
[7.417s] INFO:colcon.colcon_core.shell:Creating package script '/root/rosdir/ros2_ws/install/my_package/share/my_package/package.bash'
[7.431s] INFO:colcon.colcon_core.shell:Creating package script '/root/rosdir/ros2_ws/install/my_package/share/my_package/package.zsh'
[7.443s] Level 1:colcon.colcon_core.environment:create_file_with_runtime_dependencies(/root/rosdir/ros2_ws/install/my_package/share/colcon-core/packages/my_package)
[7.453s] Level 1:colcon.colcon_core.environment:create_environment_scripts_only(sim_1)
[7.481s] Level 1:colcon.colcon_core.environment:checking '/root/rosdir/ros2_ws/install/sim_1' for CMake module files
[7.494s] DEBUG:colcon.colcon_core.event_handler.log_command:Invoked command in '/root/rosdir/ros2_ws/build/sim_1' returned '0': CMAKE_PREFIX_PATH=${CMAKE_PREFIX_PATH}:/opt/ros/humble /usr/bin/cmake --install /root/rosdir/ros2_ws/build/sim_1
[7.651s] Level 1:colcon.colcon_core.environment:checking '/root/rosdir/ros2_ws/install/sim_1' for CMake config files
[7.669s] Level 1:colcon.colcon_core.shell:create_environment_hook('sim_1', 'cmake_prefix_path')
[7.677s] INFO:colcon.colcon_core.shell:Creating environment hook '/root/rosdir/ros2_ws/install/sim_1/share/sim_1/hook/cmake_prefix_path.ps1'
[7.686s] INFO:colcon.colcon_core.shell:Creating environment descriptor '/root/rosdir/ros2_ws/install/sim_1/share/sim_1/hook/cmake_prefix_path.dsv'
[7.698s] INFO:colcon.colcon_core.shell:Creating environment hook '/root/rosdir/ros2_ws/install/sim_1/share/sim_1/hook/cmake_prefix_path.sh'
[7.714s] Level 1:colcon.colcon_core.environment:checking '/root/rosdir/ros2_ws/install/sim_1/bin'
[7.717s] Level 1:colcon.colcon_core.environment:checking '/root/rosdir/ros2_ws/install/sim_1/lib/pkgconfig/sim_1.pc'
[7.725s] Level 1:colcon.colcon_core.environment:checking '/root/rosdir/ros2_ws/install/sim_1/lib/python3.10/site-packages'
[7.729s] Level 1:colcon.colcon_core.environment:checking '/root/rosdir/ros2_ws/install/sim_1/bin'
[7.736s] INFO:colcon.colcon_core.shell:Creating package script '/root/rosdir/ros2_ws/install/sim_1/share/sim_1/package.ps1'
[7.747s] INFO:colcon.colcon_core.shell:Creating package descriptor '/root/rosdir/ros2_ws/install/sim_1/share/sim_1/package.dsv'
[7.757s] INFO:colcon.colcon_core.shell:Creating package script '/root/rosdir/ros2_ws/install/sim_1/share/sim_1/package.sh'
[7.767s] INFO:colcon.colcon_core.shell:Creating package script '/root/rosdir/ros2_ws/install/sim_1/share/sim_1/package.bash'
[7.781s] INFO:colcon.colcon_core.shell:Creating package script '/root/rosdir/ros2_ws/install/sim_1/share/sim_1/package.zsh'
[7.789s] Level 1:colcon.colcon_core.environment:create_file_with_runtime_dependencies(/root/rosdir/ros2_ws/install/sim_1/share/colcon-core/packages/sim_1)
[7.910s] Level 1:colcon.colcon_core.environment:create_environment_scripts_only(sim_1)
[7.927s] Level 1:colcon.colcon_core.environment:checking '/root/rosdir/ros2_ws/install/sim_1' for CMake module files
[7.990s] Level 1:colcon.colcon_core.environment:checking '/root/rosdir/ros2_ws/install/sim_1' for CMake config files
[8.018s] Level 1:colcon.colcon_core.shell:create_environment_hook('sim_1', 'cmake_prefix_path')
[8.025s] INFO:colcon.colcon_core.shell:Creating environment hook '/root/rosdir/ros2_ws/install/sim_1/share/sim_1/hook/cmake_prefix_path.ps1'
[8.107s] INFO:colcon.colcon_core.shell:Creating environment descriptor '/root/rosdir/ros2_ws/install/sim_1/share/sim_1/hook/cmake_prefix_path.dsv'
[8.119s] INFO:colcon.colcon_core.shell:Creating environment hook '/root/rosdir/ros2_ws/install/sim_1/share/sim_1/hook/cmake_prefix_path.sh'
[8.137s] Level 1:colcon.colcon_core.environment:checking '/root/rosdir/ros2_ws/install/sim_1/bin'
[8.140s] Level 1:colcon.colcon_core.environment:checking '/root/rosdir/ros2_ws/install/sim_1/lib/pkgconfig/sim_1.pc'
[8.145s] Level 1:colcon.colcon_core.environment:checking '/root/rosdir/ros2_ws/install/sim_1/lib/python3.10/site-packages'
[8.149s] Level 1:colcon.colcon_core.environment:checking '/root/rosdir/ros2_ws/install/sim_1/bin'
[8.155s] INFO:colcon.colcon_core.shell:Creating package script '/root/rosdir/ros2_ws/install/sim_1/share/sim_1/package.ps1'
[8.168s] INFO:colcon.colcon_core.shell:Creating package descriptor '/root/rosdir/ros2_ws/install/sim_1/share/sim_1/package.dsv'
[8.180s] INFO:colcon.colcon_core.shell:Creating package script '/root/rosdir/ros2_ws/install/sim_1/share/sim_1/package.sh'
[8.189s] INFO:colcon.colcon_core.shell:Creating package script '/root/rosdir/ros2_ws/install/sim_1/share/sim_1/package.bash'
[8.199s] INFO:colcon.colcon_core.shell:Creating package script '/root/rosdir/ros2_ws/install/sim_1/share/sim_1/package.zsh'
[8.211s] Level 1:colcon.colcon_core.environment:create_file_with_runtime_dependencies(/root/rosdir/ros2_ws/install/sim_1/share/colcon-core/packages/sim_1)
[8.221s] DEBUG:colcon.colcon_parallel_executor.executor.parallel:closing loop
[8.224s] DEBUG:colcon.colcon_parallel_executor.executor.parallel:loop closed
[8.227s] DEBUG:colcon.colcon_parallel_executor.executor.parallel:run_until_complete finished with '0'
[8.236s] DEBUG:colcon.colcon_core.event_reactor:joining thread
[8.287s] INFO:colcon.colcon_core.plugin_system:Skipping extension 'colcon_notification.desktop_notification.notify_send': Could not find 'notify-send'
[8.289s] INFO:colcon.colcon_core.plugin_system:Skipping extension 'colcon_notification.desktop_notification.terminal_notifier': Not used on non-Darwin systems
[8.291s] INFO:colcon.colcon_core.plugin_system:Skipping extension 'colcon_notification.desktop_notification.win32': Not used on non-Windows systems
[8.292s] INFO:colcon.colcon_notification.desktop_notification:Sending desktop notification using 'notify2'
[8.328s] DEBUG:colcon.colcon_notification.desktop_notification.notify2:Failed to initialize notify2: org.freedesktop.DBus.Error.ServiceUnknown: The name org.freedesktop.Notifications was not provided by any .service files
[8.330s] DEBUG:colcon.colcon_core.event_reactor:joined thread
[8.336s] INFO:colcon.colcon_core.shell:Creating prefix script '/root/rosdir/ros2_ws/install/local_setup.ps1'
[8.348s] INFO:colcon.colcon_core.shell:Creating prefix util module '/root/rosdir/ros2_ws/install/_local_setup_util_ps1.py'
[8.370s] INFO:colcon.colcon_core.shell:Creating prefix chain script '/root/rosdir/ros2_ws/install/setup.ps1'
[8.392s] INFO:colcon.colcon_core.shell:Creating prefix script '/root/rosdir/ros2_ws/install/local_setup.sh'
[8.406s] INFO:colcon.colcon_core.shell:Creating prefix util module '/root/rosdir/ros2_ws/install/_local_setup_util_sh.py'
[8.423s] INFO:colcon.colcon_core.shell:Creating prefix chain script '/root/rosdir/ros2_ws/install/setup.sh'
[8.444s] INFO:colcon.colcon_core.shell:Creating prefix script '/root/rosdir/ros2_ws/install/local_setup.bash'
[8.456s] INFO:colcon.colcon_core.shell:Creating prefix chain script '/root/rosdir/ros2_ws/install/setup.bash'
[8.475s] INFO:colcon.colcon_core.shell:Creating prefix script '/root/rosdir/ros2_ws/install/local_setup.zsh'
[8.488s] INFO:colcon.colcon_core.shell:Creating prefix chain script '/root/rosdir/ros2_ws/install/setup.zsh'
