[0.335s] Invoking command in '/root/rosdir/ros2_ws/build/rover_descrip': CMAKE_PREFIX_PATH=${CMAKE_PREFIX_PATH}:/opt/ros/humble /usr/bin/cmake --build /root/rosdir/ros2_ws/build/rover_descrip -- -j2 -l2
[0.784s] Invoked command in '/root/rosdir/ros2_ws/build/rover_descrip' returned '0': CMAKE_PREFIX_PATH=${CMAKE_PREFIX_PATH}:/opt/ros/humble /usr/bin/cmake --build /root/rosdir/ros2_ws/build/rover_descrip -- -j2 -l2
[1.042s] Invoking command in '/root/rosdir/ros2_ws/build/rover_descrip': CMAKE_PREFIX_PATH=${CMAKE_PREFIX_PATH}:/opt/ros/humble /usr/bin/cmake --install /root/rosdir/ros2_ws/build/rover_descrip
[1.082s] -- Install configuration: ""
[1.122s] -- Execute custom install script
[1.162s] -- Up-to-date symlink: /root/rosdir/ros2_ws/install/rover_descrip/share/ament_index/resource_index/package_run_dependencies/rover_descrip
[1.193s] -- Up-to-date symlink: /root/rosdir/ros2_ws/install/rover_descrip/share/ament_index/resource_index/parent_prefix_path/rover_descrip
[1.245s] -- Up-to-date symlink: /root/rosdir/ros2_ws/install/rover_descrip/share/rover_descrip/environment/ament_prefix_path.sh
[1.271s] -- Up-to-date symlink: /root/rosdir/ros2_ws/install/rover_descrip/share/rover_descrip/environment/ament_prefix_path.dsv
[1.293s] -- Up-to-date symlink: /root/rosdir/ros2_ws/install/rover_descrip/share/rover_descrip/environment/path.sh
[1.320s] -- Up-to-date symlink: /root/rosdir/ros2_ws/install/rover_descrip/share/rover_descrip/environment/path.dsv
[1.332s] -- Up-to-date symlink: /root/rosdir/ros2_ws/install/rover_descrip/share/rover_descrip/local_setup.bash
[1.356s] -- Up-to-date symlink: /root/rosdir/ros2_ws/install/rover_descrip/share/rover_descrip/local_setup.sh
[1.404s] -- Up-to-date symlink: /root/rosdir/ros2_ws/install/rover_descrip/share/rover_descrip/local_setup.zsh
[1.429s] -- Up-to-date symlink: /root/rosdir/ros2_ws/install/rover_descrip/share/rover_descrip/local_setup.dsv
[1.441s] -- Symlinking: /root/rosdir/ros2_ws/install/rover_descrip/share/rover_descrip/package.dsv
[1.491s] -- Up-to-date symlink: /root/rosdir/ros2_ws/install/rover_descrip/share/ament_index/resource_index/packages/rover_descrip
[1.514s] -- Up-to-date symlink: /root/rosdir/ros2_ws/install/rover_descrip/share/rover_descrip/cmake/rover_descripConfig.cmake
[1.530s] -- Up-to-date symlink: /root/rosdir/ros2_ws/install/rover_descrip/share/rover_descrip/cmake/rover_descripConfig-version.cmake
[1.542s] -- Up-to-date symlink: /root/rosdir/ros2_ws/install/rover_descrip/share/rover_descrip/package.xml
[1.564s] Invoked command in '/root/rosdir/ros2_ws/build/rover_descrip' returned '0': CMAKE_PREFIX_PATH=${CMAKE_PREFIX_PATH}:/opt/ros/humble /usr/bin/cmake --install /root/rosdir/ros2_ws/build/rover_descrip
