[5.717s] DEBUG:colcon:Command line arguments: ['/usr/bin/colcon', 'build', '--symlink-install']
[5.721s] DEBUG:colcon:Parsed command line arguments: Namespace(log_base=None, log_level=None, verb_name='build', build_base='build', install_base='install', merge_install=False, symlink_install=True, test_result_base=None, continue_on_error=False, executor='parallel', parallel_workers=2, event_handlers=None, ignore_user_meta=False, metas=['./colcon.meta'], base_paths=['.'], packages_ignore=None, packages_ignore_regex=None, paths=None, packages_up_to=None, packages_up_to_regex=None, packages_above=None, packages_above_and_dependencies=None, packages_above_depth=None, packages_select_by_dep=None, packages_skip_by_dep=None, packages_skip_up_to=None, packages_select_build_failed=False, packages_skip_build_finished=False, packages_select_test_failures=False, packages_skip_test_passed=False, packages_select=None, packages_skip=None, packages_select_regex=None, packages_skip_regex=None, packages_start=None, packages_end=None, allow_overriding=[], cmake_args=None, cmake_target=None, cmake_target_skip_unavailable=False, cmake_clean_cache=False, cmake_clean_first=False, cmake_force_configure=False, ament_cmake_args=None, catkin_cmake_args=None, catkin_skip_building_tests=False, verb_parser=<colcon_defaults.argument_parser.defaults.DefaultArgumentsDecorator object at 0x7f528938f280>, verb_extension=<colcon_core.verb.build.BuildVerb object at 0x7f5289d35de0>, main=<bound method BuildVerb.main of <colcon_core.verb.build.BuildVerb object at 0x7f5289d35de0>>)
[6.280s] Level 1:colcon.colcon_core.package_discovery:discover_packages(colcon_meta) check parameters
[6.283s] Level 1:colcon.colcon_core.package_discovery:discover_packages(recursive) check parameters
[6.284s] Level 1:colcon.colcon_core.package_discovery:discover_packages(ignore) check parameters
[6.285s] Level 1:colcon.colcon_core.package_discovery:discover_packages(path) check parameters
[6.286s] Level 1:colcon.colcon_core.package_discovery:discover_packages(colcon_meta) discover
[6.287s] Level 1:colcon.colcon_core.package_discovery:discover_packages(recursive) discover
[6.289s] INFO:colcon.colcon_core.package_discovery:Crawling recursively for packages in '/root/rosdir/ros2_ws'
[6.290s] Level 1:colcon.colcon_core.package_identification:_identify(.) by extensions ['ignore', 'ignore_ament_install']
[6.292s] Level 1:colcon.colcon_core.package_identification:_identify(.) by extension 'ignore'
[6.294s] Level 1:colcon.colcon_core.package_identification:_identify(.) by extension 'ignore_ament_install'
[6.299s] Level 1:colcon.colcon_core.package_identification:_identify(.) by extensions ['colcon_pkg']
[6.300s] Level 1:colcon.colcon_core.package_identification:_identify(.) by extension 'colcon_pkg'
[6.303s] Level 1:colcon.colcon_core.package_identification:_identify(.) by extensions ['colcon_meta']
[6.304s] Level 1:colcon.colcon_core.package_identification:_identify(.) by extension 'colcon_meta'
[6.305s] Level 1:colcon.colcon_core.package_identification:_identify(.) by extensions ['ros']
[6.306s] Level 1:colcon.colcon_core.package_identification:_identify(.) by extension 'ros'
[6.431s] Level 1:colcon.colcon_core.package_identification:_identify(.) by extensions ['cmake', 'python']
[6.432s] Level 1:colcon.colcon_core.package_identification:_identify(.) by extension 'cmake'
[6.434s] Level 1:colcon.colcon_core.package_identification:_identify(.) by extension 'python'
[6.437s] Level 1:colcon.colcon_core.package_identification:_identify(.) by extensions ['python_setup_py']
[6.438s] Level 1:colcon.colcon_core.package_identification:_identify(.) by extension 'python_setup_py'
[6.451s] Level 1:colcon.colcon_core.package_identification:_identify(build) by extensions ['ignore', 'ignore_ament_install']
[6.452s] Level 1:colcon.colcon_core.package_identification:_identify(build) by extension 'ignore'
[6.453s] Level 1:colcon.colcon_core.package_identification:_identify(build) ignored
[6.462s] Level 1:colcon.colcon_core.package_identification:_identify(install) by extensions ['ignore', 'ignore_ament_install']
[6.468s] Level 1:colcon.colcon_core.package_identification:_identify(install) by extension 'ignore'
[6.469s] Level 1:colcon.colcon_core.package_identification:_identify(install) ignored
[6.485s] Level 1:colcon.colcon_core.package_identification:_identify(log) by extensions ['ignore', 'ignore_ament_install']
[6.486s] Level 1:colcon.colcon_core.package_identification:_identify(log) by extension 'ignore'
[6.487s] Level 1:colcon.colcon_core.package_identification:_identify(log) ignored
[6.489s] Level 1:colcon.colcon_core.package_identification:_identify(src) by extensions ['ignore', 'ignore_ament_install']
[6.490s] Level 1:colcon.colcon_core.package_identification:_identify(src) by extension 'ignore'
[6.492s] Level 1:colcon.colcon_core.package_identification:_identify(src) by extension 'ignore_ament_install'
[6.495s] Level 1:colcon.colcon_core.package_identification:_identify(src) by extensions ['colcon_pkg']
[6.497s] Level 1:colcon.colcon_core.package_identification:_identify(src) by extension 'colcon_pkg'
[6.499s] Level 1:colcon.colcon_core.package_identification:_identify(src) by extensions ['colcon_meta']
[6.500s] Level 1:colcon.colcon_core.package_identification:_identify(src) by extension 'colcon_meta'
[6.502s] Level 1:colcon.colcon_core.package_identification:_identify(src) by extensions ['ros']
[6.503s] Level 1:colcon.colcon_core.package_identification:_identify(src) by extension 'ros'
[6.512s] Level 1:colcon.colcon_core.package_identification:_identify(src) by extensions ['cmake', 'python']
[6.513s] Level 1:colcon.colcon_core.package_identification:_identify(src) by extension 'cmake'
[6.516s] Level 1:colcon.colcon_core.package_identification:_identify(src) by extension 'python'
[6.518s] Level 1:colcon.colcon_core.package_identification:_identify(src) by extensions ['python_setup_py']
[6.520s] Level 1:colcon.colcon_core.package_identification:_identify(src) by extension 'python_setup_py'
[6.527s] Level 1:colcon.colcon_core.package_identification:_identify(src/my_package) by extensions ['ignore', 'ignore_ament_install']
[6.528s] Level 1:colcon.colcon_core.package_identification:_identify(src/my_package) by extension 'ignore'
[6.530s] Level 1:colcon.colcon_core.package_identification:_identify(src/my_package) by extension 'ignore_ament_install'
[6.533s] Level 1:colcon.colcon_core.package_identification:_identify(src/my_package) by extensions ['colcon_pkg']
[6.534s] Level 1:colcon.colcon_core.package_identification:_identify(src/my_package) by extension 'colcon_pkg'
[6.536s] Level 1:colcon.colcon_core.package_identification:_identify(src/my_package) by extensions ['colcon_meta']
[6.537s] Level 1:colcon.colcon_core.package_identification:_identify(src/my_package) by extension 'colcon_meta'
[6.538s] Level 1:colcon.colcon_core.package_identification:_identify(src/my_package) by extensions ['ros']
[6.539s] Level 1:colcon.colcon_core.package_identification:_identify(src/my_package) by extension 'ros'
[6.585s] DEBUG:colcon.colcon_core.package_identification:Package 'src/my_package' with type 'ros.ament_cmake' and name 'my_package'
[6.589s] Level 1:colcon.colcon_core.package_identification:_identify(src/rover_descrip) by extensions ['ignore', 'ignore_ament_install']
[6.591s] Level 1:colcon.colcon_core.package_identification:_identify(src/rover_descrip) by extension 'ignore'
[6.596s] Level 1:colcon.colcon_core.package_identification:_identify(src/rover_descrip) by extension 'ignore_ament_install'
[6.600s] Level 1:colcon.colcon_core.package_identification:_identify(src/rover_descrip) by extensions ['colcon_pkg']
[6.601s] Level 1:colcon.colcon_core.package_identification:_identify(src/rover_descrip) by extension 'colcon_pkg'
[6.603s] Level 1:colcon.colcon_core.package_identification:_identify(src/rover_descrip) by extensions ['colcon_meta']
[6.604s] Level 1:colcon.colcon_core.package_identification:_identify(src/rover_descrip) by extension 'colcon_meta'
[6.606s] Level 1:colcon.colcon_core.package_identification:_identify(src/rover_descrip) by extensions ['ros']
[6.607s] Level 1:colcon.colcon_core.package_identification:_identify(src/rover_descrip) by extension 'ros'
[6.622s] DEBUG:colcon.colcon_core.package_identification:Package 'src/rover_descrip' with type 'ros.ament_cmake' and name 'rover_descrip'
[6.631s] Level 1:colcon.colcon_core.package_identification:_identify(src/sim_1) by extensions ['ignore', 'ignore_ament_install']
[6.632s] Level 1:colcon.colcon_core.package_identification:_identify(src/sim_1) by extension 'ignore'
[6.634s] Level 1:colcon.colcon_core.package_identification:_identify(src/sim_1) by extension 'ignore_ament_install'
[6.638s] Level 1:colcon.colcon_core.package_identification:_identify(src/sim_1) by extensions ['colcon_pkg']
[6.639s] Level 1:colcon.colcon_core.package_identification:_identify(src/sim_1) by extension 'colcon_pkg'
[6.641s] Level 1:colcon.colcon_core.package_identification:_identify(src/sim_1) by extensions ['colcon_meta']
[6.642s] Level 1:colcon.colcon_core.package_identification:_identify(src/sim_1) by extension 'colcon_meta'
[6.644s] Level 1:colcon.colcon_core.package_identification:_identify(src/sim_1) by extensions ['ros']
[6.645s] Level 1:colcon.colcon_core.package_identification:_identify(src/sim_1) by extension 'ros'
[6.664s] DEBUG:colcon.colcon_core.package_identification:Package 'src/sim_1' with type 'ros.ament_cmake' and name 'sim_1'
[6.664s] Level 1:colcon.colcon_core.package_discovery:discover_packages(recursive) using defaults
[6.666s] Level 1:colcon.colcon_core.package_discovery:discover_packages(ignore) discover
[6.667s] Level 1:colcon.colcon_core.package_discovery:discover_packages(ignore) using defaults
[6.668s] Level 1:colcon.colcon_core.package_discovery:discover_packages(path) discover
[6.669s] Level 1:colcon.colcon_core.package_discovery:discover_packages(path) using defaults
[6.846s] Level 1:colcon.colcon_core.package_discovery:discover_packages(prefix_path) check parameters
[6.847s] Level 1:colcon.colcon_core.package_discovery:discover_packages(prefix_path) discover
[6.898s] DEBUG:colcon.colcon_installed_package_information.package_discovery:Found 1 installed packages in /root/basic_mobile_robot/install
[6.905s] DEBUG:colcon.colcon_installed_package_information.package_discovery:Found 352 installed packages in /opt/ros/humble
[6.916s] Level 1:colcon.colcon_core.package_discovery:discover_packages(prefix_path) using defaults
[7.125s] Level 5:colcon.colcon_core.verb:set package 'my_package' build argument 'cmake_args' from command line to 'None'
[7.127s] Level 5:colcon.colcon_core.verb:set package 'my_package' build argument 'cmake_target' from command line to 'None'
[7.128s] Level 5:colcon.colcon_core.verb:set package 'my_package' build argument 'cmake_target_skip_unavailable' from command line to 'False'
[7.129s] Level 5:colcon.colcon_core.verb:set package 'my_package' build argument 'cmake_clean_cache' from command line to 'False'
[7.130s] Level 5:colcon.colcon_core.verb:set package 'my_package' build argument 'cmake_clean_first' from command line to 'False'
[7.131s] Level 5:colcon.colcon_core.verb:set package 'my_package' build argument 'cmake_force_configure' from command line to 'False'
[7.133s] Level 5:colcon.colcon_core.verb:set package 'my_package' build argument 'ament_cmake_args' from command line to 'None'
[7.134s] Level 5:colcon.colcon_core.verb:set package 'my_package' build argument 'catkin_cmake_args' from command line to 'None'
[7.135s] Level 5:colcon.colcon_core.verb:set package 'my_package' build argument 'catkin_skip_building_tests' from command line to 'False'
[7.139s] DEBUG:colcon.colcon_core.verb:Building package 'my_package' with the following arguments: {'ament_cmake_args': None, 'build_base': '/root/rosdir/ros2_ws/build/my_package', 'catkin_cmake_args': None, 'catkin_skip_building_tests': False, 'cmake_args': None, 'cmake_clean_cache': False, 'cmake_clean_first': False, 'cmake_force_configure': False, 'cmake_target': None, 'cmake_target_skip_unavailable': False, 'install_base': '/root/rosdir/ros2_ws/install/my_package', 'merge_install': False, 'path': '/root/rosdir/ros2_ws/src/my_package', 'symlink_install': True, 'test_result_base': None}
[7.145s] Level 5:colcon.colcon_core.verb:set package 'rover_descrip' build argument 'cmake_args' from command line to 'None'
[7.147s] Level 5:colcon.colcon_core.verb:set package 'rover_descrip' build argument 'cmake_target' from command line to 'None'
[7.148s] Level 5:colcon.colcon_core.verb:set package 'rover_descrip' build argument 'cmake_target_skip_unavailable' from command line to 'False'
[7.149s] Level 5:colcon.colcon_core.verb:set package 'rover_descrip' build argument 'cmake_clean_cache' from command line to 'False'
[7.150s] Level 5:colcon.colcon_core.verb:set package 'rover_descrip' build argument 'cmake_clean_first' from command line to 'False'
[7.152s] Level 5:colcon.colcon_core.verb:set package 'rover_descrip' build argument 'cmake_force_configure' from command line to 'False'
[7.153s] Level 5:colcon.colcon_core.verb:set package 'rover_descrip' build argument 'ament_cmake_args' from command line to 'None'
[7.155s] Level 5:colcon.colcon_core.verb:set package 'rover_descrip' build argument 'catkin_cmake_args' from command line to 'None'
[7.156s] Level 5:colcon.colcon_core.verb:set package 'rover_descrip' build argument 'catkin_skip_building_tests' from command line to 'False'
[7.157s] DEBUG:colcon.colcon_core.verb:Building package 'rover_descrip' with the following arguments: {'ament_cmake_args': None, 'build_base': '/root/rosdir/ros2_ws/build/rover_descrip', 'catkin_cmake_args': None, 'catkin_skip_building_tests': False, 'cmake_args': None, 'cmake_clean_cache': False, 'cmake_clean_first': False, 'cmake_force_configure': False, 'cmake_target': None, 'cmake_target_skip_unavailable': False, 'install_base': '/root/rosdir/ros2_ws/install/rover_descrip', 'merge_install': False, 'path': '/root/rosdir/ros2_ws/src/rover_descrip', 'symlink_install': True, 'test_result_base': None}
[7.168s] Level 5:colcon.colcon_core.verb:set package 'sim_1' build argument 'cmake_args' from command line to 'None'
[7.177s] Level 5:colcon.colcon_core.verb:set package 'sim_1' build argument 'cmake_target' from command line to 'None'
[7.178s] Level 5:colcon.colcon_core.verb:set package 'sim_1' build argument 'cmake_target_skip_unavailable' from command line to 'False'
[7.180s] Level 5:colcon.colcon_core.verb:set package 'sim_1' build argument 'cmake_clean_cache' from command line to 'False'
[7.181s] Level 5:colcon.colcon_core.verb:set package 'sim_1' build argument 'cmake_clean_first' from command line to 'False'
[7.182s] Level 5:colcon.colcon_core.verb:set package 'sim_1' build argument 'cmake_force_configure' from command line to 'False'
[7.183s] Level 5:colcon.colcon_core.verb:set package 'sim_1' build argument 'ament_cmake_args' from command line to 'None'
[7.184s] Level 5:colcon.colcon_core.verb:set package 'sim_1' build argument 'catkin_cmake_args' from command line to 'None'
[7.186s] Level 5:colcon.colcon_core.verb:set package 'sim_1' build argument 'catkin_skip_building_tests' from command line to 'False'
[7.187s] DEBUG:colcon.colcon_core.verb:Building package 'sim_1' with the following arguments: {'ament_cmake_args': None, 'build_base': '/root/rosdir/ros2_ws/build/sim_1', 'catkin_cmake_args': None, 'catkin_skip_building_tests': False, 'cmake_args': None, 'cmake_clean_cache': False, 'cmake_clean_first': False, 'cmake_force_configure': False, 'cmake_target': None, 'cmake_target_skip_unavailable': False, 'install_base': '/root/rosdir/ros2_ws/install/sim_1', 'merge_install': False, 'path': '/root/rosdir/ros2_ws/src/sim_1', 'symlink_install': True, 'test_result_base': None}
[7.191s] INFO:colcon.colcon_core.executor:Executing jobs using 'parallel' executor
[7.202s] DEBUG:colcon.colcon_parallel_executor.executor.parallel:run_until_complete
[7.220s] INFO:colcon.colcon_ros.task.ament_cmake.build:Building ROS package in '/root/rosdir/ros2_ws/src/my_package' with build type 'ament_cmake'
[7.222s] INFO:colcon.colcon_cmake.task.cmake.build:Building CMake package in '/root/rosdir/ros2_ws/src/my_package'
[7.304s] INFO:colcon.colcon_core.plugin_system:Skipping extension 'colcon_core.shell.bat': Not used on non-Windows systems
[7.307s] INFO:colcon.colcon_core.shell:Skip shell extension 'powershell' for command environment: Not usable outside of PowerShell
[7.309s] DEBUG:colcon.colcon_core.shell:Skip shell extension 'dsv' for command environment
[7.377s] INFO:colcon.colcon_ros.task.ament_cmake.build:Building ROS package in '/root/rosdir/ros2_ws/src/rover_descrip' with build type 'ament_cmake'
[7.379s] INFO:colcon.colcon_cmake.task.cmake.build:Building CMake package in '/root/rosdir/ros2_ws/src/rover_descrip'
[7.384s] INFO:colcon.colcon_core.shell:Skip shell extension 'powershell' for command environment: Not usable outside of PowerShell
[7.388s] DEBUG:colcon.colcon_core.shell:Skip shell extension 'dsv' for command environment
[7.591s] DEBUG:colcon.colcon_core.event_handler.log_command:Invoking command in '/root/rosdir/ros2_ws/build/my_package': CMAKE_PREFIX_PATH=${CMAKE_PREFIX_PATH}:/opt/ros/humble /usr/bin/cmake --build /root/rosdir/ros2_ws/build/my_package -- -j2 -l2
[7.716s] DEBUG:colcon.colcon_core.event_handler.log_command:Invoking command in '/root/rosdir/ros2_ws/build/rover_descrip': CMAKE_PREFIX_PATH=${CMAKE_PREFIX_PATH}:/opt/ros/humble /usr/bin/cmake --build /root/rosdir/ros2_ws/build/rover_descrip -- -j2 -l2
[8.653s] DEBUG:colcon.colcon_core.event_handler.log_command:Invoked command in '/root/rosdir/ros2_ws/build/rover_descrip' returned '0': CMAKE_PREFIX_PATH=${CMAKE_PREFIX_PATH}:/opt/ros/humble /usr/bin/cmake --build /root/rosdir/ros2_ws/build/rover_descrip -- -j2 -l2
[8.802s] DEBUG:colcon.colcon_core.event_handler.log_command:Invoking command in '/root/rosdir/ros2_ws/build/rover_descrip': CMAKE_PREFIX_PATH=${CMAKE_PREFIX_PATH}:/opt/ros/humble /usr/bin/cmake --install /root/rosdir/ros2_ws/build/rover_descrip
[9.152s] DEBUG:colcon.colcon_core.event_handler.log_command:Invoked command in '/root/rosdir/ros2_ws/build/my_package' returned '0': CMAKE_PREFIX_PATH=${CMAKE_PREFIX_PATH}:/opt/ros/humble /usr/bin/cmake --build /root/rosdir/ros2_ws/build/my_package -- -j2 -l2
[9.222s] Level 1:colcon.colcon_core.environment:create_environment_scripts_only(rover_descrip)
[9.229s] DEBUG:colcon.colcon_core.event_handler.log_command:Invoked command in '/root/rosdir/ros2_ws/build/rover_descrip' returned '0': CMAKE_PREFIX_PATH=${CMAKE_PREFIX_PATH}:/opt/ros/humble /usr/bin/cmake --install /root/rosdir/ros2_ws/build/rover_descrip
[9.307s] Level 1:colcon.colcon_core.environment:checking '/root/rosdir/ros2_ws/install/rover_descrip' for CMake module files
[9.407s] Level 1:colcon.colcon_core.environment:checking '/root/rosdir/ros2_ws/install/rover_descrip' for CMake config files
[9.451s] Level 1:colcon.colcon_core.shell:create_environment_hook('rover_descrip', 'cmake_prefix_path')
[9.456s] INFO:colcon.colcon_core.shell:Creating environment hook '/root/rosdir/ros2_ws/install/rover_descrip/share/rover_descrip/hook/cmake_prefix_path.ps1'
[9.469s] INFO:colcon.colcon_core.shell:Creating environment descriptor '/root/rosdir/ros2_ws/install/rover_descrip/share/rover_descrip/hook/cmake_prefix_path.dsv'
[9.478s] INFO:colcon.colcon_core.shell:Creating environment hook '/root/rosdir/ros2_ws/install/rover_descrip/share/rover_descrip/hook/cmake_prefix_path.sh'
[9.490s] Level 1:colcon.colcon_core.environment:checking '/root/rosdir/ros2_ws/install/rover_descrip/bin'
[9.493s] Level 1:colcon.colcon_core.environment:checking '/root/rosdir/ros2_ws/install/rover_descrip/lib/pkgconfig/rover_descrip.pc'
[9.501s] Level 1:colcon.colcon_core.environment:checking '/root/rosdir/ros2_ws/install/rover_descrip/lib/python3.10/site-packages'
[9.510s] Level 1:colcon.colcon_core.environment:checking '/root/rosdir/ros2_ws/install/rover_descrip/bin'
[9.519s] INFO:colcon.colcon_core.shell:Creating package script '/root/rosdir/ros2_ws/install/rover_descrip/share/rover_descrip/package.ps1'
[9.537s] INFO:colcon.colcon_core.shell:Creating package descriptor '/root/rosdir/ros2_ws/install/rover_descrip/share/rover_descrip/package.dsv'
[9.550s] INFO:colcon.colcon_core.shell:Creating package script '/root/rosdir/ros2_ws/install/rover_descrip/share/rover_descrip/package.sh'
[9.564s] INFO:colcon.colcon_core.shell:Creating package script '/root/rosdir/ros2_ws/install/rover_descrip/share/rover_descrip/package.bash'
[9.577s] INFO:colcon.colcon_core.shell:Creating package script '/root/rosdir/ros2_ws/install/rover_descrip/share/rover_descrip/package.zsh'
[9.589s] Level 1:colcon.colcon_core.environment:create_file_with_runtime_dependencies(/root/rosdir/ros2_ws/install/rover_descrip/share/colcon-core/packages/rover_descrip)
[9.639s] DEBUG:colcon.colcon_core.event_handler.log_command:Invoking command in '/root/rosdir/ros2_ws/build/my_package': CMAKE_PREFIX_PATH=${CMAKE_PREFIX_PATH}:/opt/ros/humble /usr/bin/cmake --install /root/rosdir/ros2_ws/build/my_package
[9.817s] Level 1:colcon.colcon_core.environment:create_environment_scripts_only(rover_descrip)
[9.838s] Level 1:colcon.colcon_core.environment:checking '/root/rosdir/ros2_ws/install/rover_descrip' for CMake module files
[9.903s] Level 1:colcon.colcon_core.environment:checking '/root/rosdir/ros2_ws/install/rover_descrip' for CMake config files
[9.929s] Level 1:colcon.colcon_core.shell:create_environment_hook('rover_descrip', 'cmake_prefix_path')
[9.940s] INFO:colcon.colcon_core.shell:Creating environment hook '/root/rosdir/ros2_ws/install/rover_descrip/share/rover_descrip/hook/cmake_prefix_path.ps1'
[9.953s] INFO:colcon.colcon_core.shell:Creating environment descriptor '/root/rosdir/ros2_ws/install/rover_descrip/share/rover_descrip/hook/cmake_prefix_path.dsv'
[9.962s] INFO:colcon.colcon_core.shell:Creating environment hook '/root/rosdir/ros2_ws/install/rover_descrip/share/rover_descrip/hook/cmake_prefix_path.sh'
[9.976s] Level 1:colcon.colcon_core.environment:checking '/root/rosdir/ros2_ws/install/rover_descrip/bin'
[9.980s] Level 1:colcon.colcon_core.environment:checking '/root/rosdir/ros2_ws/install/rover_descrip/lib/pkgconfig/rover_descrip.pc'
[9.985s] Level 1:colcon.colcon_core.environment:checking '/root/rosdir/ros2_ws/install/rover_descrip/lib/python3.10/site-packages'
[9.990s] Level 1:colcon.colcon_core.environment:checking '/root/rosdir/ros2_ws/install/rover_descrip/bin'
[10.003s] INFO:colcon.colcon_core.shell:Creating package script '/root/rosdir/ros2_ws/install/rover_descrip/share/rover_descrip/package.ps1'
[10.034s] INFO:colcon.colcon_core.shell:Creating package descriptor '/root/rosdir/ros2_ws/install/rover_descrip/share/rover_descrip/package.dsv'
[10.046s] INFO:colcon.colcon_core.shell:Creating package script '/root/rosdir/ros2_ws/install/rover_descrip/share/rover_descrip/package.sh'
[10.056s] INFO:colcon.colcon_core.shell:Creating package script '/root/rosdir/ros2_ws/install/rover_descrip/share/rover_descrip/package.bash'
[10.064s] INFO:colcon.colcon_core.shell:Creating package script '/root/rosdir/ros2_ws/install/rover_descrip/share/rover_descrip/package.zsh'
[10.070s] Level 1:colcon.colcon_core.environment:create_file_with_runtime_dependencies(/root/rosdir/ros2_ws/install/rover_descrip/share/colcon-core/packages/rover_descrip)
[10.076s] INFO:colcon.colcon_ros.task.ament_cmake.build:Building ROS package in '/root/rosdir/ros2_ws/src/sim_1' with build type 'ament_cmake'
[10.081s] INFO:colcon.colcon_cmake.task.cmake.build:Building CMake package in '/root/rosdir/ros2_ws/src/sim_1'
[10.086s] INFO:colcon.colcon_core.shell:Skip shell extension 'powershell' for command environment: Not usable outside of PowerShell
[10.088s] DEBUG:colcon.colcon_core.shell:Skip shell extension 'dsv' for command environment
[10.123s] Level 1:colcon.colcon_core.environment:create_environment_scripts_only(my_package)
[10.131s] Level 1:colcon.colcon_core.environment:checking '/root/rosdir/ros2_ws/install/my_package' for CMake module files
[10.133s] DEBUG:colcon.colcon_core.event_handler.log_command:Invoked command in '/root/rosdir/ros2_ws/build/my_package' returned '0': CMAKE_PREFIX_PATH=${CMAKE_PREFIX_PATH}:/opt/ros/humble /usr/bin/cmake --install /root/rosdir/ros2_ws/build/my_package
[10.210s] Level 1:colcon.colcon_core.environment:checking '/root/rosdir/ros2_ws/install/my_package' for CMake config files
[10.272s] Level 1:colcon.colcon_core.shell:create_environment_hook('my_package', 'cmake_prefix_path')
[10.277s] INFO:colcon.colcon_core.shell:Creating environment hook '/root/rosdir/ros2_ws/install/my_package/share/my_package/hook/cmake_prefix_path.ps1'
[10.286s] INFO:colcon.colcon_core.shell:Creating environment descriptor '/root/rosdir/ros2_ws/install/my_package/share/my_package/hook/cmake_prefix_path.dsv'
[10.299s] INFO:colcon.colcon_core.shell:Creating environment hook '/root/rosdir/ros2_ws/install/my_package/share/my_package/hook/cmake_prefix_path.sh'
[10.314s] Level 1:colcon.colcon_core.environment:checking '/root/rosdir/ros2_ws/install/my_package/lib'
[10.317s] Level 1:colcon.colcon_core.environment:checking '/root/rosdir/ros2_ws/install/my_package/bin'
[10.320s] Level 1:colcon.colcon_core.environment:checking '/root/rosdir/ros2_ws/install/my_package/lib/pkgconfig/my_package.pc'
[10.324s] Level 1:colcon.colcon_core.environment:checking '/root/rosdir/ros2_ws/install/my_package/lib/python3.10/site-packages'
[10.327s] Level 1:colcon.colcon_core.environment:checking '/root/rosdir/ros2_ws/install/my_package/bin'
[10.333s] INFO:colcon.colcon_core.shell:Creating package script '/root/rosdir/ros2_ws/install/my_package/share/my_package/package.ps1'
[10.341s] INFO:colcon.colcon_core.shell:Creating package descriptor '/root/rosdir/ros2_ws/install/my_package/share/my_package/package.dsv'
[10.351s] INFO:colcon.colcon_core.shell:Creating package script '/root/rosdir/ros2_ws/install/my_package/share/my_package/package.sh'
[10.375s] INFO:colcon.colcon_core.shell:Creating package script '/root/rosdir/ros2_ws/install/my_package/share/my_package/package.bash'
[10.387s] INFO:colcon.colcon_core.shell:Creating package script '/root/rosdir/ros2_ws/install/my_package/share/my_package/package.zsh'
[10.399s] Level 1:colcon.colcon_core.environment:create_file_with_runtime_dependencies(/root/rosdir/ros2_ws/install/my_package/share/colcon-core/packages/my_package)
[10.592s] DEBUG:colcon.colcon_core.event_handler.log_command:Invoking command in '/root/rosdir/ros2_ws/build/sim_1': CMAKE_PREFIX_PATH=${CMAKE_PREFIX_PATH}:/opt/ros/humble /usr/bin/cmake --build /root/rosdir/ros2_ws/build/sim_1 -- -j2 -l2
[10.613s] Level 1:colcon.colcon_core.environment:create_environment_scripts_only(my_package)
[10.627s] Level 1:colcon.colcon_core.environment:checking '/root/rosdir/ros2_ws/install/my_package' for CMake module files
[10.691s] Level 1:colcon.colcon_core.environment:checking '/root/rosdir/ros2_ws/install/my_package' for CMake config files
[10.724s] Level 1:colcon.colcon_core.shell:create_environment_hook('my_package', 'cmake_prefix_path')
[10.728s] INFO:colcon.colcon_core.shell:Creating environment hook '/root/rosdir/ros2_ws/install/my_package/share/my_package/hook/cmake_prefix_path.ps1'
[10.739s] INFO:colcon.colcon_core.shell:Creating environment descriptor '/root/rosdir/ros2_ws/install/my_package/share/my_package/hook/cmake_prefix_path.dsv'
[10.750s] INFO:colcon.colcon_core.shell:Creating environment hook '/root/rosdir/ros2_ws/install/my_package/share/my_package/hook/cmake_prefix_path.sh'
[10.764s] Level 1:colcon.colcon_core.environment:checking '/root/rosdir/ros2_ws/install/my_package/lib'
[10.766s] Level 1:colcon.colcon_core.environment:checking '/root/rosdir/ros2_ws/install/my_package/bin'
[10.769s] Level 1:colcon.colcon_core.environment:checking '/root/rosdir/ros2_ws/install/my_package/lib/pkgconfig/my_package.pc'
[10.772s] Level 1:colcon.colcon_core.environment:checking '/root/rosdir/ros2_ws/install/my_package/lib/python3.10/site-packages'
[10.775s] Level 1:colcon.colcon_core.environment:checking '/root/rosdir/ros2_ws/install/my_package/bin'
[10.785s] INFO:colcon.colcon_core.shell:Creating package script '/root/rosdir/ros2_ws/install/my_package/share/my_package/package.ps1'
[10.799s] INFO:colcon.colcon_core.shell:Creating package descriptor '/root/rosdir/ros2_ws/install/my_package/share/my_package/package.dsv'
[10.815s] INFO:colcon.colcon_core.shell:Creating package script '/root/rosdir/ros2_ws/install/my_package/share/my_package/package.sh'
[10.832s] INFO:colcon.colcon_core.shell:Creating package script '/root/rosdir/ros2_ws/install/my_package/share/my_package/package.bash'
[10.860s] INFO:colcon.colcon_core.shell:Creating package script '/root/rosdir/ros2_ws/install/my_package/share/my_package/package.zsh'
[10.875s] Level 1:colcon.colcon_core.environment:create_file_with_runtime_dependencies(/root/rosdir/ros2_ws/install/my_package/share/colcon-core/packages/my_package)
[11.023s] DEBUG:colcon.colcon_core.event_handler.log_command:Invoked command in '/root/rosdir/ros2_ws/build/sim_1' returned '0': CMAKE_PREFIX_PATH=${CMAKE_PREFIX_PATH}:/opt/ros/humble /usr/bin/cmake --build /root/rosdir/ros2_ws/build/sim_1 -- -j2 -l2
[11.126s] DEBUG:colcon.colcon_core.event_handler.log_command:Invoking command in '/root/rosdir/ros2_ws/build/sim_1': CMAKE_PREFIX_PATH=${CMAKE_PREFIX_PATH}:/opt/ros/humble /usr/bin/cmake --install /root/rosdir/ros2_ws/build/sim_1
[13.284s] Level 1:colcon.colcon_core.environment:create_environment_scripts_only(sim_1)
[13.297s] Level 1:colcon.colcon_core.environment:checking '/root/rosdir/ros2_ws/install/sim_1' for CMake module files
[13.304s] DEBUG:colcon.colcon_core.event_handler.log_command:Invoked command in '/root/rosdir/ros2_ws/build/sim_1' returned '0': CMAKE_PREFIX_PATH=${CMAKE_PREFIX_PATH}:/opt/ros/humble /usr/bin/cmake --install /root/rosdir/ros2_ws/build/sim_1
[13.372s] Level 1:colcon.colcon_core.environment:checking '/root/rosdir/ros2_ws/install/sim_1' for CMake config files
[13.420s] Level 1:colcon.colcon_core.shell:create_environment_hook('sim_1', 'cmake_prefix_path')
[13.424s] INFO:colcon.colcon_core.shell:Creating environment hook '/root/rosdir/ros2_ws/install/sim_1/share/sim_1/hook/cmake_prefix_path.ps1'
[13.432s] INFO:colcon.colcon_core.shell:Creating environment descriptor '/root/rosdir/ros2_ws/install/sim_1/share/sim_1/hook/cmake_prefix_path.dsv'
[13.441s] INFO:colcon.colcon_core.shell:Creating environment hook '/root/rosdir/ros2_ws/install/sim_1/share/sim_1/hook/cmake_prefix_path.sh'
[13.452s] Level 1:colcon.colcon_core.environment:checking '/root/rosdir/ros2_ws/install/sim_1/bin'
[13.455s] Level 1:colcon.colcon_core.environment:checking '/root/rosdir/ros2_ws/install/sim_1/lib/pkgconfig/sim_1.pc'
[13.458s] Level 1:colcon.colcon_core.environment:checking '/root/rosdir/ros2_ws/install/sim_1/lib/python3.10/site-packages'
[13.460s] Level 1:colcon.colcon_core.environment:checking '/root/rosdir/ros2_ws/install/sim_1/bin'
[13.466s] INFO:colcon.colcon_core.shell:Creating package script '/root/rosdir/ros2_ws/install/sim_1/share/sim_1/package.ps1'
[13.475s] INFO:colcon.colcon_core.shell:Creating package descriptor '/root/rosdir/ros2_ws/install/sim_1/share/sim_1/package.dsv'
[13.486s] INFO:colcon.colcon_core.shell:Creating package script '/root/rosdir/ros2_ws/install/sim_1/share/sim_1/package.sh'
[13.496s] INFO:colcon.colcon_core.shell:Creating package script '/root/rosdir/ros2_ws/install/sim_1/share/sim_1/package.bash'
[13.510s] INFO:colcon.colcon_core.shell:Creating package script '/root/rosdir/ros2_ws/install/sim_1/share/sim_1/package.zsh'
[13.518s] Level 1:colcon.colcon_core.environment:create_file_with_runtime_dependencies(/root/rosdir/ros2_ws/install/sim_1/share/colcon-core/packages/sim_1)
[13.599s] Level 1:colcon.colcon_core.environment:create_environment_scripts_only(sim_1)
[13.605s] Level 1:colcon.colcon_core.environment:checking '/root/rosdir/ros2_ws/install/sim_1' for CMake module files
[13.668s] Level 1:colcon.colcon_core.environment:checking '/root/rosdir/ros2_ws/install/sim_1' for CMake config files
[13.691s] Level 1:colcon.colcon_core.shell:create_environment_hook('sim_1', 'cmake_prefix_path')
[13.695s] INFO:colcon.colcon_core.shell:Creating environment hook '/root/rosdir/ros2_ws/install/sim_1/share/sim_1/hook/cmake_prefix_path.ps1'
[13.706s] INFO:colcon.colcon_core.shell:Creating environment descriptor '/root/rosdir/ros2_ws/install/sim_1/share/sim_1/hook/cmake_prefix_path.dsv'
[13.717s] INFO:colcon.colcon_core.shell:Creating environment hook '/root/rosdir/ros2_ws/install/sim_1/share/sim_1/hook/cmake_prefix_path.sh'
[13.728s] Level 1:colcon.colcon_core.environment:checking '/root/rosdir/ros2_ws/install/sim_1/bin'
[13.732s] Level 1:colcon.colcon_core.environment:checking '/root/rosdir/ros2_ws/install/sim_1/lib/pkgconfig/sim_1.pc'
[13.737s] Level 1:colcon.colcon_core.environment:checking '/root/rosdir/ros2_ws/install/sim_1/lib/python3.10/site-packages'
[13.741s] Level 1:colcon.colcon_core.environment:checking '/root/rosdir/ros2_ws/install/sim_1/bin'
[13.749s] INFO:colcon.colcon_core.shell:Creating package script '/root/rosdir/ros2_ws/install/sim_1/share/sim_1/package.ps1'
[13.760s] INFO:colcon.colcon_core.shell:Creating package descriptor '/root/rosdir/ros2_ws/install/sim_1/share/sim_1/package.dsv'
[13.774s] INFO:colcon.colcon_core.shell:Creating package script '/root/rosdir/ros2_ws/install/sim_1/share/sim_1/package.sh'
[13.783s] INFO:colcon.colcon_core.shell:Creating package script '/root/rosdir/ros2_ws/install/sim_1/share/sim_1/package.bash'
[13.792s] INFO:colcon.colcon_core.shell:Creating package script '/root/rosdir/ros2_ws/install/sim_1/share/sim_1/package.zsh'
[13.801s] Level 1:colcon.colcon_core.environment:create_file_with_runtime_dependencies(/root/rosdir/ros2_ws/install/sim_1/share/colcon-core/packages/sim_1)
[13.808s] DEBUG:colcon.colcon_parallel_executor.executor.parallel:closing loop
[13.811s] DEBUG:colcon.colcon_parallel_executor.executor.parallel:loop closed
[13.813s] DEBUG:colcon.colcon_parallel_executor.executor.parallel:run_until_complete finished with '0'
[13.815s] DEBUG:colcon.colcon_core.event_reactor:joining thread
[13.911s] INFO:colcon.colcon_core.plugin_system:Skipping extension 'colcon_notification.desktop_notification.notify_send': Could not find 'notify-send'
[13.913s] INFO:colcon.colcon_core.plugin_system:Skipping extension 'colcon_notification.desktop_notification.terminal_notifier': Not used on non-Darwin systems
[13.915s] INFO:colcon.colcon_core.plugin_system:Skipping extension 'colcon_notification.desktop_notification.win32': Not used on non-Windows systems
[13.916s] INFO:colcon.colcon_notification.desktop_notification:Sending desktop notification using 'notify2'
[13.936s] DEBUG:colcon.colcon_notification.desktop_notification.notify2:Failed to initialize notify2: org.freedesktop.DBus.Error.ServiceUnknown: The name org.freedesktop.Notifications was not provided by any .service files
[13.938s] DEBUG:colcon.colcon_core.event_reactor:joined thread
[13.947s] INFO:colcon.colcon_core.shell:Creating prefix script '/root/rosdir/ros2_ws/install/local_setup.ps1'
[13.963s] INFO:colcon.colcon_core.shell:Creating prefix util module '/root/rosdir/ros2_ws/install/_local_setup_util_ps1.py'
[13.990s] INFO:colcon.colcon_core.shell:Creating prefix chain script '/root/rosdir/ros2_ws/install/setup.ps1'
[14.007s] INFO:colcon.colcon_core.shell:Creating prefix script '/root/rosdir/ros2_ws/install/local_setup.sh'
[14.022s] INFO:colcon.colcon_core.shell:Creating prefix util module '/root/rosdir/ros2_ws/install/_local_setup_util_sh.py'
[14.033s] INFO:colcon.colcon_core.shell:Creating prefix chain script '/root/rosdir/ros2_ws/install/setup.sh'
[14.054s] INFO:colcon.colcon_core.shell:Creating prefix script '/root/rosdir/ros2_ws/install/local_setup.bash'
[14.067s] INFO:colcon.colcon_core.shell:Creating prefix chain script '/root/rosdir/ros2_ws/install/setup.bash'
[14.080s] INFO:colcon.colcon_core.shell:Creating prefix script '/root/rosdir/ros2_ws/install/local_setup.zsh'
[14.094s] INFO:colcon.colcon_core.shell:Creating prefix chain script '/root/rosdir/ros2_ws/install/setup.zsh'
