-- Found ament_cmake: 1.3.2 (/opt/ros/humble/share/ament_cmake/cmake)
-- Override CMake install command with custom implementation using symlinks instead of copying resources
-- Found ament_lint_auto: 0.12.4 (/opt/ros/humble/share/ament_lint_auto/cmake)
-- Added test 'lint_cmake' to check CMake code style
-- Added test 'xmllint' to check XML markup files
-- Configuring done
-- Generating done
-- Build files have been written to: /root/rosdir/ros2_ws/build/sim_1
-- Install configuration: ""
-- Execute custom install script
-- Symlinking: /root/rosdir/ros2_ws/install/sim_1/share/ament_index/resource_index/package_run_dependencies/sim_1
-- Symlinking: /root/rosdir/ros2_ws/install/sim_1/share/ament_index/resource_index/parent_prefix_path/sim_1
-- Symlinking: /root/rosdir/ros2_ws/install/sim_1/share/sim_1/environment/ament_prefix_path.sh
-- Symlinking: /root/rosdir/ros2_ws/install/sim_1/share/sim_1/environment/ament_prefix_path.dsv
-- Symlinking: /root/rosdir/ros2_ws/install/sim_1/share/sim_1/environment/path.sh
-- Symlinking: /root/rosdir/ros2_ws/install/sim_1/share/sim_1/environment/path.dsv
-- Symlinking: /root/rosdir/ros2_ws/install/sim_1/share/sim_1/local_setup.bash
-- Symlinking: /root/rosdir/ros2_ws/install/sim_1/share/sim_1/local_setup.sh
-- Symlinking: /root/rosdir/ros2_ws/install/sim_1/share/sim_1/local_setup.zsh
-- Symlinking: /root/rosdir/ros2_ws/install/sim_1/share/sim_1/local_setup.dsv
-- Symlinking: /root/rosdir/ros2_ws/install/sim_1/share/sim_1/package.dsv
-- Symlinking: /root/rosdir/ros2_ws/install/sim_1/share/ament_index/resource_index/packages/sim_1
-- Symlinking: /root/rosdir/ros2_ws/install/sim_1/share/sim_1/cmake/sim_1Config.cmake
-- Symlinking: /root/rosdir/ros2_ws/install/sim_1/share/sim_1/cmake/sim_1Config-version.cmake
-- Symlinking: /root/rosdir/ros2_ws/install/sim_1/share/sim_1/package.xml
-- Symlinking: /root/rosdir/ros2_ws/install/sim_1/share/sim_1/launch/robo.launch
