[0.270s] Invoking command in '/root/rosdir/ros2_ws/build/rover_descrip': CMAKE_PREFIX_PATH=${CMAKE_PREFIX_PATH}:/opt/ros/humble /usr/bin/cmake --build /root/rosdir/ros2_ws/build/rover_descrip -- -j2 -l2
[0.647s] Invoked command in '/root/rosdir/ros2_ws/build/rover_descrip' returned '0': CMAKE_PREFIX_PATH=${CMAKE_PREFIX_PATH}:/opt/ros/humble /usr/bin/cmake --build /root/rosdir/ros2_ws/build/rover_descrip -- -j2 -l2
[0.839s] Invoking command in '/root/rosdir/ros2_ws/build/rover_descrip': CMAKE_PREFIX_PATH=${CMAKE_PREFIX_PATH}:/opt/ros/humble /usr/bin/cmake --install /root/rosdir/ros2_ws/build/rover_descrip
[0.869s] -- Install configuration: ""
[0.891s] -- Execute custom install script
[0.910s] -- Up-to-date symlink: /root/rosdir/ros2_ws/install/rover_descrip/share/ament_index/resource_index/package_run_dependencies/rover_descrip
[0.920s] -- Up-to-date symlink: /root/rosdir/ros2_ws/install/rover_descrip/share/ament_index/resource_index/parent_prefix_path/rover_descrip
[0.937s] -- Up-to-date symlink: /root/rosdir/ros2_ws/install/rover_descrip/share/rover_descrip/environment/ament_prefix_path.sh
[0.948s] -- Up-to-date symlink: /root/rosdir/ros2_ws/install/rover_descrip/share/rover_descrip/environment/ament_prefix_path.dsv
[0.961s] -- Up-to-date symlink: /root/rosdir/ros2_ws/install/rover_descrip/share/rover_descrip/environment/path.sh
[0.972s] -- Up-to-date symlink: /root/rosdir/ros2_ws/install/rover_descrip/share/rover_descrip/environment/path.dsv
[0.997s] -- Up-to-date symlink: /root/rosdir/ros2_ws/install/rover_descrip/share/rover_descrip/local_setup.bash
[1.023s] -- Up-to-date symlink: /root/rosdir/ros2_ws/install/rover_descrip/share/rover_descrip/local_setup.sh
[1.030s] -- Up-to-date symlink: /root/rosdir/ros2_ws/install/rover_descrip/share/rover_descrip/local_setup.zsh
[1.037s] -- Up-to-date symlink: /root/rosdir/ros2_ws/install/rover_descrip/share/rover_descrip/local_setup.dsv
[1.042s] -- Symlinking: /root/rosdir/ros2_ws/install/rover_descrip/share/rover_descrip/package.dsv
[1.128s] -- Up-to-date symlink: /root/rosdir/ros2_ws/install/rover_descrip/share/ament_index/resource_index/packages/rover_descrip
[1.136s] -- Up-to-date symlink: /root/rosdir/ros2_ws/install/rover_descrip/share/rover_descrip/cmake/rover_descripConfig.cmake
[1.156s] -- Up-to-date symlink: /root/rosdir/ros2_ws/install/rover_descrip/share/rover_descrip/cmake/rover_descripConfig-version.cmake
[1.169s] -- Up-to-date symlink: /root/rosdir/ros2_ws/install/rover_descrip/share/rover_descrip/package.xml
[1.208s] Invoked command in '/root/rosdir/ros2_ws/build/rover_descrip' returned '0': CMAKE_PREFIX_PATH=${CMAKE_PREFIX_PATH}:/opt/ros/humble /usr/bin/cmake --install /root/rosdir/ros2_ws/build/rover_descrip
