[0.174s] Invoking command in '/root/rosdir/ros2_ws/build/sim_1': CMAKE_PREFIX_PATH=${CMAKE_PREFIX_PATH}:/opt/ros/humble /usr/bin/cmake --build /root/rosdir/ros2_ws/build/sim_1 -- -j2 -l2
[0.558s] Invoked command in '/root/rosdir/ros2_ws/build/sim_1' returned '0': CMAKE_PREFIX_PATH=${CMAKE_PREFIX_PATH}:/opt/ros/humble /usr/bin/cmake --build /root/rosdir/ros2_ws/build/sim_1 -- -j2 -l2
[0.705s] Invoking command in '/root/rosdir/ros2_ws/build/sim_1': CMAKE_PREFIX_PATH=${CMAKE_PREFIX_PATH}:/opt/ros/humble /usr/bin/cmake --install /root/rosdir/ros2_ws/build/sim_1
[0.738s] -- Install configuration: ""
[0.756s] -- Execute custom install script
[0.779s] -- Up-to-date symlink: /root/rosdir/ros2_ws/install/sim_1/share/ament_index/resource_index/package_run_dependencies/sim_1
[0.798s] -- Up-to-date symlink: /root/rosdir/ros2_ws/install/sim_1/share/ament_index/resource_index/parent_prefix_path/sim_1
[0.821s] -- Up-to-date symlink: /root/rosdir/ros2_ws/install/sim_1/share/sim_1/environment/ament_prefix_path.sh
[0.837s] -- Up-to-date symlink: /root/rosdir/ros2_ws/install/sim_1/share/sim_1/environment/ament_prefix_path.dsv
[0.848s] -- Up-to-date symlink: /root/rosdir/ros2_ws/install/sim_1/share/sim_1/environment/path.sh
[0.861s] -- Up-to-date symlink: /root/rosdir/ros2_ws/install/sim_1/share/sim_1/environment/path.dsv
[0.881s] -- Up-to-date symlink: /root/rosdir/ros2_ws/install/sim_1/share/sim_1/local_setup.bash
[0.897s] -- Up-to-date symlink: /root/rosdir/ros2_ws/install/sim_1/share/sim_1/local_setup.sh
[0.909s] -- Up-to-date symlink: /root/rosdir/ros2_ws/install/sim_1/share/sim_1/local_setup.zsh
[0.926s] -- Up-to-date symlink: /root/rosdir/ros2_ws/install/sim_1/share/sim_1/local_setup.dsv
[0.938s] -- Symlinking: /root/rosdir/ros2_ws/install/sim_1/share/sim_1/package.dsv
[1.051s] -- Up-to-date symlink: /root/rosdir/ros2_ws/install/sim_1/share/ament_index/resource_index/packages/sim_1
[1.063s] -- Up-to-date symlink: /root/rosdir/ros2_ws/install/sim_1/share/sim_1/cmake/sim_1Config.cmake
[1.078s] -- Up-to-date symlink: /root/rosdir/ros2_ws/install/sim_1/share/sim_1/cmake/sim_1Config-version.cmake
[1.111s] -- Up-to-date symlink: /root/rosdir/ros2_ws/install/sim_1/share/sim_1/package.xml
[1.135s] -- Up-to-date symlink: /root/rosdir/ros2_ws/install/sim_1/share/sim_1/launch/robo.launch
[1.154s] -- Up-to-date symlink: /root/rosdir/ros2_ws/install/sim_1/share/sim_1/launch/robo.launch.py
[1.670s] -- Up-to-date symlink: /root/rosdir/ros2_ws/install/sim_1/share/sim_1/models/.DS_Store
[1.683s] -- Up-to-date symlink: /root/rosdir/ros2_ws/install/sim_1/share/sim_1/models/lc_bookshelf/.DS_Store
[1.694s] -- Up-to-date symlink: /root/rosdir/ros2_ws/install/sim_1/share/sim_1/models/lc_bookshelf/lc_bookshelf.sdf
[1.715s] -- Up-to-date symlink: /root/rosdir/ros2_ws/install/sim_1/share/sim_1/models/lc_bookshelf/materials/.DS_Store
[1.725s] -- Up-to-date symlink: /root/rosdir/ros2_ws/install/sim_1/share/sim_1/models/lc_bookshelf/materials/scripts/bookshelf.material
[1.740s] -- Up-to-date symlink: /root/rosdir/ros2_ws/install/sim_1/share/sim_1/models/lc_bookshelf/materials/textures/bookshelf.png
[1.756s] -- Up-to-date symlink: /root/rosdir/ros2_ws/install/sim_1/share/sim_1/models/lc_bookshelf/meshes/bookshelf.dae
[1.771s] -- Up-to-date symlink: /root/rosdir/ros2_ws/install/sim_1/share/sim_1/models/lc_bookshelf/model.config
[1.791s] -- Up-to-date symlink: /root/rosdir/ros2_ws/install/sim_1/share/sim_1/models/lc_cabinet/.DS_Store
[1.805s] -- Up-to-date symlink: /root/rosdir/ros2_ws/install/sim_1/share/sim_1/models/lc_cabinet/lc_cabinet.sdf
[1.818s] -- Up-to-date symlink: /root/rosdir/ros2_ws/install/sim_1/share/sim_1/models/lc_cabinet/materials/.DS_Store
[1.833s] -- Up-to-date symlink: /root/rosdir/ros2_ws/install/sim_1/share/sim_1/models/lc_cabinet/materials/scripts/cabinet.material
[1.850s] -- Up-to-date symlink: /root/rosdir/ros2_ws/install/sim_1/share/sim_1/models/lc_cabinet/materials/textures/cabinet.png
[1.877s] -- Up-to-date symlink: /root/rosdir/ros2_ws/install/sim_1/share/sim_1/models/lc_cabinet/meshes/cabinet.dae
[1.888s] -- Up-to-date symlink: /root/rosdir/ros2_ws/install/sim_1/share/sim_1/models/lc_cabinet/model.config
[1.900s] -- Up-to-date symlink: /root/rosdir/ros2_ws/install/sim_1/share/sim_1/models/lc_can/.DS_Store
[1.910s] -- Up-to-date symlink: /root/rosdir/ros2_ws/install/sim_1/share/sim_1/models/lc_can/lc_can.sdf
[1.923s] -- Up-to-date symlink: /root/rosdir/ros2_ws/install/sim_1/share/sim_1/models/lc_can/materials/.DS_Store
[1.941s] -- Up-to-date symlink: /root/rosdir/ros2_ws/install/sim_1/share/sim_1/models/lc_can/materials/scripts/can.material
[1.984s] -- Up-to-date symlink: /root/rosdir/ros2_ws/install/sim_1/share/sim_1/models/lc_can/materials/textures/can.jpg
[1.997s] -- Up-to-date symlink: /root/rosdir/ros2_ws/install/sim_1/share/sim_1/models/lc_can/meshes/can.dae
[2.009s] -- Up-to-date symlink: /root/rosdir/ros2_ws/install/sim_1/share/sim_1/models/lc_can/model.config
[2.031s] -- Up-to-date symlink: /root/rosdir/ros2_ws/install/sim_1/share/sim_1/models/lc_floor/.DS_Store
[2.040s] -- Up-to-date symlink: /root/rosdir/ros2_ws/install/sim_1/share/sim_1/models/lc_floor/lc_floor.sdf
[2.066s] -- Up-to-date symlink: /root/rosdir/ros2_ws/install/sim_1/share/sim_1/models/lc_floor/materials/.DS_Store
[2.105s] -- Up-to-date symlink: /root/rosdir/ros2_ws/install/sim_1/share/sim_1/models/lc_floor/materials/scripts/floor.material
[2.124s] -- Up-to-date symlink: /root/rosdir/ros2_ws/install/sim_1/share/sim_1/models/lc_floor/materials/textures/floor.png
[2.139s] -- Up-to-date symlink: /root/rosdir/ros2_ws/install/sim_1/share/sim_1/models/lc_floor/model.config
[2.156s] -- Up-to-date symlink: /root/rosdir/ros2_ws/install/sim_1/share/sim_1/models/lc_shelf/.DS_Store
[2.180s] -- Up-to-date symlink: /root/rosdir/ros2_ws/install/sim_1/share/sim_1/models/lc_shelf/lc_shelf.sdf
[2.204s] -- Up-to-date symlink: /root/rosdir/ros2_ws/install/sim_1/share/sim_1/models/lc_shelf/materials/.DS_Store
[2.222s] -- Up-to-date symlink: /root/rosdir/ros2_ws/install/sim_1/share/sim_1/models/lc_shelf/materials/scripts/shelf.material
[2.254s] -- Up-to-date symlink: /root/rosdir/ros2_ws/install/sim_1/share/sim_1/models/lc_shelf/materials/textures/shelf.png
[2.297s] -- Up-to-date symlink: /root/rosdir/ros2_ws/install/sim_1/share/sim_1/models/lc_shelf/meshes/shelf.dae
[2.312s] -- Up-to-date symlink: /root/rosdir/ros2_ws/install/sim_1/share/sim_1/models/lc_shelf/model.config
[2.327s] -- Up-to-date symlink: /root/rosdir/ros2_ws/install/sim_1/share/sim_1/models/lc_sofa/.DS_Store
[2.346s] -- Up-to-date symlink: /root/rosdir/ros2_ws/install/sim_1/share/sim_1/models/lc_sofa/lc_sofa.sdf
[2.360s] -- Up-to-date symlink: /root/rosdir/ros2_ws/install/sim_1/share/sim_1/models/lc_sofa/materials/.DS_Store
[2.373s] -- Up-to-date symlink: /root/rosdir/ros2_ws/install/sim_1/share/sim_1/models/lc_sofa/materials/scripts/sofa.material
[2.389s] -- Up-to-date symlink: /root/rosdir/ros2_ws/install/sim_1/share/sim_1/models/lc_sofa/materials/textures/sofa.png
[2.405s] -- Up-to-date symlink: /root/rosdir/ros2_ws/install/sim_1/share/sim_1/models/lc_sofa/meshes/sofa.dae
[2.433s] -- Up-to-date symlink: /root/rosdir/ros2_ws/install/sim_1/share/sim_1/models/lc_sofa/model.config
[2.452s] -- Up-to-date symlink: /root/rosdir/ros2_ws/install/sim_1/share/sim_1/models/lc_table/.DS_Store
[2.460s] -- Up-to-date symlink: /root/rosdir/ros2_ws/install/sim_1/share/sim_1/models/lc_table/lc_table.sdf
[2.474s] -- Up-to-date symlink: /root/rosdir/ros2_ws/install/sim_1/share/sim_1/models/lc_table/materials/.DS_Store
[2.485s] -- Up-to-date symlink: /root/rosdir/ros2_ws/install/sim_1/share/sim_1/models/lc_table/materials/scripts/table.material
[2.499s] -- Up-to-date symlink: /root/rosdir/ros2_ws/install/sim_1/share/sim_1/models/lc_table/materials/textures/table.png
[2.558s] -- Up-to-date symlink: /root/rosdir/ros2_ws/install/sim_1/share/sim_1/models/lc_table/meshes/table.dae
[2.578s] -- Up-to-date symlink: /root/rosdir/ros2_ws/install/sim_1/share/sim_1/models/lc_table/model.config
[2.589s] -- Up-to-date symlink: /root/rosdir/ros2_ws/install/sim_1/share/sim_1/models/lc_tv/.DS_Store
[2.604s] -- Up-to-date symlink: /root/rosdir/ros2_ws/install/sim_1/share/sim_1/models/lc_tv/lc_tv.sdf
[2.623s] -- Up-to-date symlink: /root/rosdir/ros2_ws/install/sim_1/share/sim_1/models/lc_tv/materials/.DS_Store
[2.637s] -- Up-to-date symlink: /root/rosdir/ros2_ws/install/sim_1/share/sim_1/models/lc_tv/materials/scripts/tv.material
[2.654s] -- Up-to-date symlink: /root/rosdir/ros2_ws/install/sim_1/share/sim_1/models/lc_tv/materials/textures/tv.jpg
[2.676s] -- Up-to-date symlink: /root/rosdir/ros2_ws/install/sim_1/share/sim_1/models/lc_tv/materials/textures/tv_tex.jpeg
[2.687s] -- Up-to-date symlink: /root/rosdir/ros2_ws/install/sim_1/share/sim_1/models/lc_tv/meshes/tv.dae
[2.709s] -- Up-to-date symlink: /root/rosdir/ros2_ws/install/sim_1/share/sim_1/models/lc_tv/model.config
[2.735s] -- Up-to-date symlink: /root/rosdir/ros2_ws/install/sim_1/share/sim_1/models/lc_tv_stand/.DS_Store
[2.748s] -- Up-to-date symlink: /root/rosdir/ros2_ws/install/sim_1/share/sim_1/models/lc_tv_stand/lc_tv_stand.sdf
[2.767s] -- Up-to-date symlink: /root/rosdir/ros2_ws/install/sim_1/share/sim_1/models/lc_tv_stand/materials/.DS_Store
[2.790s] -- Up-to-date symlink: /root/rosdir/ros2_ws/install/sim_1/share/sim_1/models/lc_tv_stand/materials/scripts/tv_stand.material
[2.819s] -- Up-to-date symlink: /root/rosdir/ros2_ws/install/sim_1/share/sim_1/models/lc_tv_stand/materials/textures/tv-stand.png
[2.830s] -- Up-to-date symlink: /root/rosdir/ros2_ws/install/sim_1/share/sim_1/models/lc_tv_stand/meshes/tv_stand.dae
[2.849s] -- Up-to-date symlink: /root/rosdir/ros2_ws/install/sim_1/share/sim_1/models/lc_tv_stand/model.config
[2.863s] -- Up-to-date symlink: /root/rosdir/ros2_ws/install/sim_1/share/sim_1/models/my_chair/.DS_Store
[2.882s] -- Up-to-date symlink: /root/rosdir/ros2_ws/install/sim_1/share/sim_1/models/my_chair/chair.sdf
[2.911s] -- Up-to-date symlink: /root/rosdir/ros2_ws/install/sim_1/share/sim_1/models/my_chair/meshes/model.dae
[2.927s] -- Up-to-date symlink: /root/rosdir/ros2_ws/install/sim_1/share/sim_1/models/my_chair/meshes/model/_155840_2.jpg
[2.952s] -- Up-to-date symlink: /root/rosdir/ros2_ws/install/sim_1/share/sim_1/models/my_chair/meshes/model/_155840_2_0.jpg
[2.973s] -- Up-to-date symlink: /root/rosdir/ros2_ws/install/sim_1/share/sim_1/models/my_chair/meshes/model/_155840_2_1.jpg
[2.988s] -- Up-to-date symlink: /root/rosdir/ros2_ws/install/sim_1/share/sim_1/models/my_chair/meshes/model/_155840_2_2.jpg
[3.027s] -- Up-to-date symlink: /root/rosdir/ros2_ws/install/sim_1/share/sim_1/models/my_chair/meshes/model/_155840_2_3.jpg
[3.047s] -- Up-to-date symlink: /root/rosdir/ros2_ws/install/sim_1/share/sim_1/models/my_chair/meshes/model/_155840_2_4.jpg
[3.061s] -- Up-to-date symlink: /root/rosdir/ros2_ws/install/sim_1/share/sim_1/models/my_chair/model.config
[3.086s] -- Up-to-date symlink: /root/rosdir/ros2_ws/install/sim_1/share/sim_1/models/my_chair/my_chair.zip
[3.103s] -- Up-to-date symlink: /root/rosdir/ros2_ws/install/sim_1/share/sim_1/models/wallEast/.DS_Store
[3.133s] -- Up-to-date symlink: /root/rosdir/ros2_ws/install/sim_1/share/sim_1/models/wallEast/materials/.DS_Store
[3.154s] -- Up-to-date symlink: /root/rosdir/ros2_ws/install/sim_1/share/sim_1/models/wallEast/materials/scripts/wall_east.material
[3.169s] -- Up-to-date symlink: /root/rosdir/ros2_ws/install/sim_1/share/sim_1/models/wallEast/materials/textures/wall-east.png
[3.179s] -- Up-to-date symlink: /root/rosdir/ros2_ws/install/sim_1/share/sim_1/models/wallEast/meshes/wall-east.dae
[3.191s] -- Up-to-date symlink: /root/rosdir/ros2_ws/install/sim_1/share/sim_1/models/wallEast/model.config
[3.212s] -- Up-to-date symlink: /root/rosdir/ros2_ws/install/sim_1/share/sim_1/models/wallEast/wallEast.sdf
[3.233s] -- Up-to-date symlink: /root/rosdir/ros2_ws/install/sim_1/share/sim_1/models/wallNorth/.DS_Store
[3.250s] -- Up-to-date symlink: /root/rosdir/ros2_ws/install/sim_1/share/sim_1/models/wallNorth/materials/.DS_Store
[3.266s] -- Up-to-date symlink: /root/rosdir/ros2_ws/install/sim_1/share/sim_1/models/wallNorth/materials/scripts/wall_north.material
[3.293s] -- Up-to-date symlink: /root/rosdir/ros2_ws/install/sim_1/share/sim_1/models/wallNorth/materials/textures/wall-north.png
[3.305s] -- Up-to-date symlink: /root/rosdir/ros2_ws/install/sim_1/share/sim_1/models/wallNorth/meshes/wall-north.dae
[3.334s] -- Up-to-date symlink: /root/rosdir/ros2_ws/install/sim_1/share/sim_1/models/wallNorth/model.config
[3.345s] -- Up-to-date symlink: /root/rosdir/ros2_ws/install/sim_1/share/sim_1/models/wallNorth/wallNorth.sdf
[3.363s] -- Up-to-date symlink: /root/rosdir/ros2_ws/install/sim_1/share/sim_1/worlds/my_world.world
[3.372s] -- Up-to-date symlink: /root/rosdir/ros2_ws/install/sim_1/share/sim_1/worlds/room.world
[3.386s] -- Up-to-date symlink: /root/rosdir/ros2_ws/install/sim_1/share/sim_1/worlds/room1.world
[3.407s] Invoked command in '/root/rosdir/ros2_ws/build/sim_1' returned '0': CMAKE_PREFIX_PATH=${CMAKE_PREFIX_PATH}:/opt/ros/humble /usr/bin/cmake --install /root/rosdir/ros2_ws/build/sim_1
