[0.121s] Invoking command in '/root/rosdir/ros2_ws/build/urdf_tutorial': /usr/bin/cmake /root/rosdir/ros2_ws/src/urdf_tutorial -DCMAKE_INSTALL_PREFIX=/root/rosdir/ros2_ws/install/urdf_tutorial
[0.271s] [31mCMake Error at CMakeLists.txt:4 (find_package):
[0.279s]   By not providing "Findcatkin.cmake" in CMAKE_MODULE_PATH this project has
[0.286s]   asked CMake to find a package configuration file provided by "catkin", but
[0.292s]   CMake did not find one.
[0.305s] 
[0.312s]   Could not find a package configuration file provided by "catkin" with any
[0.325s]   of the following names:
[0.332s] 
[0.338s]     catkinConfig.cmake
[0.343s]     catkin-config.cmake
[0.350s] 
[0.355s]   Add the installation prefix of "catkin" to CMAKE_PREFIX_PATH or set
[0.359s]   "catkin_DIR" to a directory containing one of the above files.  If "catkin"
[0.364s]   provides a separate development package or SDK, be sure it has been
[0.372s]   installed.
[0.376s] 
[0.380s] [0m
[0.384s] -- Configuring incomplete, errors occurred!
[0.391s] See also "/root/rosdir/ros2_ws/build/urdf_tutorial/CMakeFiles/CMakeOutput.log".
[0.395s] Invoked command in '/root/rosdir/ros2_ws/build/urdf_tutorial' returned '1': /usr/bin/cmake /root/rosdir/ros2_ws/src/urdf_tutorial -DCMAKE_INSTALL_PREFIX=/root/rosdir/ros2_ws/install/urdf_tutorial
