[  1%] Built target turtlesim__cpp
[35m[1mConsolidate compiler generated dependencies of target turtlesim__rosidl_generator_c[0m
[ 11%] Built target turtlesim__rosidl_generator_c
[ 11%] Built target ament_cmake_python_copy_turtlesim
[35m[1mConsolidate compiler generated dependencies of target turtlesim__rosidl_typesupport_cpp[0m
[35m[1mConsolidate compiler generated dependencies of target turtlesim__rosidl_typesupport_fastrtps_c[0m
[ 21%] Built target turtlesim__rosidl_typesupport_cpp
[35m[1mConsolidate compiler generated dependencies of target turtlesim__rosidl_typesupport_fastrtps_cpp[0m
[ 31%] Built target turtlesim__rosidl_typesupport_fastrtps_c
[35m[1mConsolidate compiler generated dependencies of target turtlesim__rosidl_typesupport_introspection_c[0m
[ 41%] Built target turtlesim__rosidl_typesupport_introspection_c
[35m[1mConsolidate compiler generated dependencies of target turtlesim__rosidl_typesupport_c[0m
[ 51%] Built target turtlesim__rosidl_typesupport_c
[35m[1mConsolidate compiler generated dependencies of target turtlesim__rosidl_typesupport_introspection_cpp[0m
[ 61%] Built target turtlesim__rosidl_typesupport_fastrtps_cpp
[ 71%] Built target turtlesim__rosidl_typesupport_introspection_cpp
running egg_info
writing turtlesim.egg-info/PKG-INFO
writing dependency_links to turtlesim.egg-info/dependency_links.txt
[35m[1mConsolidate compiler generated dependencies of target turtlesim_node[0m
writing top-level names to turtlesim.egg-info/top_level.txt
reading manifest file 'turtlesim.egg-info/SOURCES.txt'
writing manifest file 'turtlesim.egg-info/SOURCES.txt'
[ 71%] Built target ament_cmake_python_build_turtlesim_egg
[35m[1mConsolidate compiler generated dependencies of target turtle_teleop_key[0m
[ 73%] Built target turtle_teleop_key
[35m[1mConsolidate compiler generated dependencies of target draw_square[0m
[ 75%] Built target draw_square
[35m[1mConsolidate compiler generated dependencies of target mimic[0m
[ 81%] Built target turtlesim_node
[ 81%] Built target turtlesim
[ 82%] Built target turtlesim__py
[35m[1mConsolidate compiler generated dependencies of target turtlesim__rosidl_generator_py[0m
gmake[2]: *** [CMakeFiles/mimic.dir/build.make:205: CMakeFiles/mimic.dir/depend] Interrupt
gmake[1]: *** [CMakeFiles/Makefile2:679: CMakeFiles/mimic.dir/all] Interrupt
gmake[2]: *** [CMakeFiles/turtlesim__rosidl_generator_py.dir/build.make:235: CMakeFiles/turtlesim__rosidl_generator_py.dir/depend] Interrupt
gmake[1]: *** [CMakeFiles/Makefile2:482: CMakeFiles/turtlesim__rosidl_generator_py.dir/all] Interrupt
gmake: *** [Makefile:146: all] Interrupt
