[0.344s] Invoking command in '/root/rosdir/ros2_ws/build/sim_1': CMAKE_PREFIX_PATH=${CMAKE_PREFIX_PATH}:/opt/ros/humble /usr/bin/cmake --build /root/rosdir/ros2_ws/build/sim_1 -- -j2 -l2
[0.506s] Invoked command in '/root/rosdir/ros2_ws/build/sim_1' returned '0': CMAKE_PREFIX_PATH=${CMAKE_PREFIX_PATH}:/opt/ros/humble /usr/bin/cmake --build /root/rosdir/ros2_ws/build/sim_1 -- -j2 -l2
[0.605s] Invoking command in '/root/rosdir/ros2_ws/build/sim_1': CMAKE_PREFIX_PATH=${CMAKE_PREFIX_PATH}:/opt/ros/humble /usr/bin/cmake --install /root/rosdir/ros2_ws/build/sim_1
[0.641s] -- Install configuration: ""
[0.659s] -- Execute custom install script
[0.678s] -- Up-to-date symlink: /root/rosdir/ros2_ws/install/sim_1/share/ament_index/resource_index/package_run_dependencies/sim_1
[0.694s] -- Up-to-date symlink: /root/rosdir/ros2_ws/install/sim_1/share/ament_index/resource_index/parent_prefix_path/sim_1
[0.706s] -- Up-to-date symlink: /root/rosdir/ros2_ws/install/sim_1/share/sim_1/environment/ament_prefix_path.sh
[0.719s] -- Up-to-date symlink: /root/rosdir/ros2_ws/install/sim_1/share/sim_1/environment/ament_prefix_path.dsv
[0.731s] -- Up-to-date symlink: /root/rosdir/ros2_ws/install/sim_1/share/sim_1/environment/path.sh
[0.745s] -- Up-to-date symlink: /root/rosdir/ros2_ws/install/sim_1/share/sim_1/environment/path.dsv
[0.756s] -- Up-to-date symlink: /root/rosdir/ros2_ws/install/sim_1/share/sim_1/local_setup.bash
[0.765s] -- Up-to-date symlink: /root/rosdir/ros2_ws/install/sim_1/share/sim_1/local_setup.sh
[0.780s] -- Up-to-date symlink: /root/rosdir/ros2_ws/install/sim_1/share/sim_1/local_setup.zsh
[0.800s] -- Up-to-date symlink: /root/rosdir/ros2_ws/install/sim_1/share/sim_1/local_setup.dsv
[0.809s] -- Symlinking: /root/rosdir/ros2_ws/install/sim_1/share/sim_1/package.dsv
[0.880s] -- Up-to-date symlink: /root/rosdir/ros2_ws/install/sim_1/share/ament_index/resource_index/packages/sim_1
[0.895s] -- Up-to-date symlink: /root/rosdir/ros2_ws/install/sim_1/share/sim_1/cmake/sim_1Config.cmake
[0.910s] -- Up-to-date symlink: /root/rosdir/ros2_ws/install/sim_1/share/sim_1/cmake/sim_1Config-version.cmake
[0.920s] -- Up-to-date symlink: /root/rosdir/ros2_ws/install/sim_1/share/sim_1/package.xml
[0.934s] -- Symlinking: /root/rosdir/ros2_ws/install/sim_1/share/sim_1/launch/mars.launch.py
[0.969s] -- Symlinking: /root/rosdir/ros2_ws/install/sim_1/share/sim_1/launch/mars_sim.launch.py
[1.017s] -- Up-to-date symlink: /root/rosdir/ros2_ws/install/sim_1/share/sim_1/launch/robo.launch
[1.041s] -- Up-to-date symlink: /root/rosdir/ros2_ws/install/sim_1/share/sim_1/launch/robo.launch.py
[1.323s] -- Up-to-date symlink: /root/rosdir/ros2_ws/install/sim_1/share/sim_1/models/.DS_Store
[1.335s] -- Up-to-date symlink: /root/rosdir/ros2_ws/install/sim_1/share/sim_1/models/lc_bookshelf/.DS_Store
[1.344s] -- Up-to-date symlink: /root/rosdir/ros2_ws/install/sim_1/share/sim_1/models/lc_bookshelf/lc_bookshelf.sdf
[1.357s] -- Up-to-date symlink: /root/rosdir/ros2_ws/install/sim_1/share/sim_1/models/lc_bookshelf/materials/.DS_Store
[1.367s] -- Up-to-date symlink: /root/rosdir/ros2_ws/install/sim_1/share/sim_1/models/lc_bookshelf/materials/scripts/bookshelf.material
[1.375s] -- Up-to-date symlink: /root/rosdir/ros2_ws/install/sim_1/share/sim_1/models/lc_bookshelf/materials/textures/bookshelf.png
[1.398s] -- Up-to-date symlink: /root/rosdir/ros2_ws/install/sim_1/share/sim_1/models/lc_bookshelf/meshes/bookshelf.dae
[1.409s] -- Up-to-date symlink: /root/rosdir/ros2_ws/install/sim_1/share/sim_1/models/lc_bookshelf/model.config
[1.423s] -- Up-to-date symlink: /root/rosdir/ros2_ws/install/sim_1/share/sim_1/models/lc_cabinet/.DS_Store
[1.432s] -- Up-to-date symlink: /root/rosdir/ros2_ws/install/sim_1/share/sim_1/models/lc_cabinet/lc_cabinet.sdf
[1.443s] -- Up-to-date symlink: /root/rosdir/ros2_ws/install/sim_1/share/sim_1/models/lc_cabinet/materials/.DS_Store
[1.455s] -- Up-to-date symlink: /root/rosdir/ros2_ws/install/sim_1/share/sim_1/models/lc_cabinet/materials/scripts/cabinet.material
[1.466s] -- Up-to-date symlink: /root/rosdir/ros2_ws/install/sim_1/share/sim_1/models/lc_cabinet/materials/textures/cabinet.png
[1.494s] -- Up-to-date symlink: /root/rosdir/ros2_ws/install/sim_1/share/sim_1/models/lc_cabinet/meshes/cabinet.dae
[1.503s] -- Up-to-date symlink: /root/rosdir/ros2_ws/install/sim_1/share/sim_1/models/lc_cabinet/model.config
[1.520s] -- Up-to-date symlink: /root/rosdir/ros2_ws/install/sim_1/share/sim_1/models/lc_can/.DS_Store
[1.531s] -- Up-to-date symlink: /root/rosdir/ros2_ws/install/sim_1/share/sim_1/models/lc_can/lc_can.sdf
[1.543s] -- Up-to-date symlink: /root/rosdir/ros2_ws/install/sim_1/share/sim_1/models/lc_can/materials/.DS_Store
[1.557s] -- Up-to-date symlink: /root/rosdir/ros2_ws/install/sim_1/share/sim_1/models/lc_can/materials/scripts/can.material
[1.569s] -- Up-to-date symlink: /root/rosdir/ros2_ws/install/sim_1/share/sim_1/models/lc_can/materials/textures/can.jpg
[1.581s] -- Up-to-date symlink: /root/rosdir/ros2_ws/install/sim_1/share/sim_1/models/lc_can/meshes/can.dae
[1.647s] -- Up-to-date symlink: /root/rosdir/ros2_ws/install/sim_1/share/sim_1/models/lc_can/model.config
[1.690s] -- Up-to-date symlink: /root/rosdir/ros2_ws/install/sim_1/share/sim_1/models/lc_floor/.DS_Store
[1.788s] -- Up-to-date symlink: /root/rosdir/ros2_ws/install/sim_1/share/sim_1/models/lc_floor/lc_floor.sdf
[1.798s] -- Up-to-date symlink: /root/rosdir/ros2_ws/install/sim_1/share/sim_1/models/lc_floor/materials/.DS_Store
[1.811s] -- Up-to-date symlink: /root/rosdir/ros2_ws/install/sim_1/share/sim_1/models/lc_floor/materials/scripts/floor.material
[1.818s] -- Up-to-date symlink: /root/rosdir/ros2_ws/install/sim_1/share/sim_1/models/lc_floor/materials/textures/floor.png
[1.826s] -- Up-to-date symlink: /root/rosdir/ros2_ws/install/sim_1/share/sim_1/models/lc_floor/model.config
[1.839s] -- Up-to-date symlink: /root/rosdir/ros2_ws/install/sim_1/share/sim_1/models/lc_shelf/.DS_Store
[1.851s] -- Up-to-date symlink: /root/rosdir/ros2_ws/install/sim_1/share/sim_1/models/lc_shelf/lc_shelf.sdf
[1.863s] -- Up-to-date symlink: /root/rosdir/ros2_ws/install/sim_1/share/sim_1/models/lc_shelf/materials/.DS_Store
[1.875s] -- Up-to-date symlink: /root/rosdir/ros2_ws/install/sim_1/share/sim_1/models/lc_shelf/materials/scripts/shelf.material
[1.888s] -- Up-to-date symlink: /root/rosdir/ros2_ws/install/sim_1/share/sim_1/models/lc_shelf/materials/textures/shelf.png
[1.905s] -- Up-to-date symlink: /root/rosdir/ros2_ws/install/sim_1/share/sim_1/models/lc_shelf/meshes/shelf.dae
[1.914s] -- Up-to-date symlink: /root/rosdir/ros2_ws/install/sim_1/share/sim_1/models/lc_shelf/model.config
[1.935s] -- Up-to-date symlink: /root/rosdir/ros2_ws/install/sim_1/share/sim_1/models/lc_sofa/.DS_Store
[1.952s] -- Up-to-date symlink: /root/rosdir/ros2_ws/install/sim_1/share/sim_1/models/lc_sofa/lc_sofa.sdf
[1.968s] -- Up-to-date symlink: /root/rosdir/ros2_ws/install/sim_1/share/sim_1/models/lc_sofa/materials/.DS_Store
[1.980s] -- Up-to-date symlink: /root/rosdir/ros2_ws/install/sim_1/share/sim_1/models/lc_sofa/materials/scripts/sofa.material
[1.996s] -- Up-to-date symlink: /root/rosdir/ros2_ws/install/sim_1/share/sim_1/models/lc_sofa/materials/textures/sofa.png
[2.013s] -- Up-to-date symlink: /root/rosdir/ros2_ws/install/sim_1/share/sim_1/models/lc_sofa/meshes/sofa.dae
[2.027s] -- Up-to-date symlink: /root/rosdir/ros2_ws/install/sim_1/share/sim_1/models/lc_sofa/model.config
[2.045s] -- Up-to-date symlink: /root/rosdir/ros2_ws/install/sim_1/share/sim_1/models/lc_table/.DS_Store
[2.082s] -- Up-to-date symlink: /root/rosdir/ros2_ws/install/sim_1/share/sim_1/models/lc_table/lc_table.sdf
[2.095s] -- Up-to-date symlink: /root/rosdir/ros2_ws/install/sim_1/share/sim_1/models/lc_table/materials/.DS_Store
[2.105s] -- Up-to-date symlink: /root/rosdir/ros2_ws/install/sim_1/share/sim_1/models/lc_table/materials/scripts/table.material
[2.118s] -- Up-to-date symlink: /root/rosdir/ros2_ws/install/sim_1/share/sim_1/models/lc_table/materials/textures/table.png
[2.134s] -- Up-to-date symlink: /root/rosdir/ros2_ws/install/sim_1/share/sim_1/models/lc_table/meshes/table.dae
[2.145s] -- Up-to-date symlink: /root/rosdir/ros2_ws/install/sim_1/share/sim_1/models/lc_table/model.config
[2.156s] -- Up-to-date symlink: /root/rosdir/ros2_ws/install/sim_1/share/sim_1/models/lc_tv/.DS_Store
[2.166s] -- Up-to-date symlink: /root/rosdir/ros2_ws/install/sim_1/share/sim_1/models/lc_tv/lc_tv.sdf
[2.176s] -- Up-to-date symlink: /root/rosdir/ros2_ws/install/sim_1/share/sim_1/models/lc_tv/materials/.DS_Store
[2.196s] -- Up-to-date symlink: /root/rosdir/ros2_ws/install/sim_1/share/sim_1/models/lc_tv/materials/scripts/tv.material
[2.207s] -- Up-to-date symlink: /root/rosdir/ros2_ws/install/sim_1/share/sim_1/models/lc_tv/materials/textures/tv.jpg
[2.217s] -- Up-to-date symlink: /root/rosdir/ros2_ws/install/sim_1/share/sim_1/models/lc_tv/materials/textures/tv_tex.jpeg
[2.229s] -- Up-to-date symlink: /root/rosdir/ros2_ws/install/sim_1/share/sim_1/models/lc_tv/meshes/tv.dae
[2.256s] -- Up-to-date symlink: /root/rosdir/ros2_ws/install/sim_1/share/sim_1/models/lc_tv/model.config
[2.271s] -- Up-to-date symlink: /root/rosdir/ros2_ws/install/sim_1/share/sim_1/models/lc_tv_stand/.DS_Store
[2.281s] -- Up-to-date symlink: /root/rosdir/ros2_ws/install/sim_1/share/sim_1/models/lc_tv_stand/lc_tv_stand.sdf
[2.295s] -- Up-to-date symlink: /root/rosdir/ros2_ws/install/sim_1/share/sim_1/models/lc_tv_stand/materials/.DS_Store
[2.311s] -- Up-to-date symlink: /root/rosdir/ros2_ws/install/sim_1/share/sim_1/models/lc_tv_stand/materials/scripts/tv_stand.material
[2.317s] -- Up-to-date symlink: /root/rosdir/ros2_ws/install/sim_1/share/sim_1/models/lc_tv_stand/materials/textures/tv-stand.png
[2.328s] -- Up-to-date symlink: /root/rosdir/ros2_ws/install/sim_1/share/sim_1/models/lc_tv_stand/meshes/tv_stand.dae
[2.338s] -- Up-to-date symlink: /root/rosdir/ros2_ws/install/sim_1/share/sim_1/models/lc_tv_stand/model.config
[2.370s] -- Symlinking: /root/rosdir/ros2_ws/install/sim_1/share/sim_1/models/marsyard2021_terrain/dem/marsyard_terrain_hm.tif
[2.416s] -- Symlinking: /root/rosdir/ros2_ws/install/sim_1/share/sim_1/models/marsyard2021_terrain/dem/marsyard_terrain_texture.png
[2.478s] -- Symlinking: /root/rosdir/ros2_ws/install/sim_1/share/sim_1/models/marsyard2021_terrain/meshes/lava.mtl
[2.647s] -- Symlinking: /root/rosdir/ros2_ws/install/sim_1/share/sim_1/models/marsyard2021_terrain/meshes/lava.obj
[2.708s] -- Symlinking: /root/rosdir/ros2_ws/install/sim_1/share/sim_1/models/marsyard2021_terrain/meshes/rocks_big.mtl
[2.749s] -- Symlinking: /root/rosdir/ros2_ws/install/sim_1/share/sim_1/models/marsyard2021_terrain/meshes/rocks_big.obj
[2.799s] -- Symlinking: /root/rosdir/ros2_ws/install/sim_1/share/sim_1/models/marsyard2021_terrain/meshes/rocks_medium.mtl
[2.847s] -- Symlinking: /root/rosdir/ros2_ws/install/sim_1/share/sim_1/models/marsyard2021_terrain/meshes/rocks_medium.obj
[2.902s] -- Symlinking: /root/rosdir/ros2_ws/install/sim_1/share/sim_1/models/marsyard2021_terrain/meshes/textures/fp_natur14l.jpg
[2.961s] -- Symlinking: /root/rosdir/ros2_ws/install/sim_1/share/sim_1/models/marsyard2021_terrain/meshes/textures/fp_rock.jpg
[3.000s] -- Symlinking: /root/rosdir/ros2_ws/install/sim_1/share/sim_1/models/marsyard2021_terrain/meshes/textures/fp_rock01bt.jpg
[3.046s] -- Symlinking: /root/rosdir/ros2_ws/install/sim_1/share/sim_1/models/marsyard2021_terrain/meshes/textures/fp_rock_spec.jpg
[3.116s] -- Symlinking: /root/rosdir/ros2_ws/install/sim_1/share/sim_1/models/marsyard2021_terrain/meshes/textures/fp_soil_02.jpg
[3.174s] -- Symlinking: /root/rosdir/ros2_ws/install/sim_1/share/sim_1/models/marsyard2021_terrain/model.config
[3.213s] -- Symlinking: /root/rosdir/ros2_ws/install/sim_1/share/sim_1/models/marsyard2021_terrain/model.sdf
[3.258s] -- Up-to-date symlink: /root/rosdir/ros2_ws/install/sim_1/share/sim_1/models/my_chair/.DS_Store
[3.278s] -- Up-to-date symlink: /root/rosdir/ros2_ws/install/sim_1/share/sim_1/models/my_chair/chair.sdf
[3.289s] -- Up-to-date symlink: /root/rosdir/ros2_ws/install/sim_1/share/sim_1/models/my_chair/meshes/model.dae
[3.303s] -- Up-to-date symlink: /root/rosdir/ros2_ws/install/sim_1/share/sim_1/models/my_chair/meshes/model/_155840_2.jpg
[3.312s] -- Up-to-date symlink: /root/rosdir/ros2_ws/install/sim_1/share/sim_1/models/my_chair/meshes/model/_155840_2_0.jpg
[3.325s] -- Up-to-date symlink: /root/rosdir/ros2_ws/install/sim_1/share/sim_1/models/my_chair/meshes/model/_155840_2_1.jpg
[3.337s] -- Up-to-date symlink: /root/rosdir/ros2_ws/install/sim_1/share/sim_1/models/my_chair/meshes/model/_155840_2_2.jpg
[3.368s] -- Up-to-date symlink: /root/rosdir/ros2_ws/install/sim_1/share/sim_1/models/my_chair/meshes/model/_155840_2_3.jpg
[3.426s] -- Up-to-date symlink: /root/rosdir/ros2_ws/install/sim_1/share/sim_1/models/my_chair/meshes/model/_155840_2_4.jpg
[3.455s] -- Up-to-date symlink: /root/rosdir/ros2_ws/install/sim_1/share/sim_1/models/my_chair/model.config
[3.488s] -- Up-to-date symlink: /root/rosdir/ros2_ws/install/sim_1/share/sim_1/models/my_chair/my_chair.zip
[3.497s] -- Up-to-date symlink: /root/rosdir/ros2_ws/install/sim_1/share/sim_1/models/wallEast/.DS_Store
[3.514s] -- Up-to-date symlink: /root/rosdir/ros2_ws/install/sim_1/share/sim_1/models/wallEast/materials/.DS_Store
[3.535s] -- Up-to-date symlink: /root/rosdir/ros2_ws/install/sim_1/share/sim_1/models/wallEast/materials/scripts/wall_east.material
[3.552s] -- Up-to-date symlink: /root/rosdir/ros2_ws/install/sim_1/share/sim_1/models/wallEast/materials/textures/wall-east.png
[3.563s] -- Up-to-date symlink: /root/rosdir/ros2_ws/install/sim_1/share/sim_1/models/wallEast/meshes/wall-east.dae
[3.578s] -- Up-to-date symlink: /root/rosdir/ros2_ws/install/sim_1/share/sim_1/models/wallEast/model.config
[3.602s] -- Up-to-date symlink: /root/rosdir/ros2_ws/install/sim_1/share/sim_1/models/wallEast/wallEast.sdf
[3.620s] -- Up-to-date symlink: /root/rosdir/ros2_ws/install/sim_1/share/sim_1/models/wallNorth/.DS_Store
[3.633s] -- Up-to-date symlink: /root/rosdir/ros2_ws/install/sim_1/share/sim_1/models/wallNorth/materials/.DS_Store
[3.649s] -- Up-to-date symlink: /root/rosdir/ros2_ws/install/sim_1/share/sim_1/models/wallNorth/materials/scripts/wall_north.material
[3.666s] -- Up-to-date symlink: /root/rosdir/ros2_ws/install/sim_1/share/sim_1/models/wallNorth/materials/textures/wall-north.png
[3.684s] -- Up-to-date symlink: /root/rosdir/ros2_ws/install/sim_1/share/sim_1/models/wallNorth/meshes/wall-north.dae
[3.699s] -- Up-to-date symlink: /root/rosdir/ros2_ws/install/sim_1/share/sim_1/models/wallNorth/model.config
[3.710s] -- Up-to-date symlink: /root/rosdir/ros2_ws/install/sim_1/share/sim_1/models/wallNorth/wallNorth.sdf
[3.726s] -- Symlinking: /root/rosdir/ros2_ws/install/sim_1/share/sim_1/worlds/marsyard2021.world
[3.787s] -- Up-to-date symlink: /root/rosdir/ros2_ws/install/sim_1/share/sim_1/worlds/my_world.world
[3.798s] -- Up-to-date symlink: /root/rosdir/ros2_ws/install/sim_1/share/sim_1/worlds/room.world
[3.811s] -- Up-to-date symlink: /root/rosdir/ros2_ws/install/sim_1/share/sim_1/worlds/room1.world
[3.832s] Invoked command in '/root/rosdir/ros2_ws/build/sim_1' returned '0': CMAKE_PREFIX_PATH=${CMAKE_PREFIX_PATH}:/opt/ros/humble /usr/bin/cmake --install /root/rosdir/ros2_ws/build/sim_1
