[0.244s] Invoking command in '/root/rosdir/ros2_ws/build/rover_descrip': CMAKE_PREFIX_PATH=${CMAKE_PREFIX_PATH}:/opt/ros/humble /usr/bin/cmake --build /root/rosdir/ros2_ws/build/rover_descrip -- -j2 -l2
[0.957s] Invoked command in '/root/rosdir/ros2_ws/build/rover_descrip' returned '0': CMAKE_PREFIX_PATH=${CMAKE_PREFIX_PATH}:/opt/ros/humble /usr/bin/cmake --build /root/rosdir/ros2_ws/build/rover_descrip -- -j2 -l2
[1.348s] Invoking command in '/root/rosdir/ros2_ws/build/rover_descrip': CMAKE_PREFIX_PATH=${CMAKE_PREFIX_PATH}:/opt/ros/humble /usr/bin/cmake --install /root/rosdir/ros2_ws/build/rover_descrip
[1.423s] -- Install configuration: ""
[1.448s] -- Execute custom install script
[1.466s] -- Up-to-date symlink: /root/rosdir/ros2_ws/install/rover_descrip/share/ament_index/resource_index/package_run_dependencies/rover_descrip
[1.477s] -- Up-to-date symlink: /root/rosdir/ros2_ws/install/rover_descrip/share/ament_index/resource_index/parent_prefix_path/rover_descrip
[1.495s] -- Up-to-date symlink: /root/rosdir/ros2_ws/install/rover_descrip/share/rover_descrip/environment/ament_prefix_path.sh
[1.522s] -- Up-to-date symlink: /root/rosdir/ros2_ws/install/rover_descrip/share/rover_descrip/environment/ament_prefix_path.dsv
[1.549s] -- Up-to-date symlink: /root/rosdir/ros2_ws/install/rover_descrip/share/rover_descrip/environment/path.sh
[1.582s] -- Up-to-date symlink: /root/rosdir/ros2_ws/install/rover_descrip/share/rover_descrip/environment/path.dsv
[1.600s] -- Up-to-date symlink: /root/rosdir/ros2_ws/install/rover_descrip/share/rover_descrip/local_setup.bash
[1.618s] -- Up-to-date symlink: /root/rosdir/ros2_ws/install/rover_descrip/share/rover_descrip/local_setup.sh
[1.649s] -- Up-to-date symlink: /root/rosdir/ros2_ws/install/rover_descrip/share/rover_descrip/local_setup.zsh
[1.667s] -- Up-to-date symlink: /root/rosdir/ros2_ws/install/rover_descrip/share/rover_descrip/local_setup.dsv
[1.676s] -- Symlinking: /root/rosdir/ros2_ws/install/rover_descrip/share/rover_descrip/package.dsv
[1.734s] -- Up-to-date symlink: /root/rosdir/ros2_ws/install/rover_descrip/share/ament_index/resource_index/packages/rover_descrip
[1.749s] -- Up-to-date symlink: /root/rosdir/ros2_ws/install/rover_descrip/share/rover_descrip/cmake/rover_descripConfig.cmake
[1.774s] -- Up-to-date symlink: /root/rosdir/ros2_ws/install/rover_descrip/share/rover_descrip/cmake/rover_descripConfig-version.cmake
[1.796s] -- Up-to-date symlink: /root/rosdir/ros2_ws/install/rover_descrip/share/rover_descrip/package.xml
[1.808s] Invoked command in '/root/rosdir/ros2_ws/build/rover_descrip' returned '0': CMAKE_PREFIX_PATH=${CMAKE_PREFIX_PATH}:/opt/ros/humble /usr/bin/cmake --install /root/rosdir/ros2_ws/build/rover_descrip
