[0.901s] DEBUG:colcon:Command line arguments: ['/usr/bin/colcon', 'build', '--symlink-install']
[0.906s] DEBUG:colcon:Parsed command line arguments: Namespace(log_base=None, log_level=None, verb_name='build', build_base='build', install_base='install', merge_install=False, symlink_install=True, test_result_base=None, continue_on_error=False, executor='parallel', parallel_workers=2, event_handlers=None, ignore_user_meta=False, metas=['./colcon.meta'], base_paths=['.'], packages_ignore=None, packages_ignore_regex=None, paths=None, packages_up_to=None, packages_up_to_regex=None, packages_above=None, packages_above_and_dependencies=None, packages_above_depth=None, packages_select_by_dep=None, packages_skip_by_dep=None, packages_skip_up_to=None, packages_select_build_failed=False, packages_skip_build_finished=False, packages_select_test_failures=False, packages_skip_test_passed=False, packages_select=None, packages_skip=None, packages_select_regex=None, packages_skip_regex=None, packages_start=None, packages_end=None, allow_overriding=[], cmake_args=None, cmake_target=None, cmake_target_skip_unavailable=False, cmake_clean_cache=False, cmake_clean_first=False, cmake_force_configure=False, ament_cmake_args=None, catkin_cmake_args=None, catkin_skip_building_tests=False, verb_parser=<colcon_defaults.argument_parser.defaults.DefaultArgumentsDecorator object at 0x7f271a663070>, verb_extension=<colcon_core.verb.build.BuildVerb object at 0x7f271affdf90>, main=<bound method BuildVerb.main of <colcon_core.verb.build.BuildVerb object at 0x7f271affdf90>>)
[1.156s] Level 1:colcon.colcon_core.package_discovery:discover_packages(colcon_meta) check parameters
[1.163s] Level 1:colcon.colcon_core.package_discovery:discover_packages(recursive) check parameters
[1.165s] Level 1:colcon.colcon_core.package_discovery:discover_packages(ignore) check parameters
[1.168s] Level 1:colcon.colcon_core.package_discovery:discover_packages(path) check parameters
[1.171s] Level 1:colcon.colcon_core.package_discovery:discover_packages(colcon_meta) discover
[1.177s] Level 1:colcon.colcon_core.package_discovery:discover_packages(recursive) discover
[1.180s] INFO:colcon.colcon_core.package_discovery:Crawling recursively for packages in '/root/rosdir/ros2_ws'
[1.183s] Level 1:colcon.colcon_core.package_identification:_identify(.) by extensions ['ignore', 'ignore_ament_install']
[1.187s] Level 1:colcon.colcon_core.package_identification:_identify(.) by extension 'ignore'
[1.192s] Level 1:colcon.colcon_core.package_identification:_identify(.) by extension 'ignore_ament_install'
[1.201s] Level 1:colcon.colcon_core.package_identification:_identify(.) by extensions ['colcon_pkg']
[1.203s] Level 1:colcon.colcon_core.package_identification:_identify(.) by extension 'colcon_pkg'
[1.206s] Level 1:colcon.colcon_core.package_identification:_identify(.) by extensions ['colcon_meta']
[1.208s] Level 1:colcon.colcon_core.package_identification:_identify(.) by extension 'colcon_meta'
[1.210s] Level 1:colcon.colcon_core.package_identification:_identify(.) by extensions ['ros']
[1.212s] Level 1:colcon.colcon_core.package_identification:_identify(.) by extension 'ros'
[1.258s] Level 1:colcon.colcon_core.package_identification:_identify(.) by extensions ['cmake', 'python']
[1.260s] Level 1:colcon.colcon_core.package_identification:_identify(.) by extension 'cmake'
[1.263s] Level 1:colcon.colcon_core.package_identification:_identify(.) by extension 'python'
[1.268s] Level 1:colcon.colcon_core.package_identification:_identify(.) by extensions ['python_setup_py']
[1.270s] Level 1:colcon.colcon_core.package_identification:_identify(.) by extension 'python_setup_py'
[1.288s] Level 1:colcon.colcon_core.package_identification:_identify(build) by extensions ['ignore', 'ignore_ament_install']
[1.290s] Level 1:colcon.colcon_core.package_identification:_identify(build) by extension 'ignore'
[1.293s] Level 1:colcon.colcon_core.package_identification:_identify(build) ignored
[1.319s] Level 1:colcon.colcon_core.package_identification:_identify(install) by extensions ['ignore', 'ignore_ament_install']
[1.324s] Level 1:colcon.colcon_core.package_identification:_identify(install) by extension 'ignore'
[1.326s] Level 1:colcon.colcon_core.package_identification:_identify(install) ignored
[1.357s] Level 1:colcon.colcon_core.package_identification:_identify(log) by extensions ['ignore', 'ignore_ament_install']
[1.359s] Level 1:colcon.colcon_core.package_identification:_identify(log) by extension 'ignore'
[1.361s] Level 1:colcon.colcon_core.package_identification:_identify(log) ignored
[1.364s] Level 1:colcon.colcon_core.package_identification:_identify(src) by extensions ['ignore', 'ignore_ament_install']
[1.367s] Level 1:colcon.colcon_core.package_identification:_identify(src) by extension 'ignore'
[1.370s] Level 1:colcon.colcon_core.package_identification:_identify(src) by extension 'ignore_ament_install'
[1.376s] Level 1:colcon.colcon_core.package_identification:_identify(src) by extensions ['colcon_pkg']
[1.378s] Level 1:colcon.colcon_core.package_identification:_identify(src) by extension 'colcon_pkg'
[1.382s] Level 1:colcon.colcon_core.package_identification:_identify(src) by extensions ['colcon_meta']
[1.385s] Level 1:colcon.colcon_core.package_identification:_identify(src) by extension 'colcon_meta'
[1.388s] Level 1:colcon.colcon_core.package_identification:_identify(src) by extensions ['ros']
[1.392s] Level 1:colcon.colcon_core.package_identification:_identify(src) by extension 'ros'
[1.402s] Level 1:colcon.colcon_core.package_identification:_identify(src) by extensions ['cmake', 'python']
[1.406s] Level 1:colcon.colcon_core.package_identification:_identify(src) by extension 'cmake'
[1.409s] Level 1:colcon.colcon_core.package_identification:_identify(src) by extension 'python'
[1.416s] Level 1:colcon.colcon_core.package_identification:_identify(src) by extensions ['python_setup_py']
[1.418s] Level 1:colcon.colcon_core.package_identification:_identify(src) by extension 'python_setup_py'
[1.431s] Level 1:colcon.colcon_core.package_identification:_identify(src/my_package) by extensions ['ignore', 'ignore_ament_install']
[1.444s] Level 1:colcon.colcon_core.package_identification:_identify(src/my_package) by extension 'ignore'
[1.447s] Level 1:colcon.colcon_core.package_identification:_identify(src/my_package) by extension 'ignore_ament_install'
[1.452s] Level 1:colcon.colcon_core.package_identification:_identify(src/my_package) by extensions ['colcon_pkg']
[1.453s] Level 1:colcon.colcon_core.package_identification:_identify(src/my_package) by extension 'colcon_pkg'
[1.457s] Level 1:colcon.colcon_core.package_identification:_identify(src/my_package) by extensions ['colcon_meta']
[1.458s] Level 1:colcon.colcon_core.package_identification:_identify(src/my_package) by extension 'colcon_meta'
[1.460s] Level 1:colcon.colcon_core.package_identification:_identify(src/my_package) by extensions ['ros']
[1.461s] Level 1:colcon.colcon_core.package_identification:_identify(src/my_package) by extension 'ros'
[1.500s] DEBUG:colcon.colcon_core.package_identification:Package 'src/my_package' with type 'ros.ament_cmake' and name 'my_package'
[1.503s] Level 1:colcon.colcon_core.package_identification:_identify(src/rover_descrip) by extensions ['ignore', 'ignore_ament_install']
[1.504s] Level 1:colcon.colcon_core.package_identification:_identify(src/rover_descrip) by extension 'ignore'
[1.509s] Level 1:colcon.colcon_core.package_identification:_identify(src/rover_descrip) by extension 'ignore_ament_install'
[1.513s] Level 1:colcon.colcon_core.package_identification:_identify(src/rover_descrip) by extensions ['colcon_pkg']
[1.515s] Level 1:colcon.colcon_core.package_identification:_identify(src/rover_descrip) by extension 'colcon_pkg'
[1.524s] Level 1:colcon.colcon_core.package_identification:_identify(src/rover_descrip) by extensions ['colcon_meta']
[1.528s] Level 1:colcon.colcon_core.package_identification:_identify(src/rover_descrip) by extension 'colcon_meta'
[1.533s] Level 1:colcon.colcon_core.package_identification:_identify(src/rover_descrip) by extensions ['ros']
[1.535s] Level 1:colcon.colcon_core.package_identification:_identify(src/rover_descrip) by extension 'ros'
[1.559s] DEBUG:colcon.colcon_core.package_identification:Package 'src/rover_descrip' with type 'ros.ament_cmake' and name 'rover_descrip'
[1.566s] Level 1:colcon.colcon_core.package_identification:_identify(src/sim_1) by extensions ['ignore', 'ignore_ament_install']
[1.569s] Level 1:colcon.colcon_core.package_identification:_identify(src/sim_1) by extension 'ignore'
[1.574s] Level 1:colcon.colcon_core.package_identification:_identify(src/sim_1) by extension 'ignore_ament_install'
[1.580s] Level 1:colcon.colcon_core.package_identification:_identify(src/sim_1) by extensions ['colcon_pkg']
[1.587s] Level 1:colcon.colcon_core.package_identification:_identify(src/sim_1) by extension 'colcon_pkg'
[1.593s] Level 1:colcon.colcon_core.package_identification:_identify(src/sim_1) by extensions ['colcon_meta']
[1.598s] Level 1:colcon.colcon_core.package_identification:_identify(src/sim_1) by extension 'colcon_meta'
[1.602s] Level 1:colcon.colcon_core.package_identification:_identify(src/sim_1) by extensions ['ros']
[1.604s] Level 1:colcon.colcon_core.package_identification:_identify(src/sim_1) by extension 'ros'
[1.637s] DEBUG:colcon.colcon_core.package_identification:Package 'src/sim_1' with type 'ros.ament_cmake' and name 'sim_1'
[1.648s] Level 1:colcon.colcon_core.package_discovery:discover_packages(recursive) using defaults
[1.650s] Level 1:colcon.colcon_core.package_discovery:discover_packages(ignore) discover
[1.668s] Level 1:colcon.colcon_core.package_discovery:discover_packages(ignore) using defaults
[1.671s] Level 1:colcon.colcon_core.package_discovery:discover_packages(path) discover
[1.674s] Level 1:colcon.colcon_core.package_discovery:discover_packages(path) using defaults
[1.827s] Level 1:colcon.colcon_core.package_discovery:discover_packages(prefix_path) check parameters
[1.829s] Level 1:colcon.colcon_core.package_discovery:discover_packages(prefix_path) discover
[1.842s] DEBUG:colcon.colcon_installed_package_information.package_discovery:Found 1 installed packages in /root/basic_mobile_robot/install
[1.865s] DEBUG:colcon.colcon_installed_package_information.package_discovery:Found 352 installed packages in /opt/ros/humble
[1.882s] Level 1:colcon.colcon_core.package_discovery:discover_packages(prefix_path) using defaults
[2.236s] Level 5:colcon.colcon_core.verb:set package 'my_package' build argument 'cmake_args' from command line to 'None'
[2.237s] Level 5:colcon.colcon_core.verb:set package 'my_package' build argument 'cmake_target' from command line to 'None'
[2.241s] Level 5:colcon.colcon_core.verb:set package 'my_package' build argument 'cmake_target_skip_unavailable' from command line to 'False'
[2.243s] Level 5:colcon.colcon_core.verb:set package 'my_package' build argument 'cmake_clean_cache' from command line to 'False'
[2.244s] Level 5:colcon.colcon_core.verb:set package 'my_package' build argument 'cmake_clean_first' from command line to 'False'
[2.245s] Level 5:colcon.colcon_core.verb:set package 'my_package' build argument 'cmake_force_configure' from command line to 'False'
[2.247s] Level 5:colcon.colcon_core.verb:set package 'my_package' build argument 'ament_cmake_args' from command line to 'None'
[2.249s] Level 5:colcon.colcon_core.verb:set package 'my_package' build argument 'catkin_cmake_args' from command line to 'None'
[2.250s] Level 5:colcon.colcon_core.verb:set package 'my_package' build argument 'catkin_skip_building_tests' from command line to 'False'
[2.252s] DEBUG:colcon.colcon_core.verb:Building package 'my_package' with the following arguments: {'ament_cmake_args': None, 'build_base': '/root/rosdir/ros2_ws/build/my_package', 'catkin_cmake_args': None, 'catkin_skip_building_tests': False, 'cmake_args': None, 'cmake_clean_cache': False, 'cmake_clean_first': False, 'cmake_force_configure': False, 'cmake_target': None, 'cmake_target_skip_unavailable': False, 'install_base': '/root/rosdir/ros2_ws/install/my_package', 'merge_install': False, 'path': '/root/rosdir/ros2_ws/src/my_package', 'symlink_install': True, 'test_result_base': None}
[2.256s] Level 5:colcon.colcon_core.verb:set package 'rover_descrip' build argument 'cmake_args' from command line to 'None'
[2.259s] Level 5:colcon.colcon_core.verb:set package 'rover_descrip' build argument 'cmake_target' from command line to 'None'
[2.260s] Level 5:colcon.colcon_core.verb:set package 'rover_descrip' build argument 'cmake_target_skip_unavailable' from command line to 'False'
[2.262s] Level 5:colcon.colcon_core.verb:set package 'rover_descrip' build argument 'cmake_clean_cache' from command line to 'False'
[2.264s] Level 5:colcon.colcon_core.verb:set package 'rover_descrip' build argument 'cmake_clean_first' from command line to 'False'
[2.265s] Level 5:colcon.colcon_core.verb:set package 'rover_descrip' build argument 'cmake_force_configure' from command line to 'False'
[2.266s] Level 5:colcon.colcon_core.verb:set package 'rover_descrip' build argument 'ament_cmake_args' from command line to 'None'
[2.268s] Level 5:colcon.colcon_core.verb:set package 'rover_descrip' build argument 'catkin_cmake_args' from command line to 'None'
[2.269s] Level 5:colcon.colcon_core.verb:set package 'rover_descrip' build argument 'catkin_skip_building_tests' from command line to 'False'
[2.271s] DEBUG:colcon.colcon_core.verb:Building package 'rover_descrip' with the following arguments: {'ament_cmake_args': None, 'build_base': '/root/rosdir/ros2_ws/build/rover_descrip', 'catkin_cmake_args': None, 'catkin_skip_building_tests': False, 'cmake_args': None, 'cmake_clean_cache': False, 'cmake_clean_first': False, 'cmake_force_configure': False, 'cmake_target': None, 'cmake_target_skip_unavailable': False, 'install_base': '/root/rosdir/ros2_ws/install/rover_descrip', 'merge_install': False, 'path': '/root/rosdir/ros2_ws/src/rover_descrip', 'symlink_install': True, 'test_result_base': None}
[2.276s] Level 5:colcon.colcon_core.verb:set package 'sim_1' build argument 'cmake_args' from command line to 'None'
[2.280s] Level 5:colcon.colcon_core.verb:set package 'sim_1' build argument 'cmake_target' from command line to 'None'
[2.281s] Level 5:colcon.colcon_core.verb:set package 'sim_1' build argument 'cmake_target_skip_unavailable' from command line to 'False'
[2.283s] Level 5:colcon.colcon_core.verb:set package 'sim_1' build argument 'cmake_clean_cache' from command line to 'False'
[2.284s] Level 5:colcon.colcon_core.verb:set package 'sim_1' build argument 'cmake_clean_first' from command line to 'False'
[2.286s] Level 5:colcon.colcon_core.verb:set package 'sim_1' build argument 'cmake_force_configure' from command line to 'False'
[2.288s] Level 5:colcon.colcon_core.verb:set package 'sim_1' build argument 'ament_cmake_args' from command line to 'None'
[2.289s] Level 5:colcon.colcon_core.verb:set package 'sim_1' build argument 'catkin_cmake_args' from command line to 'None'
[2.291s] Level 5:colcon.colcon_core.verb:set package 'sim_1' build argument 'catkin_skip_building_tests' from command line to 'False'
[2.292s] DEBUG:colcon.colcon_core.verb:Building package 'sim_1' with the following arguments: {'ament_cmake_args': None, 'build_base': '/root/rosdir/ros2_ws/build/sim_1', 'catkin_cmake_args': None, 'catkin_skip_building_tests': False, 'cmake_args': None, 'cmake_clean_cache': False, 'cmake_clean_first': False, 'cmake_force_configure': False, 'cmake_target': None, 'cmake_target_skip_unavailable': False, 'install_base': '/root/rosdir/ros2_ws/install/sim_1', 'merge_install': False, 'path': '/root/rosdir/ros2_ws/src/sim_1', 'symlink_install': True, 'test_result_base': None}
[2.296s] INFO:colcon.colcon_core.executor:Executing jobs using 'parallel' executor
[2.308s] DEBUG:colcon.colcon_parallel_executor.executor.parallel:run_until_complete
[2.311s] INFO:colcon.colcon_ros.task.ament_cmake.build:Building ROS package in '/root/rosdir/ros2_ws/src/my_package' with build type 'ament_cmake'
[2.314s] INFO:colcon.colcon_cmake.task.cmake.build:Building CMake package in '/root/rosdir/ros2_ws/src/my_package'
[2.331s] INFO:colcon.colcon_core.plugin_system:Skipping extension 'colcon_core.shell.bat': Not used on non-Windows systems
[2.335s] INFO:colcon.colcon_core.shell:Skip shell extension 'powershell' for command environment: Not usable outside of PowerShell
[2.339s] DEBUG:colcon.colcon_core.shell:Skip shell extension 'dsv' for command environment
[2.405s] INFO:colcon.colcon_ros.task.ament_cmake.build:Building ROS package in '/root/rosdir/ros2_ws/src/rover_descrip' with build type 'ament_cmake'
[2.427s] INFO:colcon.colcon_cmake.task.cmake.build:Building CMake package in '/root/rosdir/ros2_ws/src/rover_descrip'
[2.437s] INFO:colcon.colcon_core.shell:Skip shell extension 'powershell' for command environment: Not usable outside of PowerShell
[2.440s] DEBUG:colcon.colcon_core.shell:Skip shell extension 'dsv' for command environment
[2.647s] DEBUG:colcon.colcon_core.event_handler.log_command:Invoking command in '/root/rosdir/ros2_ws/build/my_package': CMAKE_PREFIX_PATH=${CMAKE_PREFIX_PATH}:/opt/ros/humble /usr/bin/cmake --build /root/rosdir/ros2_ws/build/my_package -- -j2 -l2
[2.764s] DEBUG:colcon.colcon_core.event_handler.log_command:Invoking command in '/root/rosdir/ros2_ws/build/rover_descrip': CMAKE_PREFIX_PATH=${CMAKE_PREFIX_PATH}:/opt/ros/humble /usr/bin/cmake --build /root/rosdir/ros2_ws/build/rover_descrip -- -j2 -l2
[3.219s] DEBUG:colcon.colcon_core.event_handler.log_command:Invoked command in '/root/rosdir/ros2_ws/build/rover_descrip' returned '0': CMAKE_PREFIX_PATH=${CMAKE_PREFIX_PATH}:/opt/ros/humble /usr/bin/cmake --build /root/rosdir/ros2_ws/build/rover_descrip -- -j2 -l2
[3.466s] DEBUG:colcon.colcon_core.event_handler.log_command:Invoking command in '/root/rosdir/ros2_ws/build/rover_descrip': CMAKE_PREFIX_PATH=${CMAKE_PREFIX_PATH}:/opt/ros/humble /usr/bin/cmake --install /root/rosdir/ros2_ws/build/rover_descrip
[3.808s] DEBUG:colcon.colcon_core.event_handler.log_command:Invoked command in '/root/rosdir/ros2_ws/build/my_package' returned '0': CMAKE_PREFIX_PATH=${CMAKE_PREFIX_PATH}:/opt/ros/humble /usr/bin/cmake --build /root/rosdir/ros2_ws/build/my_package -- -j2 -l2
[3.960s] Level 1:colcon.colcon_core.environment:create_environment_scripts_only(rover_descrip)
[3.986s] Level 1:colcon.colcon_core.environment:checking '/root/rosdir/ros2_ws/install/rover_descrip' for CMake module files
[3.995s] DEBUG:colcon.colcon_core.event_handler.log_command:Invoked command in '/root/rosdir/ros2_ws/build/rover_descrip' returned '0': CMAKE_PREFIX_PATH=${CMAKE_PREFIX_PATH}:/opt/ros/humble /usr/bin/cmake --install /root/rosdir/ros2_ws/build/rover_descrip
[4.143s] Level 1:colcon.colcon_core.environment:checking '/root/rosdir/ros2_ws/install/rover_descrip' for CMake config files
[4.211s] Level 1:colcon.colcon_core.shell:create_environment_hook('rover_descrip', 'cmake_prefix_path')
[4.215s] INFO:colcon.colcon_core.shell:Creating environment hook '/root/rosdir/ros2_ws/install/rover_descrip/share/rover_descrip/hook/cmake_prefix_path.ps1'
[4.233s] INFO:colcon.colcon_core.shell:Creating environment descriptor '/root/rosdir/ros2_ws/install/rover_descrip/share/rover_descrip/hook/cmake_prefix_path.dsv'
[4.247s] INFO:colcon.colcon_core.shell:Creating environment hook '/root/rosdir/ros2_ws/install/rover_descrip/share/rover_descrip/hook/cmake_prefix_path.sh'
[4.272s] Level 1:colcon.colcon_core.environment:checking '/root/rosdir/ros2_ws/install/rover_descrip/bin'
[4.275s] Level 1:colcon.colcon_core.environment:checking '/root/rosdir/ros2_ws/install/rover_descrip/lib/pkgconfig/rover_descrip.pc'
[4.277s] Level 1:colcon.colcon_core.environment:checking '/root/rosdir/ros2_ws/install/rover_descrip/lib/python3.10/site-packages'
[4.280s] Level 1:colcon.colcon_core.environment:checking '/root/rosdir/ros2_ws/install/rover_descrip/bin'
[4.294s] INFO:colcon.colcon_core.shell:Creating package script '/root/rosdir/ros2_ws/install/rover_descrip/share/rover_descrip/package.ps1'
[4.308s] INFO:colcon.colcon_core.shell:Creating package descriptor '/root/rosdir/ros2_ws/install/rover_descrip/share/rover_descrip/package.dsv'
[4.322s] INFO:colcon.colcon_core.shell:Creating package script '/root/rosdir/ros2_ws/install/rover_descrip/share/rover_descrip/package.sh'
[4.337s] INFO:colcon.colcon_core.shell:Creating package script '/root/rosdir/ros2_ws/install/rover_descrip/share/rover_descrip/package.bash'
[4.350s] INFO:colcon.colcon_core.shell:Creating package script '/root/rosdir/ros2_ws/install/rover_descrip/share/rover_descrip/package.zsh'
[4.363s] Level 1:colcon.colcon_core.environment:create_file_with_runtime_dependencies(/root/rosdir/ros2_ws/install/rover_descrip/share/colcon-core/packages/rover_descrip)
[4.411s] DEBUG:colcon.colcon_core.event_handler.log_command:Invoking command in '/root/rosdir/ros2_ws/build/my_package': CMAKE_PREFIX_PATH=${CMAKE_PREFIX_PATH}:/opt/ros/humble /usr/bin/cmake --install /root/rosdir/ros2_ws/build/my_package
[4.594s] Level 1:colcon.colcon_core.environment:create_environment_scripts_only(rover_descrip)
[4.654s] Level 1:colcon.colcon_core.environment:checking '/root/rosdir/ros2_ws/install/rover_descrip' for CMake module files
[4.766s] Level 1:colcon.colcon_core.environment:checking '/root/rosdir/ros2_ws/install/rover_descrip' for CMake config files
[4.793s] Level 1:colcon.colcon_core.shell:create_environment_hook('rover_descrip', 'cmake_prefix_path')
[4.797s] INFO:colcon.colcon_core.shell:Creating environment hook '/root/rosdir/ros2_ws/install/rover_descrip/share/rover_descrip/hook/cmake_prefix_path.ps1'
[4.813s] INFO:colcon.colcon_core.shell:Creating environment descriptor '/root/rosdir/ros2_ws/install/rover_descrip/share/rover_descrip/hook/cmake_prefix_path.dsv'
[4.867s] INFO:colcon.colcon_core.shell:Creating environment hook '/root/rosdir/ros2_ws/install/rover_descrip/share/rover_descrip/hook/cmake_prefix_path.sh'
[4.927s] Level 1:colcon.colcon_core.environment:checking '/root/rosdir/ros2_ws/install/rover_descrip/bin'
[4.957s] Level 1:colcon.colcon_core.environment:checking '/root/rosdir/ros2_ws/install/rover_descrip/lib/pkgconfig/rover_descrip.pc'
[4.981s] Level 1:colcon.colcon_core.environment:checking '/root/rosdir/ros2_ws/install/rover_descrip/lib/python3.10/site-packages'
[4.995s] Level 1:colcon.colcon_core.environment:checking '/root/rosdir/ros2_ws/install/rover_descrip/bin'
[5.014s] INFO:colcon.colcon_core.shell:Creating package script '/root/rosdir/ros2_ws/install/rover_descrip/share/rover_descrip/package.ps1'
[5.051s] INFO:colcon.colcon_core.shell:Creating package descriptor '/root/rosdir/ros2_ws/install/rover_descrip/share/rover_descrip/package.dsv'
[5.060s] INFO:colcon.colcon_core.shell:Creating package script '/root/rosdir/ros2_ws/install/rover_descrip/share/rover_descrip/package.sh'
[5.072s] INFO:colcon.colcon_core.shell:Creating package script '/root/rosdir/ros2_ws/install/rover_descrip/share/rover_descrip/package.bash'
[5.089s] INFO:colcon.colcon_core.shell:Creating package script '/root/rosdir/ros2_ws/install/rover_descrip/share/rover_descrip/package.zsh'
[5.264s] Level 1:colcon.colcon_core.environment:create_file_with_runtime_dependencies(/root/rosdir/ros2_ws/install/rover_descrip/share/colcon-core/packages/rover_descrip)
[5.280s] INFO:colcon.colcon_ros.task.ament_cmake.build:Building ROS package in '/root/rosdir/ros2_ws/src/sim_1' with build type 'ament_cmake'
[5.287s] INFO:colcon.colcon_cmake.task.cmake.build:Building CMake package in '/root/rosdir/ros2_ws/src/sim_1'
[5.306s] INFO:colcon.colcon_core.shell:Skip shell extension 'powershell' for command environment: Not usable outside of PowerShell
[5.308s] DEBUG:colcon.colcon_core.shell:Skip shell extension 'dsv' for command environment
[5.358s] Level 1:colcon.colcon_core.environment:create_environment_scripts_only(my_package)
[5.386s] DEBUG:colcon.colcon_core.event_handler.log_command:Invoked command in '/root/rosdir/ros2_ws/build/my_package' returned '0': CMAKE_PREFIX_PATH=${CMAKE_PREFIX_PATH}:/opt/ros/humble /usr/bin/cmake --install /root/rosdir/ros2_ws/build/my_package
[5.395s] Level 1:colcon.colcon_core.environment:checking '/root/rosdir/ros2_ws/install/my_package' for CMake module files
[5.489s] Level 1:colcon.colcon_core.environment:checking '/root/rosdir/ros2_ws/install/my_package' for CMake config files
[5.537s] Level 1:colcon.colcon_core.shell:create_environment_hook('my_package', 'cmake_prefix_path')
[5.547s] INFO:colcon.colcon_core.shell:Creating environment hook '/root/rosdir/ros2_ws/install/my_package/share/my_package/hook/cmake_prefix_path.ps1'
[5.560s] INFO:colcon.colcon_core.shell:Creating environment descriptor '/root/rosdir/ros2_ws/install/my_package/share/my_package/hook/cmake_prefix_path.dsv'
[5.575s] INFO:colcon.colcon_core.shell:Creating environment hook '/root/rosdir/ros2_ws/install/my_package/share/my_package/hook/cmake_prefix_path.sh'
[5.591s] Level 1:colcon.colcon_core.environment:checking '/root/rosdir/ros2_ws/install/my_package/lib'
[5.595s] Level 1:colcon.colcon_core.environment:checking '/root/rosdir/ros2_ws/install/my_package/bin'
[5.601s] Level 1:colcon.colcon_core.environment:checking '/root/rosdir/ros2_ws/install/my_package/lib/pkgconfig/my_package.pc'
[5.605s] Level 1:colcon.colcon_core.environment:checking '/root/rosdir/ros2_ws/install/my_package/lib/python3.10/site-packages'
[5.611s] Level 1:colcon.colcon_core.environment:checking '/root/rosdir/ros2_ws/install/my_package/bin'
[5.620s] INFO:colcon.colcon_core.shell:Creating package script '/root/rosdir/ros2_ws/install/my_package/share/my_package/package.ps1'
[5.632s] INFO:colcon.colcon_core.shell:Creating package descriptor '/root/rosdir/ros2_ws/install/my_package/share/my_package/package.dsv'
[5.644s] INFO:colcon.colcon_core.shell:Creating package script '/root/rosdir/ros2_ws/install/my_package/share/my_package/package.sh'
[5.655s] INFO:colcon.colcon_core.shell:Creating package script '/root/rosdir/ros2_ws/install/my_package/share/my_package/package.bash'
[5.663s] INFO:colcon.colcon_core.shell:Creating package script '/root/rosdir/ros2_ws/install/my_package/share/my_package/package.zsh'
[5.672s] Level 1:colcon.colcon_core.environment:create_file_with_runtime_dependencies(/root/rosdir/ros2_ws/install/my_package/share/colcon-core/packages/my_package)
[5.899s] DEBUG:colcon.colcon_core.event_handler.log_command:Invoking command in '/root/rosdir/ros2_ws/build/sim_1': CMAKE_PREFIX_PATH=${CMAKE_PREFIX_PATH}:/opt/ros/humble /usr/bin/cmake --build /root/rosdir/ros2_ws/build/sim_1 -- -j2 -l2
[5.965s] Level 1:colcon.colcon_core.environment:create_environment_scripts_only(my_package)
[5.981s] Level 1:colcon.colcon_core.environment:checking '/root/rosdir/ros2_ws/install/my_package' for CMake module files
[6.049s] Level 1:colcon.colcon_core.environment:checking '/root/rosdir/ros2_ws/install/my_package' for CMake config files
[6.107s] Level 1:colcon.colcon_core.shell:create_environment_hook('my_package', 'cmake_prefix_path')
[6.112s] INFO:colcon.colcon_core.shell:Creating environment hook '/root/rosdir/ros2_ws/install/my_package/share/my_package/hook/cmake_prefix_path.ps1'
[6.136s] INFO:colcon.colcon_core.shell:Creating environment descriptor '/root/rosdir/ros2_ws/install/my_package/share/my_package/hook/cmake_prefix_path.dsv'
[6.150s] INFO:colcon.colcon_core.shell:Creating environment hook '/root/rosdir/ros2_ws/install/my_package/share/my_package/hook/cmake_prefix_path.sh'
[6.164s] Level 1:colcon.colcon_core.environment:checking '/root/rosdir/ros2_ws/install/my_package/lib'
[6.168s] Level 1:colcon.colcon_core.environment:checking '/root/rosdir/ros2_ws/install/my_package/bin'
[6.173s] Level 1:colcon.colcon_core.environment:checking '/root/rosdir/ros2_ws/install/my_package/lib/pkgconfig/my_package.pc'
[6.181s] Level 1:colcon.colcon_core.environment:checking '/root/rosdir/ros2_ws/install/my_package/lib/python3.10/site-packages'
[6.185s] Level 1:colcon.colcon_core.environment:checking '/root/rosdir/ros2_ws/install/my_package/bin'
[6.206s] INFO:colcon.colcon_core.shell:Creating package script '/root/rosdir/ros2_ws/install/my_package/share/my_package/package.ps1'
[6.218s] INFO:colcon.colcon_core.shell:Creating package descriptor '/root/rosdir/ros2_ws/install/my_package/share/my_package/package.dsv'
[6.250s] INFO:colcon.colcon_core.shell:Creating package script '/root/rosdir/ros2_ws/install/my_package/share/my_package/package.sh'
[6.272s] INFO:colcon.colcon_core.shell:Creating package script '/root/rosdir/ros2_ws/install/my_package/share/my_package/package.bash'
[6.283s] INFO:colcon.colcon_core.shell:Creating package script '/root/rosdir/ros2_ws/install/my_package/share/my_package/package.zsh'
[6.297s] Level 1:colcon.colcon_core.environment:create_file_with_runtime_dependencies(/root/rosdir/ros2_ws/install/my_package/share/colcon-core/packages/my_package)
[6.383s] DEBUG:colcon.colcon_core.event_handler.log_command:Invoked command in '/root/rosdir/ros2_ws/build/sim_1' returned '0': CMAKE_PREFIX_PATH=${CMAKE_PREFIX_PATH}:/opt/ros/humble /usr/bin/cmake --build /root/rosdir/ros2_ws/build/sim_1 -- -j2 -l2
[6.474s] DEBUG:colcon.colcon_core.event_handler.log_command:Invoking command in '/root/rosdir/ros2_ws/build/sim_1': CMAKE_PREFIX_PATH=${CMAKE_PREFIX_PATH}:/opt/ros/humble /usr/bin/cmake --install /root/rosdir/ros2_ws/build/sim_1
[10.299s] Level 1:colcon.colcon_core.environment:create_environment_scripts_only(sim_1)
[10.307s] Level 1:colcon.colcon_core.environment:checking '/root/rosdir/ros2_ws/install/sim_1' for CMake module files
[10.307s] DEBUG:colcon.colcon_core.event_handler.log_command:Invoked command in '/root/rosdir/ros2_ws/build/sim_1' returned '0': CMAKE_PREFIX_PATH=${CMAKE_PREFIX_PATH}:/opt/ros/humble /usr/bin/cmake --install /root/rosdir/ros2_ws/build/sim_1
[10.400s] Level 1:colcon.colcon_core.environment:checking '/root/rosdir/ros2_ws/install/sim_1' for CMake config files
[10.453s] Level 1:colcon.colcon_core.shell:create_environment_hook('sim_1', 'cmake_prefix_path')
[10.456s] INFO:colcon.colcon_core.shell:Creating environment hook '/root/rosdir/ros2_ws/install/sim_1/share/sim_1/hook/cmake_prefix_path.ps1'
[10.464s] INFO:colcon.colcon_core.shell:Creating environment descriptor '/root/rosdir/ros2_ws/install/sim_1/share/sim_1/hook/cmake_prefix_path.dsv'
[10.474s] INFO:colcon.colcon_core.shell:Creating environment hook '/root/rosdir/ros2_ws/install/sim_1/share/sim_1/hook/cmake_prefix_path.sh'
[10.485s] Level 1:colcon.colcon_core.environment:checking '/root/rosdir/ros2_ws/install/sim_1/bin'
[10.489s] Level 1:colcon.colcon_core.environment:checking '/root/rosdir/ros2_ws/install/sim_1/lib/pkgconfig/sim_1.pc'
[10.491s] Level 1:colcon.colcon_core.environment:checking '/root/rosdir/ros2_ws/install/sim_1/lib/python3.10/site-packages'
[10.494s] Level 1:colcon.colcon_core.environment:checking '/root/rosdir/ros2_ws/install/sim_1/bin'
[10.500s] INFO:colcon.colcon_core.shell:Creating package script '/root/rosdir/ros2_ws/install/sim_1/share/sim_1/package.ps1'
[10.508s] INFO:colcon.colcon_core.shell:Creating package descriptor '/root/rosdir/ros2_ws/install/sim_1/share/sim_1/package.dsv'
[10.518s] INFO:colcon.colcon_core.shell:Creating package script '/root/rosdir/ros2_ws/install/sim_1/share/sim_1/package.sh'
[10.527s] INFO:colcon.colcon_core.shell:Creating package script '/root/rosdir/ros2_ws/install/sim_1/share/sim_1/package.bash'
[10.535s] INFO:colcon.colcon_core.shell:Creating package script '/root/rosdir/ros2_ws/install/sim_1/share/sim_1/package.zsh'
[10.544s] Level 1:colcon.colcon_core.environment:create_file_with_runtime_dependencies(/root/rosdir/ros2_ws/install/sim_1/share/colcon-core/packages/sim_1)
[10.684s] Level 1:colcon.colcon_core.environment:create_environment_scripts_only(sim_1)
[10.691s] Level 1:colcon.colcon_core.environment:checking '/root/rosdir/ros2_ws/install/sim_1' for CMake module files
[10.739s] Level 1:colcon.colcon_core.environment:checking '/root/rosdir/ros2_ws/install/sim_1' for CMake config files
[10.806s] Level 1:colcon.colcon_core.shell:create_environment_hook('sim_1', 'cmake_prefix_path')
[10.828s] INFO:colcon.colcon_core.shell:Creating environment hook '/root/rosdir/ros2_ws/install/sim_1/share/sim_1/hook/cmake_prefix_path.ps1'
[10.843s] INFO:colcon.colcon_core.shell:Creating environment descriptor '/root/rosdir/ros2_ws/install/sim_1/share/sim_1/hook/cmake_prefix_path.dsv'
[10.855s] INFO:colcon.colcon_core.shell:Creating environment hook '/root/rosdir/ros2_ws/install/sim_1/share/sim_1/hook/cmake_prefix_path.sh'
[10.864s] Level 1:colcon.colcon_core.environment:checking '/root/rosdir/ros2_ws/install/sim_1/bin'
[10.868s] Level 1:colcon.colcon_core.environment:checking '/root/rosdir/ros2_ws/install/sim_1/lib/pkgconfig/sim_1.pc'
[10.877s] Level 1:colcon.colcon_core.environment:checking '/root/rosdir/ros2_ws/install/sim_1/lib/python3.10/site-packages'
[10.882s] Level 1:colcon.colcon_core.environment:checking '/root/rosdir/ros2_ws/install/sim_1/bin'
[10.892s] INFO:colcon.colcon_core.shell:Creating package script '/root/rosdir/ros2_ws/install/sim_1/share/sim_1/package.ps1'
[10.901s] INFO:colcon.colcon_core.shell:Creating package descriptor '/root/rosdir/ros2_ws/install/sim_1/share/sim_1/package.dsv'
[10.915s] INFO:colcon.colcon_core.shell:Creating package script '/root/rosdir/ros2_ws/install/sim_1/share/sim_1/package.sh'
[10.924s] INFO:colcon.colcon_core.shell:Creating package script '/root/rosdir/ros2_ws/install/sim_1/share/sim_1/package.bash'
[10.932s] INFO:colcon.colcon_core.shell:Creating package script '/root/rosdir/ros2_ws/install/sim_1/share/sim_1/package.zsh'
[10.940s] Level 1:colcon.colcon_core.environment:create_file_with_runtime_dependencies(/root/rosdir/ros2_ws/install/sim_1/share/colcon-core/packages/sim_1)
[10.946s] DEBUG:colcon.colcon_parallel_executor.executor.parallel:closing loop
[10.948s] DEBUG:colcon.colcon_parallel_executor.executor.parallel:loop closed
[10.952s] DEBUG:colcon.colcon_parallel_executor.executor.parallel:run_until_complete finished with '0'
[10.955s] DEBUG:colcon.colcon_core.event_reactor:joining thread
[11.015s] INFO:colcon.colcon_core.plugin_system:Skipping extension 'colcon_notification.desktop_notification.notify_send': Could not find 'notify-send'
[11.017s] INFO:colcon.colcon_core.plugin_system:Skipping extension 'colcon_notification.desktop_notification.terminal_notifier': Not used on non-Darwin systems
[11.018s] INFO:colcon.colcon_core.plugin_system:Skipping extension 'colcon_notification.desktop_notification.win32': Not used on non-Windows systems
[11.020s] INFO:colcon.colcon_notification.desktop_notification:Sending desktop notification using 'notify2'
[11.068s] DEBUG:colcon.colcon_notification.desktop_notification.notify2:Failed to initialize notify2: org.freedesktop.DBus.Error.ServiceUnknown: The name org.freedesktop.Notifications was not provided by any .service files
[11.071s] DEBUG:colcon.colcon_core.event_reactor:joined thread
[11.079s] INFO:colcon.colcon_core.shell:Creating prefix script '/root/rosdir/ros2_ws/install/local_setup.ps1'
[11.097s] INFO:colcon.colcon_core.shell:Creating prefix util module '/root/rosdir/ros2_ws/install/_local_setup_util_ps1.py'
[11.112s] INFO:colcon.colcon_core.shell:Creating prefix chain script '/root/rosdir/ros2_ws/install/setup.ps1'
[11.127s] INFO:colcon.colcon_core.shell:Creating prefix script '/root/rosdir/ros2_ws/install/local_setup.sh'
[11.143s] INFO:colcon.colcon_core.shell:Creating prefix util module '/root/rosdir/ros2_ws/install/_local_setup_util_sh.py'
[11.161s] INFO:colcon.colcon_core.shell:Creating prefix chain script '/root/rosdir/ros2_ws/install/setup.sh'
[11.184s] INFO:colcon.colcon_core.shell:Creating prefix script '/root/rosdir/ros2_ws/install/local_setup.bash'
[11.200s] INFO:colcon.colcon_core.shell:Creating prefix chain script '/root/rosdir/ros2_ws/install/setup.bash'
[11.217s] INFO:colcon.colcon_core.shell:Creating prefix script '/root/rosdir/ros2_ws/install/local_setup.zsh'
[11.227s] INFO:colcon.colcon_core.shell:Creating prefix chain script '/root/rosdir/ros2_ws/install/setup.zsh'
