-- Found ament_cmake: 1.3.2 (/opt/ros/humble/share/ament_cmake/cmake)
-- Override CMake install command with custom implementation using symlinks instead of copying resources
-- Found ament_lint_auto: 0.12.4 (/opt/ros/humble/share/ament_lint_auto/cmake)
-- Added test 'lint_cmake' to check CMake code style
-- Added test 'xmllint' to check XML markup files
-- Configuring done
-- Generating done
-- Build files have been written to: /root/rosdir/ros2_ws/build/rover_descrip
-- Install configuration: ""
-- Execute custom install script
-- Symlinking: /root/rosdir/ros2_ws/install/rover_descrip/share/ament_index/resource_index/package_run_dependencies/rover_descrip
-- Symlinking: /root/rosdir/ros2_ws/install/rover_descrip/share/ament_index/resource_index/parent_prefix_path/rover_descrip
-- Symlinking: /root/rosdir/ros2_ws/install/rover_descrip/share/rover_descrip/environment/ament_prefix_path.sh
-- Symlinking: /root/rosdir/ros2_ws/install/rover_descrip/share/rover_descrip/environment/ament_prefix_path.dsv
-- Symlinking: /root/rosdir/ros2_ws/install/rover_descrip/share/rover_descrip/environment/path.sh
-- Symlinking: /root/rosdir/ros2_ws/install/rover_descrip/share/rover_descrip/environment/path.dsv
-- Symlinking: /root/rosdir/ros2_ws/install/rover_descrip/share/rover_descrip/local_setup.bash
-- Symlinking: /root/rosdir/ros2_ws/install/rover_descrip/share/rover_descrip/local_setup.sh
-- Symlinking: /root/rosdir/ros2_ws/install/rover_descrip/share/rover_descrip/local_setup.zsh
-- Symlinking: /root/rosdir/ros2_ws/install/rover_descrip/share/rover_descrip/local_setup.dsv
-- Symlinking: /root/rosdir/ros2_ws/install/rover_descrip/share/rover_descrip/package.dsv
-- Symlinking: /root/rosdir/ros2_ws/install/rover_descrip/share/ament_index/resource_index/packages/rover_descrip
-- Symlinking: /root/rosdir/ros2_ws/install/rover_descrip/share/rover_descrip/cmake/rover_descripConfig.cmake
-- Symlinking: /root/rosdir/ros2_ws/install/rover_descrip/share/rover_descrip/cmake/rover_descripConfig-version.cmake
-- Symlinking: /root/rosdir/ros2_ws/install/rover_descrip/share/rover_descrip/package.xml
