[0.706s] DEBUG:colcon:Command line arguments: ['/usr/bin/colcon', 'build', '--packages-select', 'rover_descrip']
[0.707s] DEBUG:colcon:Parsed command line arguments: Namespace(log_base=None, log_level=None, verb_name='build', build_base='build', install_base='install', merge_install=False, symlink_install=False, test_result_base=None, continue_on_error=False, executor='parallel', parallel_workers=2, event_handlers=None, ignore_user_meta=False, metas=['./colcon.meta'], base_paths=['.'], packages_ignore=None, packages_ignore_regex=None, paths=None, packages_up_to=None, packages_up_to_regex=None, packages_above=None, packages_above_and_dependencies=None, packages_above_depth=None, packages_select_by_dep=None, packages_skip_by_dep=None, packages_skip_up_to=None, packages_select_build_failed=False, packages_skip_build_finished=False, packages_select_test_failures=False, packages_skip_test_passed=False, packages_select=['rover_descrip'], packages_skip=None, packages_select_regex=None, packages_skip_regex=None, packages_start=None, packages_end=None, allow_overriding=[], cmake_args=None, cmake_target=None, cmake_target_skip_unavailable=False, cmake_clean_cache=False, cmake_clean_first=False, cmake_force_configure=False, ament_cmake_args=None, catkin_cmake_args=None, catkin_skip_building_tests=False, verb_parser=<colcon_defaults.argument_parser.defaults.DefaultArgumentsDecorator object at 0x7fd0bb24f310>, verb_extension=<colcon_core.verb.build.BuildVerb object at 0x7fd0bbbf5b40>, main=<bound method BuildVerb.main of <colcon_core.verb.build.BuildVerb object at 0x7fd0bbbf5b40>>)
[0.779s] Level 1:colcon.colcon_core.package_discovery:discover_packages(colcon_meta) check parameters
[0.783s] Level 1:colcon.colcon_core.package_discovery:discover_packages(recursive) check parameters
[0.784s] Level 1:colcon.colcon_core.package_discovery:discover_packages(ignore) check parameters
[0.785s] Level 1:colcon.colcon_core.package_discovery:discover_packages(path) check parameters
[0.787s] Level 1:colcon.colcon_core.package_discovery:discover_packages(colcon_meta) discover
[0.789s] Level 1:colcon.colcon_core.package_discovery:discover_packages(recursive) discover
[0.790s] INFO:colcon.colcon_core.package_discovery:Crawling recursively for packages in '/root/rosdir/ros2_ws'
[0.792s] Level 1:colcon.colcon_core.package_identification:_identify(.) by extensions ['ignore', 'ignore_ament_install']
[0.797s] Level 1:colcon.colcon_core.package_identification:_identify(.) by extension 'ignore'
[0.800s] Level 1:colcon.colcon_core.package_identification:_identify(.) by extension 'ignore_ament_install'
[0.807s] Level 1:colcon.colcon_core.package_identification:_identify(.) by extensions ['colcon_pkg']
[0.808s] Level 1:colcon.colcon_core.package_identification:_identify(.) by extension 'colcon_pkg'
[0.811s] Level 1:colcon.colcon_core.package_identification:_identify(.) by extensions ['colcon_meta']
[0.812s] Level 1:colcon.colcon_core.package_identification:_identify(.) by extension 'colcon_meta'
[0.814s] Level 1:colcon.colcon_core.package_identification:_identify(.) by extensions ['ros']
[0.815s] Level 1:colcon.colcon_core.package_identification:_identify(.) by extension 'ros'
[0.854s] Level 1:colcon.colcon_core.package_identification:_identify(.) by extensions ['cmake', 'python']
[0.855s] Level 1:colcon.colcon_core.package_identification:_identify(.) by extension 'cmake'
[0.858s] Level 1:colcon.colcon_core.package_identification:_identify(.) by extension 'python'
[0.868s] Level 1:colcon.colcon_core.package_identification:_identify(.) by extensions ['python_setup_py']
[0.871s] Level 1:colcon.colcon_core.package_identification:_identify(.) by extension 'python_setup_py'
[0.882s] Level 1:colcon.colcon_core.package_identification:_identify(build) by extensions ['ignore', 'ignore_ament_install']
[0.886s] Level 1:colcon.colcon_core.package_identification:_identify(build) by extension 'ignore'
[0.887s] Level 1:colcon.colcon_core.package_identification:_identify(build) ignored
[0.892s] Level 1:colcon.colcon_core.package_identification:_identify(install) by extensions ['ignore', 'ignore_ament_install']
[0.899s] Level 1:colcon.colcon_core.package_identification:_identify(install) by extension 'ignore'
[0.901s] Level 1:colcon.colcon_core.package_identification:_identify(install) ignored
[0.912s] Level 1:colcon.colcon_core.package_identification:_identify(log) by extensions ['ignore', 'ignore_ament_install']
[0.914s] Level 1:colcon.colcon_core.package_identification:_identify(log) by extension 'ignore'
[0.917s] Level 1:colcon.colcon_core.package_identification:_identify(log) ignored
[0.924s] Level 1:colcon.colcon_core.package_identification:_identify(src) by extensions ['ignore', 'ignore_ament_install']
[0.927s] Level 1:colcon.colcon_core.package_identification:_identify(src) by extension 'ignore'
[0.937s] Level 1:colcon.colcon_core.package_identification:_identify(src) by extension 'ignore_ament_install'
[0.942s] Level 1:colcon.colcon_core.package_identification:_identify(src) by extensions ['colcon_pkg']
[0.943s] Level 1:colcon.colcon_core.package_identification:_identify(src) by extension 'colcon_pkg'
[0.947s] Level 1:colcon.colcon_core.package_identification:_identify(src) by extensions ['colcon_meta']
[0.949s] Level 1:colcon.colcon_core.package_identification:_identify(src) by extension 'colcon_meta'
[0.952s] Level 1:colcon.colcon_core.package_identification:_identify(src) by extensions ['ros']
[0.954s] Level 1:colcon.colcon_core.package_identification:_identify(src) by extension 'ros'
[0.961s] Level 1:colcon.colcon_core.package_identification:_identify(src) by extensions ['cmake', 'python']
[0.963s] Level 1:colcon.colcon_core.package_identification:_identify(src) by extension 'cmake'
[0.966s] Level 1:colcon.colcon_core.package_identification:_identify(src) by extension 'python'
[0.972s] Level 1:colcon.colcon_core.package_identification:_identify(src) by extensions ['python_setup_py']
[0.975s] Level 1:colcon.colcon_core.package_identification:_identify(src) by extension 'python_setup_py'
[0.985s] Level 1:colcon.colcon_core.package_identification:_identify(src/Rover_description) by extensions ['ignore', 'ignore_ament_install']
[0.989s] Level 1:colcon.colcon_core.package_identification:_identify(src/Rover_description) by extension 'ignore'
[0.994s] Level 1:colcon.colcon_core.package_identification:_identify(src/Rover_description) by extension 'ignore_ament_install'
[0.998s] Level 1:colcon.colcon_core.package_identification:_identify(src/Rover_description) by extensions ['colcon_pkg']
[1.000s] Level 1:colcon.colcon_core.package_identification:_identify(src/Rover_description) by extension 'colcon_pkg'
[1.004s] Level 1:colcon.colcon_core.package_identification:_identify(src/Rover_description) by extensions ['colcon_meta']
[1.006s] Level 1:colcon.colcon_core.package_identification:_identify(src/Rover_description) by extension 'colcon_meta'
[1.007s] Level 1:colcon.colcon_core.package_identification:_identify(src/Rover_description) by extensions ['ros']
[1.009s] Level 1:colcon.colcon_core.package_identification:_identify(src/Rover_description) by extension 'ros'
[1.056s] DEBUG:colcon.colcon_core.package_identification:Package 'src/Rover_description' with type 'ros.catkin' and name 'Rover_description'
[1.062s] Level 1:colcon.colcon_core.package_identification:_identify(src/my_package) by extensions ['ignore', 'ignore_ament_install']
[1.066s] Level 1:colcon.colcon_core.package_identification:_identify(src/my_package) by extension 'ignore'
[1.072s] Level 1:colcon.colcon_core.package_identification:_identify(src/my_package) by extension 'ignore_ament_install'
[1.086s] Level 1:colcon.colcon_core.package_identification:_identify(src/my_package) by extensions ['colcon_pkg']
[1.088s] Level 1:colcon.colcon_core.package_identification:_identify(src/my_package) by extension 'colcon_pkg'
[1.092s] Level 1:colcon.colcon_core.package_identification:_identify(src/my_package) by extensions ['colcon_meta']
[1.095s] Level 1:colcon.colcon_core.package_identification:_identify(src/my_package) by extension 'colcon_meta'
[1.097s] Level 1:colcon.colcon_core.package_identification:_identify(src/my_package) by extensions ['ros']
[1.101s] Level 1:colcon.colcon_core.package_identification:_identify(src/my_package) by extension 'ros'
[1.111s] DEBUG:colcon.colcon_core.package_identification:Package 'src/my_package' with type 'ros.ament_cmake' and name 'my_package'
[1.114s] Level 1:colcon.colcon_core.package_identification:_identify(src/rover_descrip) by extensions ['ignore', 'ignore_ament_install']
[1.116s] Level 1:colcon.colcon_core.package_identification:_identify(src/rover_descrip) by extension 'ignore'
[1.119s] Level 1:colcon.colcon_core.package_identification:_identify(src/rover_descrip) by extension 'ignore_ament_install'
[1.123s] Level 1:colcon.colcon_core.package_identification:_identify(src/rover_descrip) by extensions ['colcon_pkg']
[1.125s] Level 1:colcon.colcon_core.package_identification:_identify(src/rover_descrip) by extension 'colcon_pkg'
[1.128s] Level 1:colcon.colcon_core.package_identification:_identify(src/rover_descrip) by extensions ['colcon_meta']
[1.129s] Level 1:colcon.colcon_core.package_identification:_identify(src/rover_descrip) by extension 'colcon_meta'
[1.131s] Level 1:colcon.colcon_core.package_identification:_identify(src/rover_descrip) by extensions ['ros']
[1.133s] Level 1:colcon.colcon_core.package_identification:_identify(src/rover_descrip) by extension 'ros'
[1.139s] DEBUG:colcon.colcon_core.package_identification:Package 'src/rover_descrip' with type 'ros.ament_cmake' and name 'rover_descrip'
[1.142s] Level 1:colcon.colcon_core.package_identification:_identify(src/sim_1) by extensions ['ignore', 'ignore_ament_install']
[1.143s] Level 1:colcon.colcon_core.package_identification:_identify(src/sim_1) by extension 'ignore'
[1.146s] Level 1:colcon.colcon_core.package_identification:_identify(src/sim_1) by extension 'ignore_ament_install'
[1.151s] Level 1:colcon.colcon_core.package_identification:_identify(src/sim_1) by extensions ['colcon_pkg']
[1.152s] Level 1:colcon.colcon_core.package_identification:_identify(src/sim_1) by extension 'colcon_pkg'
[1.155s] Level 1:colcon.colcon_core.package_identification:_identify(src/sim_1) by extensions ['colcon_meta']
[1.157s] Level 1:colcon.colcon_core.package_identification:_identify(src/sim_1) by extension 'colcon_meta'
[1.159s] Level 1:colcon.colcon_core.package_identification:_identify(src/sim_1) by extensions ['ros']
[1.161s] Level 1:colcon.colcon_core.package_identification:_identify(src/sim_1) by extension 'ros'
[1.170s] DEBUG:colcon.colcon_core.package_identification:Package 'src/sim_1' with type 'ros.ament_cmake' and name 'sim_1'
[1.172s] Level 1:colcon.colcon_core.package_discovery:discover_packages(recursive) using defaults
[1.173s] Level 1:colcon.colcon_core.package_discovery:discover_packages(ignore) discover
[1.175s] Level 1:colcon.colcon_core.package_discovery:discover_packages(ignore) using defaults
[1.183s] Level 1:colcon.colcon_core.package_discovery:discover_packages(path) discover
[1.186s] Level 1:colcon.colcon_core.package_discovery:discover_packages(path) using defaults
[1.254s] INFO:colcon.colcon_core.package_selection:Skipping not selected package 'Rover_description' in 'src/Rover_description'
[1.255s] INFO:colcon.colcon_core.package_selection:Skipping not selected package 'my_package' in 'src/my_package'
[1.257s] INFO:colcon.colcon_core.package_selection:Skipping not selected package 'sim_1' in 'src/sim_1'
[1.261s] Level 1:colcon.colcon_core.package_discovery:discover_packages(prefix_path) check parameters
[1.263s] Level 1:colcon.colcon_core.package_discovery:discover_packages(prefix_path) discover
[1.274s] DEBUG:colcon.colcon_installed_package_information.package_discovery:Found 1 installed packages in /root/basic_mobile_robot/install
[1.288s] DEBUG:colcon.colcon_installed_package_information.package_discovery:Found 352 installed packages in /opt/ros/humble
[1.297s] Level 1:colcon.colcon_core.package_discovery:discover_packages(prefix_path) using defaults
[1.470s] Level 5:colcon.colcon_core.verb:set package 'rover_descrip' build argument 'cmake_args' from command line to 'None'
[1.471s] Level 5:colcon.colcon_core.verb:set package 'rover_descrip' build argument 'cmake_target' from command line to 'None'
[1.473s] Level 5:colcon.colcon_core.verb:set package 'rover_descrip' build argument 'cmake_target_skip_unavailable' from command line to 'False'
[1.475s] Level 5:colcon.colcon_core.verb:set package 'rover_descrip' build argument 'cmake_clean_cache' from command line to 'False'
[1.477s] Level 5:colcon.colcon_core.verb:set package 'rover_descrip' build argument 'cmake_clean_first' from command line to 'False'
[1.478s] Level 5:colcon.colcon_core.verb:set package 'rover_descrip' build argument 'cmake_force_configure' from command line to 'False'
[1.479s] Level 5:colcon.colcon_core.verb:set package 'rover_descrip' build argument 'ament_cmake_args' from command line to 'None'
[1.481s] Level 5:colcon.colcon_core.verb:set package 'rover_descrip' build argument 'catkin_cmake_args' from command line to 'None'
[1.481s] Level 5:colcon.colcon_core.verb:set package 'rover_descrip' build argument 'catkin_skip_building_tests' from command line to 'False'
[1.483s] DEBUG:colcon.colcon_core.verb:Building package 'rover_descrip' with the following arguments: {'ament_cmake_args': None, 'build_base': '/root/rosdir/ros2_ws/build/rover_descrip', 'catkin_cmake_args': None, 'catkin_skip_building_tests': False, 'cmake_args': None, 'cmake_clean_cache': False, 'cmake_clean_first': False, 'cmake_force_configure': False, 'cmake_target': None, 'cmake_target_skip_unavailable': False, 'install_base': '/root/rosdir/ros2_ws/install/rover_descrip', 'merge_install': False, 'path': '/root/rosdir/ros2_ws/src/rover_descrip', 'symlink_install': False, 'test_result_base': None}
[1.486s] INFO:colcon.colcon_core.executor:Executing jobs using 'parallel' executor
[1.497s] DEBUG:colcon.colcon_parallel_executor.executor.parallel:run_until_complete
[1.500s] INFO:colcon.colcon_ros.task.ament_cmake.build:Building ROS package in '/root/rosdir/ros2_ws/src/rover_descrip' with build type 'ament_cmake'
[1.503s] INFO:colcon.colcon_cmake.task.cmake.build:Building CMake package in '/root/rosdir/ros2_ws/src/rover_descrip'
[1.525s] INFO:colcon.colcon_core.plugin_system:Skipping extension 'colcon_core.shell.bat': Not used on non-Windows systems
[1.527s] INFO:colcon.colcon_core.shell:Skip shell extension 'powershell' for command environment: Not usable outside of PowerShell
[1.529s] DEBUG:colcon.colcon_core.shell:Skip shell extension 'dsv' for command environment
[1.741s] DEBUG:colcon.colcon_core.event_handler.log_command:Invoking command in '/root/rosdir/ros2_ws/build/rover_descrip': CMAKE_PREFIX_PATH=${CMAKE_PREFIX_PATH}:/opt/ros/humble /usr/bin/cmake /root/rosdir/ros2_ws/src/rover_descrip -DCMAKE_INSTALL_PREFIX=/root/rosdir/ros2_ws/install/rover_descrip
[8.873s] DEBUG:colcon.colcon_core.event_handler.log_command:Invoked command in '/root/rosdir/ros2_ws/build/rover_descrip' returned '0': CMAKE_PREFIX_PATH=${CMAKE_PREFIX_PATH}:/opt/ros/humble /usr/bin/cmake /root/rosdir/ros2_ws/src/rover_descrip -DCMAKE_INSTALL_PREFIX=/root/rosdir/ros2_ws/install/rover_descrip
[8.888s] DEBUG:colcon.colcon_core.event_handler.log_command:Invoking command in '/root/rosdir/ros2_ws/build/rover_descrip': CMAKE_PREFIX_PATH=${CMAKE_PREFIX_PATH}:/opt/ros/humble /usr/bin/cmake --build /root/rosdir/ros2_ws/build/rover_descrip -- -j2 -l2
[9.090s] DEBUG:colcon.colcon_core.event_handler.log_command:Invoked command in '/root/rosdir/ros2_ws/build/rover_descrip' returned '0': CMAKE_PREFIX_PATH=${CMAKE_PREFIX_PATH}:/opt/ros/humble /usr/bin/cmake --build /root/rosdir/ros2_ws/build/rover_descrip -- -j2 -l2
[9.245s] DEBUG:colcon.colcon_core.event_handler.log_command:Invoking command in '/root/rosdir/ros2_ws/build/rover_descrip': CMAKE_PREFIX_PATH=${CMAKE_PREFIX_PATH}:/opt/ros/humble /usr/bin/cmake --install /root/rosdir/ros2_ws/build/rover_descrip
[10.373s] Level 1:colcon.colcon_core.environment:create_environment_scripts_only(rover_descrip)
[10.399s] DEBUG:colcon.colcon_core.event_handler.log_command:Invoked command in '/root/rosdir/ros2_ws/build/rover_descrip' returned '0': CMAKE_PREFIX_PATH=${CMAKE_PREFIX_PATH}:/opt/ros/humble /usr/bin/cmake --install /root/rosdir/ros2_ws/build/rover_descrip
[10.414s] Level 1:colcon.colcon_core.environment:checking '/root/rosdir/ros2_ws/install/rover_descrip' for CMake module files
[10.587s] Level 1:colcon.colcon_core.environment:checking '/root/rosdir/ros2_ws/install/rover_descrip' for CMake config files
[10.664s] Level 1:colcon.colcon_core.shell:create_environment_hook('rover_descrip', 'cmake_prefix_path')
[10.680s] INFO:colcon.colcon_core.shell:Creating environment hook '/root/rosdir/ros2_ws/install/rover_descrip/share/rover_descrip/hook/cmake_prefix_path.ps1'
[10.701s] INFO:colcon.colcon_core.shell:Creating environment descriptor '/root/rosdir/ros2_ws/install/rover_descrip/share/rover_descrip/hook/cmake_prefix_path.dsv'
[10.724s] INFO:colcon.colcon_core.shell:Creating environment hook '/root/rosdir/ros2_ws/install/rover_descrip/share/rover_descrip/hook/cmake_prefix_path.sh'
[10.762s] Level 1:colcon.colcon_core.environment:checking '/root/rosdir/ros2_ws/install/rover_descrip/bin'
[10.767s] Level 1:colcon.colcon_core.environment:checking '/root/rosdir/ros2_ws/install/rover_descrip/lib/pkgconfig/rover_descrip.pc'
[10.771s] Level 1:colcon.colcon_core.environment:checking '/root/rosdir/ros2_ws/install/rover_descrip/lib/python3.10/site-packages'
[10.776s] Level 1:colcon.colcon_core.environment:checking '/root/rosdir/ros2_ws/install/rover_descrip/bin'
[10.787s] INFO:colcon.colcon_core.shell:Creating package script '/root/rosdir/ros2_ws/install/rover_descrip/share/rover_descrip/package.ps1'
[10.807s] INFO:colcon.colcon_core.shell:Creating package descriptor '/root/rosdir/ros2_ws/install/rover_descrip/share/rover_descrip/package.dsv'
[10.824s] INFO:colcon.colcon_core.shell:Creating package script '/root/rosdir/ros2_ws/install/rover_descrip/share/rover_descrip/package.sh'
[10.847s] INFO:colcon.colcon_core.shell:Creating package script '/root/rosdir/ros2_ws/install/rover_descrip/share/rover_descrip/package.bash'
[10.852s] INFO:colcon.colcon_core.shell:Creating package script '/root/rosdir/ros2_ws/install/rover_descrip/share/rover_descrip/package.zsh'
[10.873s] Level 1:colcon.colcon_core.environment:create_file_with_runtime_dependencies(/root/rosdir/ros2_ws/install/rover_descrip/share/colcon-core/packages/rover_descrip)
[11.022s] Level 1:colcon.colcon_core.environment:create_environment_scripts_only(rover_descrip)
[11.029s] Level 1:colcon.colcon_core.environment:checking '/root/rosdir/ros2_ws/install/rover_descrip' for CMake module files
[11.072s] Level 1:colcon.colcon_core.environment:checking '/root/rosdir/ros2_ws/install/rover_descrip' for CMake config files
[11.096s] Level 1:colcon.colcon_core.shell:create_environment_hook('rover_descrip', 'cmake_prefix_path')
[11.111s] INFO:colcon.colcon_core.shell:Creating environment hook '/root/rosdir/ros2_ws/install/rover_descrip/share/rover_descrip/hook/cmake_prefix_path.ps1'
[11.120s] INFO:colcon.colcon_core.shell:Creating environment descriptor '/root/rosdir/ros2_ws/install/rover_descrip/share/rover_descrip/hook/cmake_prefix_path.dsv'
[11.128s] INFO:colcon.colcon_core.shell:Creating environment hook '/root/rosdir/ros2_ws/install/rover_descrip/share/rover_descrip/hook/cmake_prefix_path.sh'
[11.137s] Level 1:colcon.colcon_core.environment:checking '/root/rosdir/ros2_ws/install/rover_descrip/bin'
[11.141s] Level 1:colcon.colcon_core.environment:checking '/root/rosdir/ros2_ws/install/rover_descrip/lib/pkgconfig/rover_descrip.pc'
[11.146s] Level 1:colcon.colcon_core.environment:checking '/root/rosdir/ros2_ws/install/rover_descrip/lib/python3.10/site-packages'
[11.150s] Level 1:colcon.colcon_core.environment:checking '/root/rosdir/ros2_ws/install/rover_descrip/bin'
[11.160s] INFO:colcon.colcon_core.shell:Creating package script '/root/rosdir/ros2_ws/install/rover_descrip/share/rover_descrip/package.ps1'
[11.176s] INFO:colcon.colcon_core.shell:Creating package descriptor '/root/rosdir/ros2_ws/install/rover_descrip/share/rover_descrip/package.dsv'
[11.191s] INFO:colcon.colcon_core.shell:Creating package script '/root/rosdir/ros2_ws/install/rover_descrip/share/rover_descrip/package.sh'
[11.201s] INFO:colcon.colcon_core.shell:Creating package script '/root/rosdir/ros2_ws/install/rover_descrip/share/rover_descrip/package.bash'
[11.216s] INFO:colcon.colcon_core.shell:Creating package script '/root/rosdir/ros2_ws/install/rover_descrip/share/rover_descrip/package.zsh'
[11.225s] Level 1:colcon.colcon_core.environment:create_file_with_runtime_dependencies(/root/rosdir/ros2_ws/install/rover_descrip/share/colcon-core/packages/rover_descrip)
[11.234s] DEBUG:colcon.colcon_parallel_executor.executor.parallel:closing loop
[11.239s] DEBUG:colcon.colcon_parallel_executor.executor.parallel:loop closed
[11.245s] DEBUG:colcon.colcon_parallel_executor.executor.parallel:run_until_complete finished with '0'
[11.252s] DEBUG:colcon.colcon_core.event_reactor:joining thread
[11.309s] INFO:colcon.colcon_core.plugin_system:Skipping extension 'colcon_notification.desktop_notification.notify_send': Could not find 'notify-send'
[11.312s] INFO:colcon.colcon_core.plugin_system:Skipping extension 'colcon_notification.desktop_notification.terminal_notifier': Not used on non-Darwin systems
[11.316s] INFO:colcon.colcon_core.plugin_system:Skipping extension 'colcon_notification.desktop_notification.win32': Not used on non-Windows systems
[11.318s] INFO:colcon.colcon_notification.desktop_notification:Sending desktop notification using 'notify2'
[11.407s] DEBUG:colcon.colcon_notification.desktop_notification.notify2:Failed to initialize notify2: org.freedesktop.DBus.Error.ServiceUnknown: The name org.freedesktop.Notifications was not provided by any .service files
[11.410s] DEBUG:colcon.colcon_core.event_reactor:joined thread
[11.426s] INFO:colcon.colcon_core.shell:Creating prefix script '/root/rosdir/ros2_ws/install/local_setup.ps1'
[11.457s] INFO:colcon.colcon_core.shell:Creating prefix util module '/root/rosdir/ros2_ws/install/_local_setup_util_ps1.py'
[11.476s] INFO:colcon.colcon_core.shell:Creating prefix chain script '/root/rosdir/ros2_ws/install/setup.ps1'
[11.495s] INFO:colcon.colcon_core.shell:Creating prefix script '/root/rosdir/ros2_ws/install/local_setup.sh'
[11.512s] INFO:colcon.colcon_core.shell:Creating prefix util module '/root/rosdir/ros2_ws/install/_local_setup_util_sh.py'
[11.525s] INFO:colcon.colcon_core.shell:Creating prefix chain script '/root/rosdir/ros2_ws/install/setup.sh'
[11.544s] INFO:colcon.colcon_core.shell:Creating prefix script '/root/rosdir/ros2_ws/install/local_setup.bash'
[11.561s] INFO:colcon.colcon_core.shell:Creating prefix chain script '/root/rosdir/ros2_ws/install/setup.bash'
[11.582s] INFO:colcon.colcon_core.shell:Creating prefix script '/root/rosdir/ros2_ws/install/local_setup.zsh'
[11.594s] INFO:colcon.colcon_core.shell:Creating prefix chain script '/root/rosdir/ros2_ws/install/setup.zsh'
