-- The C compiler identification is GNU 11.2.0
-- The CXX compiler identification is GNU 11.2.0
-- Detecting C compiler ABI info
-- Detecting C compiler ABI info - done
-- Check for working C compiler: /usr/bin/cc - skipped
-- Detecting C compile features
-- Detecting C compile features - done
-- Detecting CXX compiler ABI info
-- Detecting CXX compiler ABI info - done
-- Check for working CXX compiler: /usr/bin/c++ - skipped
-- Detecting CXX compile features
-- Detecting CXX compile features - done
-- Found ament_cmake: 1.3.2 (/opt/ros/humble/share/ament_cmake/cmake)
-- Found Python3: /usr/bin/python3.10 (found version "3.10.4") found components: Interpreter 
-- Found ament_lint_auto: 0.12.4 (/opt/ros/humble/share/ament_lint_auto/cmake)
-- Added test 'lint_cmake' to check CMake code style
-- Added test 'xmllint' to check XML markup files
-- Configuring done
-- Generating done
-- Build files have been written to: /root/rosdir/ros2_ws/build/sim_1
-- Install configuration: ""
-- Installing: /root/rosdir/ros2_ws/install/sim_1/share/ament_index/resource_index/package_run_dependencies/sim_1
-- Installing: /root/rosdir/ros2_ws/install/sim_1/share/ament_index/resource_index/parent_prefix_path/sim_1
-- Installing: /root/rosdir/ros2_ws/install/sim_1/share/sim_1/environment/ament_prefix_path.sh
-- Installing: /root/rosdir/ros2_ws/install/sim_1/share/sim_1/environment/ament_prefix_path.dsv
-- Installing: /root/rosdir/ros2_ws/install/sim_1/share/sim_1/environment/path.sh
-- Installing: /root/rosdir/ros2_ws/install/sim_1/share/sim_1/environment/path.dsv
-- Installing: /root/rosdir/ros2_ws/install/sim_1/share/sim_1/local_setup.bash
-- Installing: /root/rosdir/ros2_ws/install/sim_1/share/sim_1/local_setup.sh
-- Installing: /root/rosdir/ros2_ws/install/sim_1/share/sim_1/local_setup.zsh
-- Installing: /root/rosdir/ros2_ws/install/sim_1/share/sim_1/local_setup.dsv
-- Installing: /root/rosdir/ros2_ws/install/sim_1/share/sim_1/package.dsv
-- Installing: /root/rosdir/ros2_ws/install/sim_1/share/ament_index/resource_index/packages/sim_1
-- Installing: /root/rosdir/ros2_ws/install/sim_1/share/sim_1/cmake/sim_1Config.cmake
-- Installing: /root/rosdir/ros2_ws/install/sim_1/share/sim_1/cmake/sim_1Config-version.cmake
-- Installing: /root/rosdir/ros2_ws/install/sim_1/share/sim_1/package.xml
