[0.246s] Invoking command in '/root/rosdir/ros2_ws/build/sim_1': CMAKE_PREFIX_PATH=${CMAKE_PREFIX_PATH}:/opt/ros/humble /usr/bin/cmake /root/rosdir/ros2_ws/src/sim_1 -DCMAKE_INSTALL_PREFIX=/root/rosdir/ros2_ws/install/sim_1
[1.927s] -- The C compiler identification is GNU 11.2.0
[2.864s] -- The CXX compiler identification is GNU 11.2.0
[3.004s] -- Detecting C compiler ABI info
[4.012s] -- Detecting C compiler ABI info - done
[4.078s] -- Check for working C compiler: /usr/bin/cc - skipped
[4.083s] -- Detecting C compile features
[4.091s] -- Detecting C compile features - done
[4.164s] -- Detecting CXX compiler ABI info
[5.512s] -- Detecting CXX compiler ABI info - done
[5.588s] -- Check for working CXX compiler: /usr/bin/c++ - skipped
[5.594s] -- Detecting CXX compile features
[5.602s] -- Detecting CXX compile features - done
[5.782s] -- Found ament_cmake: 1.3.2 (/opt/ros/humble/share/ament_cmake/cmake)
[6.216s] -- Found Python3: /usr/bin/python3.10 (found version "3.10.4") found components: Interpreter 
[6.950s] -- Found ament_lint_auto: 0.12.4 (/opt/ros/humble/share/ament_lint_auto/cmake)
[7.680s] -- Added test 'lint_cmake' to check CMake code style
[7.710s] -- Added test 'xmllint' to check XML markup files
[7.873s] -- Configuring done
[8.254s] -- Generating done
[8.368s] -- Build files have been written to: /root/rosdir/ros2_ws/build/sim_1
[8.380s] Invoked command in '/root/rosdir/ros2_ws/build/sim_1' returned '0': CMAKE_PREFIX_PATH=${CMAKE_PREFIX_PATH}:/opt/ros/humble /usr/bin/cmake /root/rosdir/ros2_ws/src/sim_1 -DCMAKE_INSTALL_PREFIX=/root/rosdir/ros2_ws/install/sim_1
[8.391s] Invoking command in '/root/rosdir/ros2_ws/build/sim_1': CMAKE_PREFIX_PATH=${CMAKE_PREFIX_PATH}:/opt/ros/humble /usr/bin/cmake --build /root/rosdir/ros2_ws/build/sim_1 -- -j2 -l2
[8.561s] Invoked command in '/root/rosdir/ros2_ws/build/sim_1' returned '0': CMAKE_PREFIX_PATH=${CMAKE_PREFIX_PATH}:/opt/ros/humble /usr/bin/cmake --build /root/rosdir/ros2_ws/build/sim_1 -- -j2 -l2
[8.664s] Invoking command in '/root/rosdir/ros2_ws/build/sim_1': CMAKE_PREFIX_PATH=${CMAKE_PREFIX_PATH}:/opt/ros/humble /usr/bin/cmake --install /root/rosdir/ros2_ws/build/sim_1
[8.688s] -- Install configuration: ""
[8.717s] -- Installing: /root/rosdir/ros2_ws/install/sim_1/share/ament_index/resource_index/package_run_dependencies/sim_1
[8.764s] -- Installing: /root/rosdir/ros2_ws/install/sim_1/share/ament_index/resource_index/parent_prefix_path/sim_1
[8.819s] -- Installing: /root/rosdir/ros2_ws/install/sim_1/share/sim_1/environment/ament_prefix_path.sh
[8.868s] -- Installing: /root/rosdir/ros2_ws/install/sim_1/share/sim_1/environment/ament_prefix_path.dsv
[8.902s] -- Installing: /root/rosdir/ros2_ws/install/sim_1/share/sim_1/environment/path.sh
[8.940s] -- Installing: /root/rosdir/ros2_ws/install/sim_1/share/sim_1/environment/path.dsv
[8.989s] -- Installing: /root/rosdir/ros2_ws/install/sim_1/share/sim_1/local_setup.bash
[9.024s] -- Installing: /root/rosdir/ros2_ws/install/sim_1/share/sim_1/local_setup.sh
[9.082s] -- Installing: /root/rosdir/ros2_ws/install/sim_1/share/sim_1/local_setup.zsh
[9.120s] -- Installing: /root/rosdir/ros2_ws/install/sim_1/share/sim_1/local_setup.dsv
[9.176s] -- Installing: /root/rosdir/ros2_ws/install/sim_1/share/sim_1/package.dsv
[9.220s] -- Installing: /root/rosdir/ros2_ws/install/sim_1/share/ament_index/resource_index/packages/sim_1
[9.273s] -- Installing: /root/rosdir/ros2_ws/install/sim_1/share/sim_1/cmake/sim_1Config.cmake
[9.322s] -- Installing: /root/rosdir/ros2_ws/install/sim_1/share/sim_1/cmake/sim_1Config-version.cmake
[9.364s] -- Installing: /root/rosdir/ros2_ws/install/sim_1/share/sim_1/package.xml
[9.409s] Invoked command in '/root/rosdir/ros2_ws/build/sim_1' returned '0': CMAKE_PREFIX_PATH=${CMAKE_PREFIX_PATH}:/opt/ros/humble /usr/bin/cmake --install /root/rosdir/ros2_ws/build/sim_1
