[0.213s] Invoking command in '/root/rosdir/ros2_ws/build/my_package': CMAKE_PREFIX_PATH=${CMAKE_PREFIX_PATH}:/opt/ros/humble /usr/bin/cmake --build /root/rosdir/ros2_ws/build/my_package -- -j2 -l2
[0.944s] [100%] Built target my_node
[1.099s] Invoked command in '/root/rosdir/ros2_ws/build/my_package' returned '0': CMAKE_PREFIX_PATH=${CMAKE_PREFIX_PATH}:/opt/ros/humble /usr/bin/cmake --build /root/rosdir/ros2_ws/build/my_package -- -j2 -l2
[1.362s] Invoking command in '/root/rosdir/ros2_ws/build/my_package': CMAKE_PREFIX_PATH=${CMAKE_PREFIX_PATH}:/opt/ros/humble /usr/bin/cmake --install /root/rosdir/ros2_ws/build/my_package
[1.434s] -- Install configuration: ""
[1.454s] -- Execute custom install script
[1.489s] -- Up-to-date symlink: /root/rosdir/ros2_ws/install/my_package/lib/my_package/my_node
[1.526s] -- Up-to-date symlink: /root/rosdir/ros2_ws/install/my_package/share/ament_index/resource_index/package_run_dependencies/my_package
[1.552s] -- Up-to-date symlink: /root/rosdir/ros2_ws/install/my_package/share/ament_index/resource_index/parent_prefix_path/my_package
[1.574s] -- Up-to-date symlink: /root/rosdir/ros2_ws/install/my_package/share/my_package/environment/ament_prefix_path.sh
[1.587s] -- Up-to-date symlink: /root/rosdir/ros2_ws/install/my_package/share/my_package/environment/ament_prefix_path.dsv
[1.601s] -- Up-to-date symlink: /root/rosdir/ros2_ws/install/my_package/share/my_package/environment/path.sh
[1.618s] -- Up-to-date symlink: /root/rosdir/ros2_ws/install/my_package/share/my_package/environment/path.dsv
[1.627s] -- Up-to-date symlink: /root/rosdir/ros2_ws/install/my_package/share/my_package/local_setup.bash
[1.642s] -- Up-to-date symlink: /root/rosdir/ros2_ws/install/my_package/share/my_package/local_setup.sh
[1.653s] -- Up-to-date symlink: /root/rosdir/ros2_ws/install/my_package/share/my_package/local_setup.zsh
[1.668s] -- Up-to-date symlink: /root/rosdir/ros2_ws/install/my_package/share/my_package/local_setup.dsv
[1.680s] -- Symlinking: /root/rosdir/ros2_ws/install/my_package/share/my_package/package.dsv
[1.805s] -- Up-to-date symlink: /root/rosdir/ros2_ws/install/my_package/share/ament_index/resource_index/packages/my_package
[1.828s] -- Up-to-date symlink: /root/rosdir/ros2_ws/install/my_package/share/my_package/cmake/my_packageConfig.cmake
[1.845s] -- Up-to-date symlink: /root/rosdir/ros2_ws/install/my_package/share/my_package/cmake/my_packageConfig-version.cmake
[1.868s] -- Up-to-date symlink: /root/rosdir/ros2_ws/install/my_package/share/my_package/package.xml
[1.890s] Invoked command in '/root/rosdir/ros2_ws/build/my_package' returned '0': CMAKE_PREFIX_PATH=${CMAKE_PREFIX_PATH}:/opt/ros/humble /usr/bin/cmake --install /root/rosdir/ros2_ws/build/my_package
