[0.489s] Invoking command in '/root/rosdir/ros2_ws/build/sim_1': CMAKE_PREFIX_PATH=${CMAKE_PREFIX_PATH}:/opt/ros/humble /usr/bin/cmake --build /root/rosdir/ros2_ws/build/sim_1 -- -j2 -l2
[0.919s] Invoked command in '/root/rosdir/ros2_ws/build/sim_1' returned '0': CMAKE_PREFIX_PATH=${CMAKE_PREFIX_PATH}:/opt/ros/humble /usr/bin/cmake --build /root/rosdir/ros2_ws/build/sim_1 -- -j2 -l2
[1.021s] Invoking command in '/root/rosdir/ros2_ws/build/sim_1': CMAKE_PREFIX_PATH=${CMAKE_PREFIX_PATH}:/opt/ros/humble /usr/bin/cmake --install /root/rosdir/ros2_ws/build/sim_1
[1.066s] -- Install configuration: ""
[1.080s] -- Execute custom install script
[1.102s] -- Up-to-date symlink: /root/rosdir/ros2_ws/install/sim_1/share/ament_index/resource_index/package_run_dependencies/sim_1
[1.113s] -- Up-to-date symlink: /root/rosdir/ros2_ws/install/sim_1/share/ament_index/resource_index/parent_prefix_path/sim_1
[1.128s] -- Up-to-date symlink: /root/rosdir/ros2_ws/install/sim_1/share/sim_1/environment/ament_prefix_path.sh
[1.143s] -- Up-to-date symlink: /root/rosdir/ros2_ws/install/sim_1/share/sim_1/environment/ament_prefix_path.dsv
[1.159s] -- Up-to-date symlink: /root/rosdir/ros2_ws/install/sim_1/share/sim_1/environment/path.sh
[1.172s] -- Up-to-date symlink: /root/rosdir/ros2_ws/install/sim_1/share/sim_1/environment/path.dsv
[1.184s] -- Up-to-date symlink: /root/rosdir/ros2_ws/install/sim_1/share/sim_1/local_setup.bash
[1.197s] -- Up-to-date symlink: /root/rosdir/ros2_ws/install/sim_1/share/sim_1/local_setup.sh
[1.210s] -- Up-to-date symlink: /root/rosdir/ros2_ws/install/sim_1/share/sim_1/local_setup.zsh
[1.221s] -- Up-to-date symlink: /root/rosdir/ros2_ws/install/sim_1/share/sim_1/local_setup.dsv
[1.246s] -- Symlinking: /root/rosdir/ros2_ws/install/sim_1/share/sim_1/package.dsv
[1.308s] -- Up-to-date symlink: /root/rosdir/ros2_ws/install/sim_1/share/ament_index/resource_index/packages/sim_1
[1.322s] -- Up-to-date symlink: /root/rosdir/ros2_ws/install/sim_1/share/sim_1/cmake/sim_1Config.cmake
[1.348s] -- Up-to-date symlink: /root/rosdir/ros2_ws/install/sim_1/share/sim_1/cmake/sim_1Config-version.cmake
[1.369s] -- Up-to-date symlink: /root/rosdir/ros2_ws/install/sim_1/share/sim_1/package.xml
[1.388s] -- Up-to-date symlink: /root/rosdir/ros2_ws/install/sim_1/share/sim_1/launch/robo.launch
[1.400s] -- Up-to-date symlink: /root/rosdir/ros2_ws/install/sim_1/share/sim_1/launch/robo.launch.py
[1.832s] -- Up-to-date symlink: /root/rosdir/ros2_ws/install/sim_1/share/sim_1/models/.DS_Store
[1.851s] -- Up-to-date symlink: /root/rosdir/ros2_ws/install/sim_1/share/sim_1/models/lc_bookshelf/.DS_Store
[1.867s] -- Up-to-date symlink: /root/rosdir/ros2_ws/install/sim_1/share/sim_1/models/lc_bookshelf/lc_bookshelf.sdf
[1.877s] -- Up-to-date symlink: /root/rosdir/ros2_ws/install/sim_1/share/sim_1/models/lc_bookshelf/materials/.DS_Store
[1.890s] -- Up-to-date symlink: /root/rosdir/ros2_ws/install/sim_1/share/sim_1/models/lc_bookshelf/materials/scripts/bookshelf.material
[1.903s] -- Up-to-date symlink: /root/rosdir/ros2_ws/install/sim_1/share/sim_1/models/lc_bookshelf/materials/textures/bookshelf.png
[1.921s] -- Up-to-date symlink: /root/rosdir/ros2_ws/install/sim_1/share/sim_1/models/lc_bookshelf/meshes/bookshelf.dae
[1.939s] -- Up-to-date symlink: /root/rosdir/ros2_ws/install/sim_1/share/sim_1/models/lc_bookshelf/model.config
[1.954s] -- Up-to-date symlink: /root/rosdir/ros2_ws/install/sim_1/share/sim_1/models/lc_cabinet/.DS_Store
[1.970s] -- Up-to-date symlink: /root/rosdir/ros2_ws/install/sim_1/share/sim_1/models/lc_cabinet/lc_cabinet.sdf
[1.980s] -- Up-to-date symlink: /root/rosdir/ros2_ws/install/sim_1/share/sim_1/models/lc_cabinet/materials/.DS_Store
[1.991s] -- Up-to-date symlink: /root/rosdir/ros2_ws/install/sim_1/share/sim_1/models/lc_cabinet/materials/scripts/cabinet.material
[2.004s] -- Up-to-date symlink: /root/rosdir/ros2_ws/install/sim_1/share/sim_1/models/lc_cabinet/materials/textures/cabinet.png
[2.012s] -- Up-to-date symlink: /root/rosdir/ros2_ws/install/sim_1/share/sim_1/models/lc_cabinet/meshes/cabinet.dae
[2.023s] -- Up-to-date symlink: /root/rosdir/ros2_ws/install/sim_1/share/sim_1/models/lc_cabinet/model.config
[2.039s] -- Up-to-date symlink: /root/rosdir/ros2_ws/install/sim_1/share/sim_1/models/lc_can/.DS_Store
[2.062s] -- Up-to-date symlink: /root/rosdir/ros2_ws/install/sim_1/share/sim_1/models/lc_can/lc_can.sdf
[2.074s] -- Up-to-date symlink: /root/rosdir/ros2_ws/install/sim_1/share/sim_1/models/lc_can/materials/.DS_Store
[2.088s] -- Up-to-date symlink: /root/rosdir/ros2_ws/install/sim_1/share/sim_1/models/lc_can/materials/scripts/can.material
[2.099s] -- Up-to-date symlink: /root/rosdir/ros2_ws/install/sim_1/share/sim_1/models/lc_can/materials/textures/can.jpg
[2.112s] -- Up-to-date symlink: /root/rosdir/ros2_ws/install/sim_1/share/sim_1/models/lc_can/meshes/can.dae
[2.123s] -- Up-to-date symlink: /root/rosdir/ros2_ws/install/sim_1/share/sim_1/models/lc_can/model.config
[2.134s] -- Up-to-date symlink: /root/rosdir/ros2_ws/install/sim_1/share/sim_1/models/lc_floor/.DS_Store
[2.144s] -- Up-to-date symlink: /root/rosdir/ros2_ws/install/sim_1/share/sim_1/models/lc_floor/lc_floor.sdf
[2.164s] -- Up-to-date symlink: /root/rosdir/ros2_ws/install/sim_1/share/sim_1/models/lc_floor/materials/.DS_Store
[2.179s] -- Up-to-date symlink: /root/rosdir/ros2_ws/install/sim_1/share/sim_1/models/lc_floor/materials/scripts/floor.material
[2.192s] -- Up-to-date symlink: /root/rosdir/ros2_ws/install/sim_1/share/sim_1/models/lc_floor/materials/textures/floor.png
[2.209s] -- Up-to-date symlink: /root/rosdir/ros2_ws/install/sim_1/share/sim_1/models/lc_floor/model.config
[2.221s] -- Up-to-date symlink: /root/rosdir/ros2_ws/install/sim_1/share/sim_1/models/lc_shelf/.DS_Store
[2.236s] -- Up-to-date symlink: /root/rosdir/ros2_ws/install/sim_1/share/sim_1/models/lc_shelf/lc_shelf.sdf
[2.249s] -- Up-to-date symlink: /root/rosdir/ros2_ws/install/sim_1/share/sim_1/models/lc_shelf/materials/.DS_Store
[2.269s] -- Up-to-date symlink: /root/rosdir/ros2_ws/install/sim_1/share/sim_1/models/lc_shelf/materials/scripts/shelf.material
[2.298s] -- Up-to-date symlink: /root/rosdir/ros2_ws/install/sim_1/share/sim_1/models/lc_shelf/materials/textures/shelf.png
[2.314s] -- Up-to-date symlink: /root/rosdir/ros2_ws/install/sim_1/share/sim_1/models/lc_shelf/meshes/shelf.dae
[2.328s] -- Up-to-date symlink: /root/rosdir/ros2_ws/install/sim_1/share/sim_1/models/lc_shelf/model.config
[2.344s] -- Up-to-date symlink: /root/rosdir/ros2_ws/install/sim_1/share/sim_1/models/lc_sofa/.DS_Store
[2.358s] -- Up-to-date symlink: /root/rosdir/ros2_ws/install/sim_1/share/sim_1/models/lc_sofa/lc_sofa.sdf
[2.380s] -- Up-to-date symlink: /root/rosdir/ros2_ws/install/sim_1/share/sim_1/models/lc_sofa/materials/.DS_Store
[2.391s] -- Up-to-date symlink: /root/rosdir/ros2_ws/install/sim_1/share/sim_1/models/lc_sofa/materials/scripts/sofa.material
[2.407s] -- Up-to-date symlink: /root/rosdir/ros2_ws/install/sim_1/share/sim_1/models/lc_sofa/materials/textures/sofa.png
[2.424s] -- Up-to-date symlink: /root/rosdir/ros2_ws/install/sim_1/share/sim_1/models/lc_sofa/meshes/sofa.dae
[2.434s] -- Up-to-date symlink: /root/rosdir/ros2_ws/install/sim_1/share/sim_1/models/lc_sofa/model.config
[2.449s] -- Up-to-date symlink: /root/rosdir/ros2_ws/install/sim_1/share/sim_1/models/lc_table/.DS_Store
[2.458s] -- Up-to-date symlink: /root/rosdir/ros2_ws/install/sim_1/share/sim_1/models/lc_table/lc_table.sdf
[2.472s] -- Up-to-date symlink: /root/rosdir/ros2_ws/install/sim_1/share/sim_1/models/lc_table/materials/.DS_Store
[2.489s] -- Up-to-date symlink: /root/rosdir/ros2_ws/install/sim_1/share/sim_1/models/lc_table/materials/scripts/table.material
[2.502s] -- Up-to-date symlink: /root/rosdir/ros2_ws/install/sim_1/share/sim_1/models/lc_table/materials/textures/table.png
[2.522s] -- Up-to-date symlink: /root/rosdir/ros2_ws/install/sim_1/share/sim_1/models/lc_table/meshes/table.dae
[2.533s] -- Up-to-date symlink: /root/rosdir/ros2_ws/install/sim_1/share/sim_1/models/lc_table/model.config
[2.545s] -- Up-to-date symlink: /root/rosdir/ros2_ws/install/sim_1/share/sim_1/models/lc_tv/.DS_Store
[2.558s] -- Up-to-date symlink: /root/rosdir/ros2_ws/install/sim_1/share/sim_1/models/lc_tv/lc_tv.sdf
[2.569s] -- Up-to-date symlink: /root/rosdir/ros2_ws/install/sim_1/share/sim_1/models/lc_tv/materials/.DS_Store
[2.584s] -- Up-to-date symlink: /root/rosdir/ros2_ws/install/sim_1/share/sim_1/models/lc_tv/materials/scripts/tv.material
[2.597s] -- Up-to-date symlink: /root/rosdir/ros2_ws/install/sim_1/share/sim_1/models/lc_tv/materials/textures/tv.jpg
[2.613s] -- Up-to-date symlink: /root/rosdir/ros2_ws/install/sim_1/share/sim_1/models/lc_tv/materials/textures/tv_tex.jpeg
[2.627s] -- Up-to-date symlink: /root/rosdir/ros2_ws/install/sim_1/share/sim_1/models/lc_tv/meshes/tv.dae
[2.637s] -- Up-to-date symlink: /root/rosdir/ros2_ws/install/sim_1/share/sim_1/models/lc_tv/model.config
[2.646s] -- Up-to-date symlink: /root/rosdir/ros2_ws/install/sim_1/share/sim_1/models/lc_tv_stand/.DS_Store
[2.657s] -- Up-to-date symlink: /root/rosdir/ros2_ws/install/sim_1/share/sim_1/models/lc_tv_stand/lc_tv_stand.sdf
[2.671s] -- Up-to-date symlink: /root/rosdir/ros2_ws/install/sim_1/share/sim_1/models/lc_tv_stand/materials/.DS_Store
[2.701s] -- Up-to-date symlink: /root/rosdir/ros2_ws/install/sim_1/share/sim_1/models/lc_tv_stand/materials/scripts/tv_stand.material
[2.719s] -- Up-to-date symlink: /root/rosdir/ros2_ws/install/sim_1/share/sim_1/models/lc_tv_stand/materials/textures/tv-stand.png
[2.730s] -- Up-to-date symlink: /root/rosdir/ros2_ws/install/sim_1/share/sim_1/models/lc_tv_stand/meshes/tv_stand.dae
[2.743s] -- Up-to-date symlink: /root/rosdir/ros2_ws/install/sim_1/share/sim_1/models/lc_tv_stand/model.config
[2.758s] -- Up-to-date symlink: /root/rosdir/ros2_ws/install/sim_1/share/sim_1/models/my_chair/.DS_Store
[2.770s] -- Up-to-date symlink: /root/rosdir/ros2_ws/install/sim_1/share/sim_1/models/my_chair/chair.sdf
[2.782s] -- Up-to-date symlink: /root/rosdir/ros2_ws/install/sim_1/share/sim_1/models/my_chair/meshes/model.dae
[2.804s] -- Up-to-date symlink: /root/rosdir/ros2_ws/install/sim_1/share/sim_1/models/my_chair/meshes/model/_155840_2.jpg
[2.817s] -- Up-to-date symlink: /root/rosdir/ros2_ws/install/sim_1/share/sim_1/models/my_chair/meshes/model/_155840_2_0.jpg
[2.833s] -- Up-to-date symlink: /root/rosdir/ros2_ws/install/sim_1/share/sim_1/models/my_chair/meshes/model/_155840_2_1.jpg
[2.844s] -- Up-to-date symlink: /root/rosdir/ros2_ws/install/sim_1/share/sim_1/models/my_chair/meshes/model/_155840_2_2.jpg
[2.854s] -- Up-to-date symlink: /root/rosdir/ros2_ws/install/sim_1/share/sim_1/models/my_chair/meshes/model/_155840_2_3.jpg
[2.863s] -- Up-to-date symlink: /root/rosdir/ros2_ws/install/sim_1/share/sim_1/models/my_chair/meshes/model/_155840_2_4.jpg
[2.873s] -- Up-to-date symlink: /root/rosdir/ros2_ws/install/sim_1/share/sim_1/models/my_chair/model.config
[2.887s] -- Up-to-date symlink: /root/rosdir/ros2_ws/install/sim_1/share/sim_1/models/my_chair/my_chair.zip
[2.903s] -- Up-to-date symlink: /root/rosdir/ros2_ws/install/sim_1/share/sim_1/models/wallEast/.DS_Store
[2.915s] -- Up-to-date symlink: /root/rosdir/ros2_ws/install/sim_1/share/sim_1/models/wallEast/materials/.DS_Store
[2.941s] -- Up-to-date symlink: /root/rosdir/ros2_ws/install/sim_1/share/sim_1/models/wallEast/materials/scripts/wall_east.material
[2.955s] -- Up-to-date symlink: /root/rosdir/ros2_ws/install/sim_1/share/sim_1/models/wallEast/materials/textures/wall-east.png
[2.967s] -- Up-to-date symlink: /root/rosdir/ros2_ws/install/sim_1/share/sim_1/models/wallEast/meshes/wall-east.dae
[2.979s] -- Up-to-date symlink: /root/rosdir/ros2_ws/install/sim_1/share/sim_1/models/wallEast/model.config
[3.005s] -- Up-to-date symlink: /root/rosdir/ros2_ws/install/sim_1/share/sim_1/models/wallEast/wallEast.sdf
[3.015s] -- Up-to-date symlink: /root/rosdir/ros2_ws/install/sim_1/share/sim_1/models/wallNorth/.DS_Store
[3.034s] -- Up-to-date symlink: /root/rosdir/ros2_ws/install/sim_1/share/sim_1/models/wallNorth/materials/.DS_Store
[3.052s] -- Up-to-date symlink: /root/rosdir/ros2_ws/install/sim_1/share/sim_1/models/wallNorth/materials/scripts/wall_north.material
[3.063s] -- Up-to-date symlink: /root/rosdir/ros2_ws/install/sim_1/share/sim_1/models/wallNorth/materials/textures/wall-north.png
[3.080s] -- Up-to-date symlink: /root/rosdir/ros2_ws/install/sim_1/share/sim_1/models/wallNorth/meshes/wall-north.dae
[3.094s] -- Up-to-date symlink: /root/rosdir/ros2_ws/install/sim_1/share/sim_1/models/wallNorth/model.config
[3.105s] -- Up-to-date symlink: /root/rosdir/ros2_ws/install/sim_1/share/sim_1/models/wallNorth/wallNorth.sdf
[3.143s] -- Up-to-date symlink: /root/rosdir/ros2_ws/install/sim_1/share/sim_1/worlds/my_world.world
[3.157s] -- Up-to-date symlink: /root/rosdir/ros2_ws/install/sim_1/share/sim_1/worlds/room.world
[3.174s] -- Up-to-date symlink: /root/rosdir/ros2_ws/install/sim_1/share/sim_1/worlds/room1.world
[3.201s] Invoked command in '/root/rosdir/ros2_ws/build/sim_1' returned '0': CMAKE_PREFIX_PATH=${CMAKE_PREFIX_PATH}:/opt/ros/humble /usr/bin/cmake --install /root/rosdir/ros2_ws/build/sim_1
