[0.399s] Invoking command in '/root/rosdir/ros2_ws/build/my_package': CMAKE_PREFIX_PATH=${CMAKE_PREFIX_PATH}:/opt/ros/humble /usr/bin/cmake /root/rosdir/ros2_ws/src/my_package -DAMENT_CMAKE_SYMLINK_INSTALL=1 -DCMAKE_INSTALL_PREFIX=/root/rosdir/ros2_ws/install/my_package
[0.775s] -- Found ament_cmake: 1.3.2 (/opt/ros/humble/share/ament_cmake/cmake)
[2.008s] -- Override CMake install command with custom implementation using symlinks instead of copying resources
[2.293s] -- Found ament_lint_auto: 0.12.4 (/opt/ros/humble/share/ament_lint_auto/cmake)
[3.021s] -- Added test 'cppcheck' to perform static code analysis on C / C++ code
[3.032s] -- Configured cppcheck include dirs: $<BUILD_INTERFACE:/root/rosdir/ros2_ws/src/my_package/include>
[3.048s] -- Configured cppcheck exclude dirs and/or files: 
[3.055s] -- Added test 'lint_cmake' to check CMake code style
[3.080s] -- Added test 'uncrustify' to check C / C++ code style
[3.114s] -- Configured uncrustify additional arguments: 
[3.124s] -- Added test 'xmllint' to check XML markup files
[3.301s] -- Configuring done
[4.166s] -- Generating done
[4.316s] -- Build files have been written to: /root/rosdir/ros2_ws/build/my_package
[4.326s] Invoked command in '/root/rosdir/ros2_ws/build/my_package' returned '0': CMAKE_PREFIX_PATH=${CMAKE_PREFIX_PATH}:/opt/ros/humble /usr/bin/cmake /root/rosdir/ros2_ws/src/my_package -DAMENT_CMAKE_SYMLINK_INSTALL=1 -DCMAKE_INSTALL_PREFIX=/root/rosdir/ros2_ws/install/my_package
[4.346s] Invoking command in '/root/rosdir/ros2_ws/build/my_package': CMAKE_PREFIX_PATH=${CMAKE_PREFIX_PATH}:/opt/ros/humble /usr/bin/cmake --build /root/rosdir/ros2_ws/build/my_package -- -j2 -l2
[5.557s] [35m[1mConsolidate compiler generated dependencies of target my_node[0m
[6.048s] [100%] Built target my_node
[6.337s] Invoked command in '/root/rosdir/ros2_ws/build/my_package' returned '0': CMAKE_PREFIX_PATH=${CMAKE_PREFIX_PATH}:/opt/ros/humble /usr/bin/cmake --build /root/rosdir/ros2_ws/build/my_package -- -j2 -l2
[7.400s] Invoking command in '/root/rosdir/ros2_ws/build/my_package': CMAKE_PREFIX_PATH=${CMAKE_PREFIX_PATH}:/opt/ros/humble /usr/bin/cmake --install /root/rosdir/ros2_ws/build/my_package
[7.604s] -- Install configuration: ""
[7.622s] -- Execute custom install script
[7.640s] -- Symlinking: /root/rosdir/ros2_ws/install/my_package/lib/my_package/my_node
[7.955s] -- Symlinking: /root/rosdir/ros2_ws/install/my_package/share/ament_index/resource_index/package_run_dependencies/my_package
[8.190s] -- Symlinking: /root/rosdir/ros2_ws/install/my_package/share/ament_index/resource_index/parent_prefix_path/my_package
[8.368s] -- Symlinking: /root/rosdir/ros2_ws/install/my_package/share/my_package/environment/ament_prefix_path.sh
[8.626s] -- Symlinking: /root/rosdir/ros2_ws/install/my_package/share/my_package/environment/ament_prefix_path.dsv
[8.904s] -- Symlinking: /root/rosdir/ros2_ws/install/my_package/share/my_package/environment/path.sh
[9.128s] -- Symlinking: /root/rosdir/ros2_ws/install/my_package/share/my_package/environment/path.dsv
[9.396s] -- Symlinking: /root/rosdir/ros2_ws/install/my_package/share/my_package/local_setup.bash
[9.626s] -- Symlinking: /root/rosdir/ros2_ws/install/my_package/share/my_package/local_setup.sh
[9.872s] -- Symlinking: /root/rosdir/ros2_ws/install/my_package/share/my_package/local_setup.zsh
[10.075s] -- Symlinking: /root/rosdir/ros2_ws/install/my_package/share/my_package/local_setup.dsv
[10.302s] -- Symlinking: /root/rosdir/ros2_ws/install/my_package/share/my_package/package.dsv
[10.468s] -- Symlinking: /root/rosdir/ros2_ws/install/my_package/share/ament_index/resource_index/packages/my_package
[10.652s] -- Symlinking: /root/rosdir/ros2_ws/install/my_package/share/my_package/cmake/my_packageConfig.cmake
[10.858s] -- Symlinking: /root/rosdir/ros2_ws/install/my_package/share/my_package/cmake/my_packageConfig-version.cmake
[11.027s] -- Symlinking: /root/rosdir/ros2_ws/install/my_package/share/my_package/package.xml
[11.522s] Invoked command in '/root/rosdir/ros2_ws/build/my_package' returned '0': CMAKE_PREFIX_PATH=${CMAKE_PREFIX_PATH}:/opt/ros/humble /usr/bin/cmake --install /root/rosdir/ros2_ws/build/my_package
