[0.217s] Invoking command in '/root/rosdir/ros2_ws/build/rover_descrip': CMAKE_PREFIX_PATH=${CMAKE_PREFIX_PATH}:/opt/ros/humble /usr/bin/cmake /root/rosdir/ros2_ws/src/rover_descrip -DCMAKE_INSTALL_PREFIX=/root/rosdir/ros2_ws/install/rover_descrip
[1.137s] -- The C compiler identification is GNU 11.2.0
[1.684s] -- The CXX compiler identification is GNU 11.2.0
[1.791s] -- Detecting C compiler ABI info
[3.152s] -- Detecting C compiler ABI info - done
[3.216s] -- Check for working C compiler: /usr/bin/cc - skipped
[3.222s] -- Detecting C compile features
[3.229s] -- Detecting C compile features - done
[3.270s] -- Detecting CXX compiler ABI info
[4.309s] -- Detecting CXX compiler ABI info - done
[4.378s] -- Check for working CXX compiler: /usr/bin/c++ - skipped
[4.392s] -- Detecting CXX compile features
[4.406s] -- Detecting CXX compile features - done
[4.484s] -- Found ament_cmake: 1.3.2 (/opt/ros/humble/share/ament_cmake/cmake)
[4.900s] -- Found Python3: /usr/bin/python3.10 (found version "3.10.4") found components: Interpreter 
[5.379s] -- Found ament_lint_auto: 0.12.4 (/opt/ros/humble/share/ament_lint_auto/cmake)
[6.218s] -- Added test 'lint_cmake' to check CMake code style
[6.264s] -- Added test 'xmllint' to check XML markup files
[6.593s] -- Configuring done
[7.195s] -- Generating done
[7.340s] -- Build files have been written to: /root/rosdir/ros2_ws/build/rover_descrip
[7.350s] Invoked command in '/root/rosdir/ros2_ws/build/rover_descrip' returned '0': CMAKE_PREFIX_PATH=${CMAKE_PREFIX_PATH}:/opt/ros/humble /usr/bin/cmake /root/rosdir/ros2_ws/src/rover_descrip -DCMAKE_INSTALL_PREFIX=/root/rosdir/ros2_ws/install/rover_descrip
[7.366s] Invoking command in '/root/rosdir/ros2_ws/build/rover_descrip': CMAKE_PREFIX_PATH=${CMAKE_PREFIX_PATH}:/opt/ros/humble /usr/bin/cmake --build /root/rosdir/ros2_ws/build/rover_descrip -- -j2 -l2
[7.555s] Invoked command in '/root/rosdir/ros2_ws/build/rover_descrip' returned '0': CMAKE_PREFIX_PATH=${CMAKE_PREFIX_PATH}:/opt/ros/humble /usr/bin/cmake --build /root/rosdir/ros2_ws/build/rover_descrip -- -j2 -l2
[7.722s] Invoking command in '/root/rosdir/ros2_ws/build/rover_descrip': CMAKE_PREFIX_PATH=${CMAKE_PREFIX_PATH}:/opt/ros/humble /usr/bin/cmake --install /root/rosdir/ros2_ws/build/rover_descrip
[7.755s] -- Install configuration: ""
[7.813s] -- Installing: /root/rosdir/ros2_ws/install/rover_descrip/share/ament_index/resource_index/package_run_dependencies/rover_descrip
[7.863s] -- Installing: /root/rosdir/ros2_ws/install/rover_descrip/share/ament_index/resource_index/parent_prefix_path/rover_descrip
[7.913s] -- Installing: /root/rosdir/ros2_ws/install/rover_descrip/share/rover_descrip/environment/ament_prefix_path.sh
[8.020s] -- Installing: /root/rosdir/ros2_ws/install/rover_descrip/share/rover_descrip/environment/ament_prefix_path.dsv
[8.098s] -- Installing: /root/rosdir/ros2_ws/install/rover_descrip/share/rover_descrip/environment/path.sh
[8.152s] -- Installing: /root/rosdir/ros2_ws/install/rover_descrip/share/rover_descrip/environment/path.dsv
[8.257s] -- Installing: /root/rosdir/ros2_ws/install/rover_descrip/share/rover_descrip/local_setup.bash
[8.314s] -- Installing: /root/rosdir/ros2_ws/install/rover_descrip/share/rover_descrip/local_setup.sh
[8.425s] -- Installing: /root/rosdir/ros2_ws/install/rover_descrip/share/rover_descrip/local_setup.zsh
[8.525s] -- Installing: /root/rosdir/ros2_ws/install/rover_descrip/share/rover_descrip/local_setup.dsv
[8.567s] -- Installing: /root/rosdir/ros2_ws/install/rover_descrip/share/rover_descrip/package.dsv
[8.626s] -- Installing: /root/rosdir/ros2_ws/install/rover_descrip/share/ament_index/resource_index/packages/rover_descrip
[8.687s] -- Installing: /root/rosdir/ros2_ws/install/rover_descrip/share/rover_descrip/cmake/rover_descripConfig.cmake
[8.724s] -- Installing: /root/rosdir/ros2_ws/install/rover_descrip/share/rover_descrip/cmake/rover_descripConfig-version.cmake
[8.797s] -- Installing: /root/rosdir/ros2_ws/install/rover_descrip/share/rover_descrip/package.xml
[8.867s] Invoked command in '/root/rosdir/ros2_ws/build/rover_descrip' returned '0': CMAKE_PREFIX_PATH=${CMAKE_PREFIX_PATH}:/opt/ros/humble /usr/bin/cmake --install /root/rosdir/ros2_ws/build/rover_descrip
