[0.177s] Invoking command in '/root/rosdir/ros2_ws/build/urdf_tutorial': /usr/bin/cmake /root/rosdir/ros2_ws/src/urdf_tutorial -DCATKIN_INSTALL_INTO_PREFIX_ROOT=0 -DCMAKE_INSTALL_PREFIX=/root/rosdir/ros2_ws/install/urdf_tutorial
[0.433s] [31mCMake Error at CMakeLists.txt:4 (find_package):
[0.439s]   By not providing "Findcatkin.cmake" in CMAKE_MODULE_PATH this project has
[0.446s]   asked CMake to find a package configuration file provided by "catkin", but
[0.452s]   CMake did not find one.
[0.459s] 
[0.468s]   Could not find a package configuration file provided by "catkin" with any
[0.491s]   of the following names:
[0.501s] 
[0.517s]     catkinConfig.cmake
[0.528s]     catkin-config.cmake
[0.540s] 
[0.548s]   Add the installation prefix of "catkin" to CMAKE_PREFIX_PATH or set
[0.557s]   "catkin_DIR" to a directory containing one of the above files.  If "catkin"
[0.569s]   provides a separate development package or SDK, be sure it has been
[0.579s]   installed.
[0.587s] 
[0.593s] [0m
[0.601s] -- Configuring incomplete, errors occurred!
[0.607s] See also "/root/rosdir/ros2_ws/build/urdf_tutorial/CMakeFiles/CMakeOutput.log".
[0.613s] Invoked command in '/root/rosdir/ros2_ws/build/urdf_tutorial' returned '1': /usr/bin/cmake /root/rosdir/ros2_ws/src/urdf_tutorial -DCATKIN_INSTALL_INTO_PREFIX_ROOT=0 -DCMAKE_INSTALL_PREFIX=/root/rosdir/ros2_ws/install/urdf_tutorial
